{"/home/karthick.v/React Phase 2 Project/vite-project/src/main.tsx": {"path":"/home/karthick.v/React Phase 2 Project/vite-project/src/main.tsx","statementMap":{"0":{"start":{"line":1,"column":0},"end":{"line":1,"column":46}},"1":{"start":{"line":2,"column":0},"end":{"line":2,"column":21}},"2":{"start":{"line":3,"column":0},"end":{"line":3,"column":71}},"3":{"start":{"line":4,"column":0},"end":{"line":4,"column":43}},"4":{"start":{"line":5,"column":0},"end":{"line":5,"column":45}},"5":{"start":{"line":6,"column":0},"end":{"line":6,"column":41}},"6":{"start":{"line":7,"column":0},"end":{"line":7,"column":56}},"7":{"start":{"line":8,"column":0},"end":{"line":8,"column":39}},"8":{"start":{"line":9,"column":0},"end":{"line":9,"column":47}},"9":{"start":{"line":10,"column":0},"end":{"line":10,"column":62}},"10":{"start":{"line":11,"column":0},"end":{"line":11,"column":62}},"11":{"start":{"line":12,"column":0},"end":{"line":12,"column":62}},"12":{"start":{"line":13,"column":0},"end":{"line":13,"column":56}},"13":{"start":{"line":14,"column":0},"end":{"line":14,"column":59}},"14":{"start":{"line":15,"column":0},"end":{"line":15,"column":79}},"15":{"start":{"line":16,"column":0},"end":{"line":16,"column":91}},"16":{"start":{"line":17,"column":0},"end":{"line":17,"column":65}},"17":{"start":{"line":19,"column":13},"end":{"line":42,"column":3}},"18":{"start":{"line":44,"column":15},"end":{"line":84,"column":2}},"19":{"start":{"line":86,"column":0},"end":{"line":92,"column":2}}},"fnMap":{},"branchMap":{},"s":{"0":0,"1":0,"2":0,"3":0,"4":0,"5":0,"6":0,"7":0,"8":0,"9":0,"10":0,"11":0,"12":0,"13":0,"14":0,"15":0,"16":0,"17":0,"18":0,"19":0},"f":{},"b":{}}
,"/home/karthick.v/React Phase 2 Project/vite-project/src/components/AddPostDialog/AddPostDialog.tsx": {"path":"/home/karthick.v/React Phase 2 Project/vite-project/src/components/AddPostDialog/AddPostDialog.tsx","statementMap":{"0":{"start":{"line":1,"column":0},"end":{"line":1,"column":51}},"1":{"start":{"line":2,"column":0},"end":{"line":2,"column":null}},"2":{"start":{"line":12,"column":0},"end":{"line":12,"column":62}},"3":{"start":{"line":13,"column":0},"end":{"line":13,"column":55}},"4":{"start":{"line":15,"column":0},"end":{"line":15,"column":72}},"5":{"start":{"line":23,"column":52},"end":{"line":124,"column":1}},"6":{"start":{"line":28,"column":19},"end":{"line":28,"column":32}},"7":{"start":{"line":30,"column":28},"end":{"line":30,"column":40}},"8":{"start":{"line":31,"column":26},"end":{"line":31,"column":38}},"9":{"start":{"line":32,"column":44},"end":{"line":32,"column":66}},"10":{"start":{"line":33,"column":42},"end":{"line":33,"column":64}},"11":{"start":{"line":35,"column":22},"end":{"line":35,"column":67}},"12":{"start":{"line":35,"column":56},"end":{"line":35,"column":66}},"13":{"start":{"line":37,"column":2},"end":{"line":43,"column":13}},"14":{"start":{"line":38,"column":4},"end":{"line":42,"column":5}},"15":{"start":{"line":39,"column":6},"end":{"line":41,"column":72}},"16":{"start":{"line":40,"column":23},"end":{"line":40,"column":49}},"17":{"start":{"line":41,"column":26},"end":{"line":41,"column":70}},"18":{"start":{"line":45,"column":23},"end":{"line":60,"column":3}},"19":{"start":{"line":46,"column":4},"end":{"line":59,"column":5}},"20":{"start":{"line":47,"column":22},"end":{"line":55,"column":8}},"21":{"start":{"line":56,"column":6},"end":{"line":56,"column":47}},"22":{"start":{"line":57,"column":6},"end":{"line":57,"column":50}},"23":{"start":{"line":58,"column":6},"end":{"line":58,"column":20}},"24":{"start":{"line":62,"column":22},"end":{"line":67,"column":3}},"25":{"start":{"line":63,"column":4},"end":{"line":63,"column":17}},"26":{"start":{"line":64,"column":4},"end":{"line":64,"column":16}},"27":{"start":{"line":65,"column":4},"end":{"line":65,"column":24}},"28":{"start":{"line":66,"column":4},"end":{"line":66,"column":14}},"29":{"start":{"line":69,"column":2},"end":{"line":123,"column":4}},"30":{"start":{"line":79,"column":29},"end":{"line":79,"column":53}},"31":{"start":{"line":89,"column":29},"end":{"line":89,"column":52}},"32":{"start":{"line":96,"column":40},"end":{"line":96,"column":62}},"33":{"start":{"line":98,"column":14},"end":{"line":103,"column":null}},"34":{"start":{"line":126,"column":0},"end":{"line":126,"column":29}}},"fnMap":{"0":{"name":"(anonymous_0)","decl":{"start":{"line":23,"column":52},"end":{"line":23,"column":53}},"loc":{"start":{"line":27,"column":5},"end":{"line":124,"column":1}}},"1":{"name":"(anonymous_1)","decl":{"start":{"line":35,"column":34},"end":{"line":35,"column":35}},"loc":{"start":{"line":35,"column":56},"end":{"line":35,"column":66}}},"2":{"name":"(anonymous_2)","decl":{"start":{"line":37,"column":12},"end":{"line":37,"column":15}},"loc":{"start":{"line":37,"column":17},"end":{"line":43,"column":3}}},"3":{"name":"(anonymous_3)","decl":{"start":{"line":40,"column":14},"end":{"line":40,"column":15}},"loc":{"start":{"line":40,"column":23},"end":{"line":40,"column":49}}},"4":{"name":"(anonymous_4)","decl":{"start":{"line":41,"column":15},"end":{"line":41,"column":16}},"loc":{"start":{"line":41,"column":26},"end":{"line":41,"column":70}}},"5":{"name":"(anonymous_5)","decl":{"start":{"line":45,"column":23},"end":{"line":45,"column":26}},"loc":{"start":{"line":45,"column":28},"end":{"line":60,"column":3}}},"6":{"name":"(anonymous_6)","decl":{"start":{"line":62,"column":22},"end":{"line":62,"column":25}},"loc":{"start":{"line":62,"column":27},"end":{"line":67,"column":3}}},"7":{"name":"(anonymous_7)","decl":{"start":{"line":79,"column":22},"end":{"line":79,"column":23}},"loc":{"start":{"line":79,"column":29},"end":{"line":79,"column":53}}},"8":{"name":"(anonymous_8)","decl":{"start":{"line":89,"column":22},"end":{"line":89,"column":23}},"loc":{"start":{"line":89,"column":29},"end":{"line":89,"column":52}}},"9":{"name":"(anonymous_9)","decl":{"start":{"line":96,"column":22},"end":{"line":96,"column":23}},"loc":{"start":{"line":96,"column":40},"end":{"line":96,"column":62}}},"10":{"name":"(anonymous_10)","decl":{"start":{"line":97,"column":25},"end":{"line":97,"column":26}},"loc":{"start":{"line":98,"column":14},"end":{"line":103,"column":null}}}},"branchMap":{"0":{"loc":{"start":{"line":38,"column":4},"end":{"line":42,"column":5}},"type":"if","locations":[{"start":{"line":38,"column":4},"end":{"line":42,"column":5}},{"start":{},"end":{}}]},"1":{"loc":{"start":{"line":46,"column":4},"end":{"line":59,"column":5}},"type":"if","locations":[{"start":{"line":46,"column":4},"end":{"line":59,"column":5}},{"start":{},"end":{}}]},"2":{"loc":{"start":{"line":46,"column":8},"end":{"line":46,"column":35}},"type":"binary-expr","locations":[{"start":{"line":46,"column":8},"end":{"line":46,"column":20}},{"start":{"line":46,"column":24},"end":{"line":46,"column":35}}]}},"s":{"0":1,"1":1,"2":1,"3":1,"4":1,"5":1,"6":190,"7":190,"8":190,"9":190,"10":190,"11":190,"12":205,"13":190,"14":15,"15":14,"16":12,"17":2,"18":190,"19":7,"20":4,"21":4,"22":4,"23":4,"24":190,"25":5,"26":5,"27":5,"28":5,"29":190,"30":73,"31":83,"32":3,"33":226,"34":1},"f":{"0":190,"1":205,"2":15,"3":12,"4":2,"5":7,"6":5,"7":73,"8":83,"9":3,"10":226},"b":{"0":[14,1],"1":[4,3],"2":[7,5]}}
,"/home/karthick.v/React Phase 2 Project/vite-project/src/components/ApiError/ApiError.tsx": {"path":"/home/karthick.v/React Phase 2 Project/vite-project/src/components/ApiError/ApiError.tsx","statementMap":{"0":{"start":{"line":2,"column":0},"end":{"line":2,"column":56}},"1":{"start":{"line":3,"column":0},"end":{"line":3,"column":64}},"2":{"start":{"line":4,"column":0},"end":{"line":4,"column":59}},"3":{"start":{"line":5,"column":0},"end":{"line":5,"column":42}},"4":{"start":{"line":6,"column":0},"end":{"line":6,"column":62}},"5":{"start":{"line":8,"column":27},"end":{"line":50,"column":1}},"6":{"start":{"line":9,"column":19},"end":{"line":9,"column":32}},"7":{"start":{"line":10,"column":24},"end":{"line":13,"column":3}},"8":{"start":{"line":11,"column":4},"end":{"line":11,"column":33}},"9":{"start":{"line":12,"column":4},"end":{"line":12,"column":29}},"10":{"start":{"line":15,"column":2},"end":{"line":49,"column":4}},"11":{"start":{"line":52,"column":0},"end":{"line":52,"column":24}}},"fnMap":{"0":{"name":"(anonymous_1)","decl":{"start":{"line":8,"column":27},"end":{"line":8,"column":30}},"loc":{"start":{"line":8,"column":32},"end":{"line":50,"column":1}}},"1":{"name":"(anonymous_2)","decl":{"start":{"line":10,"column":24},"end":{"line":10,"column":27}},"loc":{"start":{"line":10,"column":29},"end":{"line":13,"column":3}}}},"branchMap":{},"s":{"0":0,"1":0,"2":0,"3":0,"4":0,"5":0,"6":0,"7":0,"8":0,"9":0,"10":0,"11":0},"f":{"0":0,"1":0},"b":{}}
,"/home/karthick.v/React Phase 2 Project/vite-project/src/components/AuthImage/AuthImage.tsx": {"path":"/home/karthick.v/React Phase 2 Project/vite-project/src/components/AuthImage/AuthImage.tsx","statementMap":{"0":{"start":{"line":1,"column":0},"end":{"line":1,"column":36}},"1":{"start":{"line":2,"column":0},"end":{"line":2,"column":63}},"2":{"start":{"line":4,"column":18},"end":{"line":17,"column":1}},"3":{"start":{"line":5,"column":2},"end":{"line":16,"column":4}},"4":{"start":{"line":19,"column":0},"end":{"line":19,"column":25}}},"fnMap":{"0":{"name":"(anonymous_1)","decl":{"start":{"line":4,"column":18},"end":{"line":4,"column":21}},"loc":{"start":{"line":4,"column":23},"end":{"line":17,"column":1}}}},"branchMap":{},"s":{"0":0,"1":0,"2":0,"3":0,"4":0},"f":{"0":0},"b":{}}
,"/home/karthick.v/React Phase 2 Project/vite-project/src/components/AuthProtectedRoutes/AuthProtectedRoutes.tsx": {"path":"/home/karthick.v/React Phase 2 Project/vite-project/src/components/AuthProtectedRoutes/AuthProtectedRoutes.tsx","statementMap":{"0":{"start":{"line":3,"column":0},"end":{"line":3,"column":42}},"1":{"start":{"line":4,"column":0},"end":{"line":4,"column":44}},"2":{"start":{"line":10,"column":60},"end":{"line":18,"column":1}},"3":{"start":{"line":11,"column":22},"end":{"line":11,"column":67}},"4":{"start":{"line":11,"column":56},"end":{"line":11,"column":66}},"5":{"start":{"line":12,"column":26},"end":{"line":12,"column":45}},"6":{"start":{"line":13,"column":2},"end":{"line":17,"column":3}},"7":{"start":{"line":14,"column":4},"end":{"line":14,"column":20}},"8":{"start":{"line":16,"column":4},"end":{"line":16,"column":35}},"9":{"start":{"line":20,"column":0},"end":{"line":20,"column":35}}},"fnMap":{"0":{"name":"(anonymous_0)","decl":{"start":{"line":10,"column":60},"end":{"line":10,"column":61}},"loc":{"start":{"line":10,"column":77},"end":{"line":18,"column":1}}},"1":{"name":"(anonymous_1)","decl":{"start":{"line":11,"column":34},"end":{"line":11,"column":35}},"loc":{"start":{"line":11,"column":56},"end":{"line":11,"column":66}}}},"branchMap":{"0":{"loc":{"start":{"line":13,"column":2},"end":{"line":17,"column":3}},"type":"if","locations":[{"start":{"line":13,"column":2},"end":{"line":17,"column":3}},{"start":{"line":15,"column":9},"end":{"line":17,"column":3}}]}},"s":{"0":0,"1":0,"2":0,"3":0,"4":0,"5":0,"6":0,"7":0,"8":0,"9":0},"f":{"0":0,"1":0},"b":{"0":[0,0]}}
,"/home/karthick.v/React Phase 2 Project/vite-project/src/components/EditProfileDialog/EditProfileDialog.tsx": {"path":"/home/karthick.v/React Phase 2 Project/vite-project/src/components/EditProfileDialog/EditProfileDialog.tsx","statementMap":{"0":{"start":{"line":1,"column":0},"end":{"line":1,"column":49}},"1":{"start":{"line":2,"column":0},"end":{"line":2,"column":null}},"2":{"start":{"line":11,"column":0},"end":{"line":11,"column":42}},"3":{"start":{"line":12,"column":0},"end":{"line":12,"column":72}},"4":{"start":{"line":40,"column":60},"end":{"line":198,"column":1}},"5":{"start":{"line":45,"column":19},"end":{"line":45,"column":32}},"6":{"start":{"line":46,"column":34},"end":{"line":46,"column":55}},"7":{"start":{"line":48,"column":23},"end":{"line":62,"column":3}},"8":{"start":{"line":49,"column":28},"end":{"line":49,"column":36}},"9":{"start":{"line":51,"column":4},"end":{"line":61,"column":5}},"10":{"start":{"line":52,"column":6},"end":{"line":58,"column":10}},"11":{"start":{"line":52,"column":29},"end":{"line":58,"column":8}},"12":{"start":{"line":60,"column":6},"end":{"line":60,"column":58}},"13":{"start":{"line":60,"column":29},"end":{"line":60,"column":55}},"14":{"start":{"line":64,"column":22},"end":{"line":74,"column":16}},"15":{"start":{"line":65,"column":4},"end":{"line":73,"column":6}},"16":{"start":{"line":76,"column":23},"end":{"line":91,"column":3}},"17":{"start":{"line":77,"column":4},"end":{"line":89,"column":6}},"18":{"start":{"line":90,"column":4},"end":{"line":90,"column":14}},"19":{"start":{"line":93,"column":2},"end":{"line":197,"column":4}},"20":{"start":{"line":200,"column":0},"end":{"line":200,"column":33}}},"fnMap":{"0":{"name":"(anonymous_0)","decl":{"start":{"line":40,"column":60},"end":{"line":40,"column":61}},"loc":{"start":{"line":44,"column":5},"end":{"line":198,"column":1}}},"1":{"name":"(anonymous_1)","decl":{"start":{"line":48,"column":23},"end":{"line":48,"column":24}},"loc":{"start":{"line":48,"column":66},"end":{"line":62,"column":3}}},"2":{"name":"(anonymous_2)","decl":{"start":{"line":52,"column":18},"end":{"line":52,"column":19}},"loc":{"start":{"line":52,"column":29},"end":{"line":58,"column":8}}},"3":{"name":"(anonymous_3)","decl":{"start":{"line":60,"column":18},"end":{"line":60,"column":19}},"loc":{"start":{"line":60,"column":29},"end":{"line":60,"column":55}}},"4":{"name":"(anonymous_4)","decl":{"start":{"line":64,"column":30},"end":{"line":64,"column":33}},"loc":{"start":{"line":64,"column":35},"end":{"line":74,"column":3}}},"5":{"name":"(anonymous_5)","decl":{"start":{"line":76,"column":23},"end":{"line":76,"column":26}},"loc":{"start":{"line":76,"column":28},"end":{"line":91,"column":3}}}},"branchMap":{"0":{"loc":{"start":{"line":51,"column":4},"end":{"line":61,"column":5}},"type":"if","locations":[{"start":{"line":51,"column":4},"end":{"line":61,"column":5}},{"start":{"line":59,"column":11},"end":{"line":61,"column":5}}]},"1":{"loc":{"start":{"line":51,"column":8},"end":{"line":51,"column":57}},"type":"binary-expr","locations":[{"start":{"line":51,"column":8},"end":{"line":51,"column":30}},{"start":{"line":51,"column":34},"end":{"line":51,"column":57}}]},"2":{"loc":{"start":{"line":56,"column":11},"end":{"line":56,"column":52}},"type":"cond-expr","locations":[{"start":{"line":56,"column":36},"end":{"line":56,"column":42}},{"start":{"line":56,"column":45},"end":{"line":56,"column":52}}]},"3":{"loc":{"start":{"line":66,"column":6},"end":{"line":72,"column":42}},"type":"binary-expr","locations":[{"start":{"line":66,"column":6},"end":{"line":66,"column":38}},{"start":{"line":67,"column":6},"end":{"line":67,"column":37}},{"start":{"line":68,"column":6},"end":{"line":68,"column":34}},{"start":{"line":69,"column":6},"end":{"line":69,"column":34}},{"start":{"line":70,"column":6},"end":{"line":70,"column":35}},{"start":{"line":71,"column":6},"end":{"line":71,"column":41}},{"start":{"line":72,"column":6},"end":{"line":72,"column":42}}]}},"s":{"0":1,"1":1,"2":1,"3":1,"4":1,"5":253,"6":253,"7":253,"8":221,"9":221,"10":97,"11":97,"12":124,"13":124,"14":253,"15":253,"16":253,"17":5,"18":5,"19":253,"20":1},"f":{"0":253,"1":221,"2":97,"3":124,"4":253,"5":5},"b":{"0":[97,124],"1":[221,160],"2":[61,36],"3":[253,242,238,236,233,231,226]}}
,"/home/karthick.v/React Phase 2 Project/vite-project/src/components/MuiComponents/FormInput.tsx": {"path":"/home/karthick.v/React Phase 2 Project/vite-project/src/components/MuiComponents/FormInput.tsx","statementMap":{"0":{"start":{"line":1,"column":0},"end":{"line":1,"column":63}},"1":{"start":{"line":5,"column":18},"end":{"line":7,"column":1}},"2":{"start":{"line":6,"column":2},"end":{"line":6,"column":63}},"3":{"start":{"line":9,"column":0},"end":{"line":9,"column":25}}},"fnMap":{"0":{"name":"(anonymous_0)","decl":{"start":{"line":5,"column":18},"end":{"line":5,"column":19}},"loc":{"start":{"line":5,"column":44},"end":{"line":7,"column":1}}}},"branchMap":{},"s":{"0":0,"1":0,"2":0,"3":0},"f":{"0":0},"b":{}}
,"/home/karthick.v/React Phase 2 Project/vite-project/src/components/Navbar/Navbar.tsx": {"path":"/home/karthick.v/React Phase 2 Project/vite-project/src/components/Navbar/Navbar.tsx","statementMap":{"0":{"start":{"line":1,"column":0},"end":{"line":1,"column":null}},"1":{"start":{"line":13,"column":0},"end":{"line":13,"column":null}},"2":{"start":{"line":21,"column":0},"end":{"line":21,"column":69}},"3":{"start":{"line":22,"column":0},"end":{"line":22,"column":48}},"4":{"start":{"line":23,"column":0},"end":{"line":23,"column":42}},"5":{"start":{"line":24,"column":0},"end":{"line":24,"column":61}},"6":{"start":{"line":26,"column":17},"end":{"line":46,"column":2}},"7":{"start":{"line":48,"column":15},"end":{"line":246,"column":1}},"8":{"start":{"line":49,"column":19},"end":{"line":49,"column":32}},"9":{"start":{"line":50,"column":19},"end":{"line":50,"column":32}},"10":{"start":{"line":51,"column":19},"end":{"line":51,"column":32}},"11":{"start":{"line":52,"column":16},"end":{"line":52,"column":26}},"12":{"start":{"line":53,"column":17},"end":{"line":53,"column":52}},"13":{"start":{"line":54,"column":17},"end":{"line":54,"column":75}},"14":{"start":{"line":57,"column":23},"end":{"line":60,"column":3}},"15":{"start":{"line":58,"column":4},"end":{"line":58,"column":27}},"16":{"start":{"line":59,"column":4},"end":{"line":59,"column":18}},"17":{"start":{"line":62,"column":22},"end":{"line":62,"column":78}},"18":{"start":{"line":62,"column":46},"end":{"line":62,"column":78}},"19":{"start":{"line":64,"column":2},"end":{"line":113,"column":3}},"20":{"start":{"line":65,"column":4},"end":{"line":112,"column":6}},"21":{"start":{"line":84,"column":12},"end":{"line":85,"column":null}},"22":{"start":{"line":115,"column":2},"end":{"line":163,"column":3}},"23":{"start":{"line":116,"column":4},"end":{"line":162,"column":6}},"24":{"start":{"line":132,"column":10},"end":{"line":133,"column":null}},"25":{"start":{"line":165,"column":2},"end":{"line":245,"column":4}},"26":{"start":{"line":194,"column":27},"end":{"line":194,"column":49}},"27":{"start":{"line":195,"column":12},"end":{"line":220,"column":14}},"28":{"start":{"line":248,"column":0},"end":{"line":248,"column":22}}},"fnMap":{"0":{"name":"(anonymous_0)","decl":{"start":{"line":48,"column":15},"end":{"line":48,"column":18}},"loc":{"start":{"line":48,"column":20},"end":{"line":246,"column":1}}},"1":{"name":"(anonymous_1)","decl":{"start":{"line":57,"column":23},"end":{"line":57,"column":26}},"loc":{"start":{"line":57,"column":28},"end":{"line":60,"column":3}}},"2":{"name":"(anonymous_2)","decl":{"start":{"line":62,"column":22},"end":{"line":62,"column":23}},"loc":{"start":{"line":62,"column":46},"end":{"line":62,"column":78}}},"3":{"name":"(anonymous_3)","decl":{"start":{"line":83,"column":24},"end":{"line":83,"column":25}},"loc":{"start":{"line":84,"column":12},"end":{"line":85,"column":null}}},"4":{"name":"(anonymous_4)","decl":{"start":{"line":131,"column":22},"end":{"line":131,"column":23}},"loc":{"start":{"line":132,"column":10},"end":{"line":133,"column":null}}},"5":{"name":"(anonymous_5)","decl":{"start":{"line":193,"column":24},"end":{"line":193,"column":25}},"loc":{"start":{"line":193,"column":33},"end":{"line":221,"column":11}}}},"branchMap":{"0":{"loc":{"start":{"line":64,"column":2},"end":{"line":113,"column":3}},"type":"if","locations":[{"start":{"line":64,"column":2},"end":{"line":113,"column":3}},{"start":{},"end":{}}]},"1":{"loc":{"start":{"line":115,"column":2},"end":{"line":163,"column":3}},"type":"if","locations":[{"start":{"line":115,"column":2},"end":{"line":163,"column":3}},{"start":{},"end":{}}]},"2":{"loc":{"start":{"line":138,"column":21},"end":{"line":140,"column":46}},"type":"cond-expr","locations":[{"start":{"line":139,"column":18},"end":{"line":139,"column":45}},{"start":{"line":140,"column":18},"end":{"line":140,"column":46}}]},"3":{"loc":{"start":{"line":143,"column":31},"end":{"line":145,"column":31}},"type":"cond-expr","locations":[{"start":{"line":144,"column":18},"end":{"line":144,"column":52}},{"start":{"line":145,"column":18},"end":{"line":145,"column":31}}]},"4":{"loc":{"start":{"line":204,"column":27},"end":{"line":206,"column":52}},"type":"cond-expr","locations":[{"start":{"line":205,"column":24},"end":{"line":205,"column":58}},{"start":{"line":206,"column":24},"end":{"line":206,"column":52}}]},"5":{"loc":{"start":{"line":207,"column":29},"end":{"line":209,"column":37}},"type":"cond-expr","locations":[{"start":{"line":208,"column":24},"end":{"line":208,"column":51}},{"start":{"line":209,"column":24},"end":{"line":209,"column":37}}]}},"s":{"0":1,"1":1,"2":1,"3":1,"4":1,"5":1,"6":1,"7":1,"8":5,"9":5,"10":5,"11":5,"12":5,"13":5,"14":5,"15":1,"16":1,"17":5,"18":12,"19":5,"20":3,"21":12,"22":2,"23":1,"24":4,"25":1,"26":4,"27":4,"28":1},"f":{"0":5,"1":1,"2":12,"3":12,"4":4,"5":4},"b":{"0":[3,2],"1":[1,1],"2":[1,3],"3":[1,3],"4":[1,3],"5":[1,3]}}
,"/home/karthick.v/React Phase 2 Project/vite-project/src/components/NoPosts/NoPosts.tsx": {"path":"/home/karthick.v/React Phase 2 Project/vite-project/src/components/NoPosts/NoPosts.tsx","statementMap":{"0":{"start":{"line":2,"column":0},"end":{"line":2,"column":48}},"1":{"start":{"line":3,"column":0},"end":{"line":3,"column":53}},"2":{"start":{"line":5,"column":16},"end":{"line":25,"column":1}},"3":{"start":{"line":6,"column":2},"end":{"line":24,"column":4}},"4":{"start":{"line":27,"column":0},"end":{"line":27,"column":23}}},"fnMap":{"0":{"name":"(anonymous_1)","decl":{"start":{"line":5,"column":16},"end":{"line":5,"column":19}},"loc":{"start":{"line":5,"column":21},"end":{"line":25,"column":1}}}},"branchMap":{},"s":{"0":0,"1":0,"2":0,"3":0,"4":0},"f":{"0":0},"b":{}}
,"/home/karthick.v/React Phase 2 Project/vite-project/src/components/NoResults/NoResults.tsx": {"path":"/home/karthick.v/React Phase 2 Project/vite-project/src/components/NoResults/NoResults.tsx","statementMap":{"0":{"start":{"line":1,"column":0},"end":{"line":1,"column":48}},"1":{"start":{"line":2,"column":0},"end":{"line":2,"column":57}},"2":{"start":{"line":4,"column":18},"end":{"line":24,"column":1}},"3":{"start":{"line":5,"column":2},"end":{"line":23,"column":4}},"4":{"start":{"line":26,"column":0},"end":{"line":26,"column":25}}},"fnMap":{"0":{"name":"(anonymous_1)","decl":{"start":{"line":4,"column":18},"end":{"line":4,"column":19}},"loc":{"start":{"line":4,"column":55},"end":{"line":24,"column":1}}}},"branchMap":{},"s":{"0":0,"1":0,"2":0,"3":0,"4":0},"f":{"0":0},"b":{}}
,"/home/karthick.v/React Phase 2 Project/vite-project/src/components/PostCard/PostCard.tsx": {"path":"/home/karthick.v/React Phase 2 Project/vite-project/src/components/PostCard/PostCard.tsx","statementMap":{"0":{"start":{"line":2,"column":0},"end":{"line":2,"column":51}},"1":{"start":{"line":3,"column":0},"end":{"line":3,"column":null}},"2":{"start":{"line":14,"column":0},"end":{"line":14,"column":null}},"3":{"start":{"line":23,"column":0},"end":{"line":23,"column":40}},"4":{"start":{"line":24,"column":0},"end":{"line":24,"column":24}},"5":{"start":{"line":35,"column":42},"end":{"line":206,"column":1}},"6":{"start":{"line":43,"column":34},"end":{"line":43,"column":54}},"7":{"start":{"line":45,"column":2},"end":{"line":48,"column":16}},"8":{"start":{"line":46,"column":24},"end":{"line":46,"column":71}},"9":{"start":{"line":47,"column":4},"end":{"line":47,"column":29}},"10":{"start":{"line":50,"column":2},"end":{"line":205,"column":4}},"11":{"start":{"line":92,"column":29},"end":{"line":92,"column":57}},"12":{"start":{"line":104,"column":29},"end":{"line":104,"column":63}},"13":{"start":{"line":116,"column":29},"end":{"line":116,"column":50}},"14":{"start":{"line":180,"column":27},"end":{"line":180,"column":48}},"15":{"start":{"line":194,"column":14},"end":{"line":195,"column":null}},"16":{"start":{"line":208,"column":0},"end":{"line":208,"column":24}}},"fnMap":{"0":{"name":"(anonymous_0)","decl":{"start":{"line":35,"column":42},"end":{"line":35,"column":43}},"loc":{"start":{"line":42,"column":5},"end":{"line":206,"column":1}}},"1":{"name":"(anonymous_1)","decl":{"start":{"line":45,"column":12},"end":{"line":45,"column":15}},"loc":{"start":{"line":45,"column":17},"end":{"line":48,"column":3}}},"2":{"name":"(anonymous_2)","decl":{"start":{"line":92,"column":23},"end":{"line":92,"column":26}},"loc":{"start":{"line":92,"column":29},"end":{"line":92,"column":57}}},"3":{"name":"(anonymous_3)","decl":{"start":{"line":104,"column":23},"end":{"line":104,"column":26}},"loc":{"start":{"line":104,"column":29},"end":{"line":104,"column":63}}},"4":{"name":"(anonymous_4)","decl":{"start":{"line":116,"column":23},"end":{"line":116,"column":26}},"loc":{"start":{"line":116,"column":29},"end":{"line":116,"column":50}}},"5":{"name":"(anonymous_5)","decl":{"start":{"line":180,"column":21},"end":{"line":180,"column":24}},"loc":{"start":{"line":180,"column":27},"end":{"line":180,"column":48}}},"6":{"name":"(anonymous_6)","decl":{"start":{"line":193,"column":27},"end":{"line":193,"column":28}},"loc":{"start":{"line":194,"column":14},"end":{"line":195,"column":null}}}},"branchMap":{"0":{"loc":{"start":{"line":95,"column":15},"end":{"line":95,"column":61}},"type":"cond-expr","locations":[{"start":{"line":95,"column":22},"end":{"line":95,"column":36}},{"start":{"line":95,"column":39},"end":{"line":95,"column":61}}]},"1":{"loc":{"start":{"line":98,"column":39},"end":{"line":98,"column":51}},"type":"cond-expr","locations":[{"start":{"line":98,"column":46},"end":{"line":98,"column":47}},{"start":{"line":98,"column":50},"end":{"line":98,"column":51}}]},"2":{"loc":{"start":{"line":107,"column":15},"end":{"line":107,"column":68}},"type":"cond-expr","locations":[{"start":{"line":107,"column":25},"end":{"line":107,"column":41}},{"start":{"line":107,"column":44},"end":{"line":107,"column":68}}]},"3":{"loc":{"start":{"line":110,"column":42},"end":{"line":110,"column":57}},"type":"cond-expr","locations":[{"start":{"line":110,"column":52},"end":{"line":110,"column":53}},{"start":{"line":110,"column":56},"end":{"line":110,"column":57}}]}},"s":{"0":1,"1":1,"2":1,"3":1,"4":1,"5":1,"6":78,"7":78,"8":39,"9":39,"10":78,"11":3,"12":3,"13":2,"14":2,"15":228,"16":1},"f":{"0":78,"1":39,"2":3,"3":3,"4":2,"5":2,"6":228},"b":{"0":[8,70],"1":[8,70],"2":[8,70],"3":[8,70]}}
,"/home/karthick.v/React Phase 2 Project/vite-project/src/components/PostCardSmall/PostCardSmall.tsx": {"path":"/home/karthick.v/React Phase 2 Project/vite-project/src/components/PostCardSmall/PostCardSmall.tsx","statementMap":{"0":{"start":{"line":2,"column":0},"end":{"line":2,"column":67}},"1":{"start":{"line":11,"column":52},"end":{"line":74,"column":1}},"2":{"start":{"line":17,"column":19},"end":{"line":17,"column":59}},"3":{"start":{"line":19,"column":2},"end":{"line":73,"column":4}},"4":{"start":{"line":76,"column":0},"end":{"line":76,"column":29}}},"fnMap":{"0":{"name":"(anonymous_0)","decl":{"start":{"line":11,"column":52},"end":{"line":11,"column":53}},"loc":{"start":{"line":16,"column":5},"end":{"line":74,"column":1}}}},"branchMap":{"0":{"loc":{"start":{"line":54,"column":11},"end":{"line":54,"column":65}},"type":"cond-expr","locations":[{"start":{"line":54,"column":31},"end":{"line":54,"column":57}},{"start":{"line":54,"column":60},"end":{"line":54,"column":65}}]},"1":{"loc":{"start":{"line":61,"column":11},"end":{"line":61,"column":71}},"type":"cond-expr","locations":[{"start":{"line":61,"column":31},"end":{"line":61,"column":58}},{"start":{"line":61,"column":61},"end":{"line":61,"column":71}}]}},"s":{"0":1,"1":1,"2":38,"3":38,"4":1},"f":{"0":38},"b":{"0":[4,34],"1":[4,34]}}
,"/home/karthick.v/React Phase 2 Project/vite-project/src/components/PostCardSmallSkeleton/PostCardSmallSkeleton.tsx": {"path":"/home/karthick.v/React Phase 2 Project/vite-project/src/components/PostCardSmallSkeleton/PostCardSmallSkeleton.tsx","statementMap":{"0":{"start":{"line":2,"column":0},"end":{"line":2,"column":65}},"1":{"start":{"line":4,"column":40},"end":{"line":31,"column":1}},"2":{"start":{"line":5,"column":2},"end":{"line":30,"column":4}},"3":{"start":{"line":33,"column":0},"end":{"line":33,"column":37}}},"fnMap":{"0":{"name":"(anonymous_0)","decl":{"start":{"line":4,"column":40},"end":{"line":4,"column":43}},"loc":{"start":{"line":4,"column":45},"end":{"line":31,"column":1}}}},"branchMap":{},"s":{"0":0,"1":0,"2":0,"3":0},"f":{"0":0},"b":{}}
,"/home/karthick.v/React Phase 2 Project/vite-project/src/components/PostDialog/PostDialog.tsx": {"path":"/home/karthick.v/React Phase 2 Project/vite-project/src/components/PostDialog/PostDialog.tsx","statementMap":{"0":{"start":{"line":1,"column":0},"end":{"line":1,"column":51}},"1":{"start":{"line":2,"column":0},"end":{"line":2,"column":null}},"2":{"start":{"line":13,"column":0},"end":{"line":13,"column":50}},"3":{"start":{"line":15,"column":0},"end":{"line":15,"column":58}},"4":{"start":{"line":17,"column":0},"end":{"line":17,"column":55}},"5":{"start":{"line":18,"column":0},"end":{"line":18,"column":62}},"6":{"start":{"line":20,"column":0},"end":{"line":20,"column":76}},"7":{"start":{"line":21,"column":0},"end":{"line":21,"column":80}},"8":{"start":{"line":22,"column":0},"end":{"line":22,"column":64}},"9":{"start":{"line":23,"column":0},"end":{"line":23,"column":60}},"10":{"start":{"line":24,"column":0},"end":{"line":24,"column":76}},"11":{"start":{"line":25,"column":0},"end":{"line":25,"column":74}},"12":{"start":{"line":37,"column":46},"end":{"line":246,"column":1}},"13":{"start":{"line":46,"column":2},"end":{"line":46,"column":25}},"14":{"start":{"line":46,"column":13},"end":{"line":46,"column":25}},"15":{"start":{"line":48,"column":19},"end":{"line":48,"column":32}},"16":{"start":{"line":49,"column":42},"end":{"line":49,"column":54}},"17":{"start":{"line":50,"column":34},"end":{"line":50,"column":61}},"18":{"start":{"line":51,"column":24},"end":{"line":54,"column":3}},"19":{"start":{"line":52,"column":4},"end":{"line":52,"column":49}},"20":{"start":{"line":53,"column":4},"end":{"line":53,"column":24}},"21":{"start":{"line":55,"column":22},"end":{"line":55,"column":67}},"22":{"start":{"line":55,"column":56},"end":{"line":55,"column":66}},"23":{"start":{"line":56,"column":2},"end":{"line":58,"column":45}},"24":{"start":{"line":57,"column":4},"end":{"line":57,"column":20}},"25":{"start":{"line":59,"column":24},"end":{"line":97,"column":3}},"26":{"start":{"line":60,"column":4},"end":{"line":96,"column":5}},"27":{"start":{"line":61,"column":6},"end":{"line":93,"column":7}},"28":{"start":{"line":62,"column":25},"end":{"line":62,"column":55}},"29":{"start":{"line":63,"column":28},"end":{"line":64,"column":null}},"30":{"start":{"line":64,"column":36},"end":{"line":64,"column":43}},"31":{"start":{"line":66,"column":29},"end":{"line":76,"column":13}},"32":{"start":{"line":67,"column":35},"end":{"line":67,"column":65}},"33":{"start":{"line":68,"column":40},"end":{"line":76,"column":12}},"34":{"start":{"line":78,"column":33},"end":{"line":78,"column":66}},"35":{"start":{"line":79,"column":8},"end":{"line":79,"column":38}},"36":{"start":{"line":81,"column":29},"end":{"line":91,"column":13}},"37":{"start":{"line":82,"column":35},"end":{"line":82,"column":65}},"38":{"start":{"line":83,"column":40},"end":{"line":91,"column":12}},"39":{"start":{"line":92,"column":8},"end":{"line":92,"column":34}},"40":{"start":{"line":95,"column":6},"end":{"line":95,"column":25}},"41":{"start":{"line":99,"column":2},"end":{"line":245,"column":4}},"42":{"start":{"line":129,"column":14},"end":{"line":129,"column":34}},"43":{"start":{"line":144,"column":41},"end":{"line":144,"column":69}},"44":{"start":{"line":152,"column":41},"end":{"line":152,"column":75}},"45":{"start":{"line":211,"column":16},"end":{"line":211,"column":32}},"46":{"start":{"line":231,"column":16},"end":{"line":231,"column":47}},"47":{"start":{"line":248,"column":0},"end":{"line":248,"column":26}}},"fnMap":{"0":{"name":"(anonymous_1)","decl":{"start":{"line":37,"column":46},"end":{"line":37,"column":47}},"loc":{"start":{"line":45,"column":5},"end":{"line":246,"column":1}}},"1":{"name":"(anonymous_2)","decl":{"start":{"line":51,"column":24},"end":{"line":51,"column":27}},"loc":{"start":{"line":51,"column":29},"end":{"line":54,"column":3}}},"2":{"name":"(anonymous_3)","decl":{"start":{"line":55,"column":34},"end":{"line":55,"column":35}},"loc":{"start":{"line":55,"column":56},"end":{"line":55,"column":66}}},"3":{"name":"(anonymous_4)","decl":{"start":{"line":56,"column":12},"end":{"line":56,"column":15}},"loc":{"start":{"line":56,"column":17},"end":{"line":58,"column":3}}},"4":{"name":"(anonymous_5)","decl":{"start":{"line":59,"column":24},"end":{"line":59,"column":29}},"loc":{"start":{"line":59,"column":35},"end":{"line":97,"column":3}}},"5":{"name":"(anonymous_6)","decl":{"start":{"line":64,"column":10},"end":{"line":64,"column":11}},"loc":{"start":{"line":64,"column":36},"end":{"line":64,"column":43}}},"6":{"name":"(anonymous_7)","decl":{"start":{"line":67,"column":18},"end":{"line":67,"column":19}},"loc":{"start":{"line":67,"column":35},"end":{"line":67,"column":65}}},"7":{"name":"(anonymous_8)","decl":{"start":{"line":68,"column":15},"end":{"line":68,"column":16}},"loc":{"start":{"line":68,"column":40},"end":{"line":76,"column":12}}},"8":{"name":"(anonymous_9)","decl":{"start":{"line":82,"column":18},"end":{"line":82,"column":19}},"loc":{"start":{"line":82,"column":35},"end":{"line":82,"column":65}}},"9":{"name":"(anonymous_10)","decl":{"start":{"line":83,"column":15},"end":{"line":83,"column":16}},"loc":{"start":{"line":83,"column":40},"end":{"line":91,"column":12}}},"10":{"name":"(anonymous_11)","decl":{"start":{"line":128,"column":27},"end":{"line":128,"column":28}},"loc":{"start":{"line":129,"column":14},"end":{"line":129,"column":34}}},"11":{"name":"(anonymous_12)","decl":{"start":{"line":144,"column":35},"end":{"line":144,"column":38}},"loc":{"start":{"line":144,"column":41},"end":{"line":144,"column":69}}},"12":{"name":"(anonymous_13)","decl":{"start":{"line":152,"column":35},"end":{"line":152,"column":38}},"loc":{"start":{"line":152,"column":41},"end":{"line":152,"column":75}}},"13":{"name":"(anonymous_14)","decl":{"start":{"line":210,"column":27},"end":{"line":210,"column":28}},"loc":{"start":{"line":211,"column":16},"end":{"line":211,"column":32}}},"14":{"name":"(anonymous_15)","decl":{"start":{"line":230,"column":24},"end":{"line":230,"column":25}},"loc":{"start":{"line":231,"column":16},"end":{"line":231,"column":47}}}},"branchMap":{"0":{"loc":{"start":{"line":46,"column":2},"end":{"line":46,"column":25}},"type":"if","locations":[{"start":{"line":46,"column":2},"end":{"line":46,"column":25}},{"start":{},"end":{}}]},"1":{"loc":{"start":{"line":61,"column":6},"end":{"line":93,"column":7}},"type":"if","locations":[{"start":{"line":61,"column":6},"end":{"line":93,"column":7}},{"start":{"line":80,"column":13},"end":{"line":93,"column":7}}]},"2":{"loc":{"start":{"line":145,"column":17},"end":{"line":145,"column":71}},"type":"cond-expr","locations":[{"start":{"line":145,"column":24},"end":{"line":145,"column":42}},{"start":{"line":145,"column":45},"end":{"line":145,"column":71}}]},"3":{"loc":{"start":{"line":148,"column":41},"end":{"line":148,"column":53}},"type":"cond-expr","locations":[{"start":{"line":148,"column":48},"end":{"line":148,"column":49}},{"start":{"line":148,"column":52},"end":{"line":148,"column":53}}]},"4":{"loc":{"start":{"line":153,"column":17},"end":{"line":153,"column":78}},"type":"cond-expr","locations":[{"start":{"line":153,"column":27},"end":{"line":153,"column":47}},{"start":{"line":153,"column":50},"end":{"line":153,"column":78}}]},"5":{"loc":{"start":{"line":156,"column":44},"end":{"line":156,"column":59}},"type":"cond-expr","locations":[{"start":{"line":156,"column":54},"end":{"line":156,"column":55}},{"start":{"line":156,"column":58},"end":{"line":156,"column":59}}]},"6":{"loc":{"start":{"line":163,"column":43},"end":{"line":163,"column":58}},"type":"binary-expr","locations":[{"start":{"line":163,"column":43},"end":{"line":163,"column":53}},{"start":{"line":163,"column":57},"end":{"line":163,"column":58}}]},"7":{"loc":{"start":{"line":194,"column":13},"end":{"line":219,"column":null}},"type":"cond-expr","locations":[{"start":{"line":195,"column":14},"end":{"line":207,"column":null}},{"start":{"line":210,"column":14},"end":{"line":219,"column":16}}]}},"s":{"0":1,"1":1,"2":1,"3":1,"4":1,"5":1,"6":1,"7":1,"8":1,"9":1,"10":1,"11":1,"12":1,"13":67,"14":1,"15":66,"16":66,"17":66,"18":66,"19":2,"20":2,"21":66,"22":84,"23":66,"24":18,"25":66,"26":18,"27":18,"28":17,"29":15,"30":14,"31":8,"32":8,"33":8,"34":8,"35":8,"36":1,"37":1,"38":1,"39":1,"40":9,"41":66,"42":198,"43":0,"44":0,"45":140,"46":38,"47":1},"f":{"0":67,"1":2,"2":84,"3":18,"4":18,"5":14,"6":8,"7":8,"8":1,"9":1,"10":198,"11":0,"12":0,"13":140,"14":38},"b":{"0":[1,66],"1":[17,1],"2":[1,65],"3":[1,65],"4":[0,66],"5":[0,66],"6":[66,0],"7":[19,47]}}
,"/home/karthick.v/React Phase 2 Project/vite-project/src/components/PostSkeleton/PostSkeleton.tsx": {"path":"/home/karthick.v/React Phase 2 Project/vite-project/src/components/PostSkeleton/PostSkeleton.tsx","statementMap":{"0":{"start":{"line":2,"column":0},"end":{"line":2,"column":null}},"1":{"start":{"line":11,"column":0},"end":{"line":11,"column":76}},"2":{"start":{"line":12,"column":0},"end":{"line":12,"column":80}},"3":{"start":{"line":13,"column":0},"end":{"line":13,"column":70}},"4":{"start":{"line":14,"column":0},"end":{"line":14,"column":76}},"5":{"start":{"line":16,"column":35},"end":{"line":98,"column":1}},"6":{"start":{"line":17,"column":2},"end":{"line":97,"column":4}},"7":{"start":{"line":51,"column":12},"end":{"line":51,"column":27}},"8":{"start":{"line":91,"column":14},"end":{"line":91,"column":32}},"9":{"start":{"line":100,"column":0},"end":{"line":100,"column":32}}},"fnMap":{"0":{"name":"(anonymous_1)","decl":{"start":{"line":16,"column":35},"end":{"line":16,"column":38}},"loc":{"start":{"line":16,"column":40},"end":{"line":98,"column":1}}},"1":{"name":"(anonymous_2)","decl":{"start":{"line":50,"column":25},"end":{"line":50,"column":26}},"loc":{"start":{"line":51,"column":12},"end":{"line":51,"column":27}}},"2":{"name":"(anonymous_3)","decl":{"start":{"line":90,"column":43},"end":{"line":90,"column":44}},"loc":{"start":{"line":91,"column":14},"end":{"line":91,"column":32}}}},"branchMap":{"0":{"loc":{"start":{"line":53,"column":17},"end":{"line":53,"column":56}},"type":"binary-expr","locations":[{"start":{"line":53,"column":17},"end":{"line":53,"column":26}},{"start":{"line":53,"column":30},"end":{"line":53,"column":56}}]},"1":{"loc":{"start":{"line":54,"column":17},"end":{"line":54,"column":58}},"type":"binary-expr","locations":[{"start":{"line":54,"column":17},"end":{"line":54,"column":26}},{"start":{"line":54,"column":30},"end":{"line":54,"column":58}}]},"2":{"loc":{"start":{"line":55,"column":17},"end":{"line":55,"column":53}},"type":"binary-expr","locations":[{"start":{"line":55,"column":17},"end":{"line":55,"column":26}},{"start":{"line":55,"column":30},"end":{"line":55,"column":53}}]}},"s":{"0":0,"1":0,"2":0,"3":0,"4":0,"5":0,"6":0,"7":0,"8":0,"9":0},"f":{"0":0,"1":0,"2":0},"b":{"0":[0,0],"1":[0,0],"2":[0,0]}}
,"/home/karthick.v/React Phase 2 Project/vite-project/src/components/ProtectedRoutes/ProtectedRoutes.tsx": {"path":"/home/karthick.v/React Phase 2 Project/vite-project/src/components/ProtectedRoutes/ProtectedRoutes.tsx","statementMap":{"0":{"start":{"line":2,"column":0},"end":{"line":2,"column":42}},"1":{"start":{"line":4,"column":0},"end":{"line":4,"column":44}},"2":{"start":{"line":10,"column":56},"end":{"line":18,"column":1}},"3":{"start":{"line":11,"column":22},"end":{"line":11,"column":67}},"4":{"start":{"line":11,"column":56},"end":{"line":11,"column":66}},"5":{"start":{"line":12,"column":26},"end":{"line":12,"column":45}},"6":{"start":{"line":13,"column":2},"end":{"line":17,"column":3}},"7":{"start":{"line":14,"column":4},"end":{"line":14,"column":20}},"8":{"start":{"line":16,"column":4},"end":{"line":16,"column":31}},"9":{"start":{"line":20,"column":0},"end":{"line":20,"column":31}}},"fnMap":{"0":{"name":"(anonymous_0)","decl":{"start":{"line":10,"column":56},"end":{"line":10,"column":57}},"loc":{"start":{"line":10,"column":73},"end":{"line":18,"column":1}}},"1":{"name":"(anonymous_1)","decl":{"start":{"line":11,"column":34},"end":{"line":11,"column":35}},"loc":{"start":{"line":11,"column":56},"end":{"line":11,"column":66}}}},"branchMap":{"0":{"loc":{"start":{"line":13,"column":2},"end":{"line":17,"column":3}},"type":"if","locations":[{"start":{"line":13,"column":2},"end":{"line":17,"column":3}},{"start":{"line":15,"column":9},"end":{"line":17,"column":3}}]}},"s":{"0":0,"1":0,"2":0,"3":0,"4":0,"5":0,"6":0,"7":0,"8":0,"9":0},"f":{"0":0,"1":0},"b":{"0":[0,0]}}
,"/home/karthick.v/React Phase 2 Project/vite-project/src/components/UserCard/UserCard.tsx": {"path":"/home/karthick.v/React Phase 2 Project/vite-project/src/components/UserCard/UserCard.tsx","statementMap":{"0":{"start":{"line":2,"column":0},"end":{"line":2,"column":67}},"1":{"start":{"line":3,"column":0},"end":{"line":3,"column":47}},"2":{"start":{"line":11,"column":42},"end":{"line":48,"column":1}},"3":{"start":{"line":12,"column":19},"end":{"line":12,"column":32}},"4":{"start":{"line":13,"column":16},"end":{"line":13,"column":26}},"5":{"start":{"line":15,"column":2},"end":{"line":47,"column":4}},"6":{"start":{"line":17,"column":21},"end":{"line":17,"column":46}},"7":{"start":{"line":50,"column":0},"end":{"line":50,"column":24}}},"fnMap":{"0":{"name":"(anonymous_0)","decl":{"start":{"line":11,"column":42},"end":{"line":11,"column":43}},"loc":{"start":{"line":11,"column":66},"end":{"line":48,"column":1}}},"1":{"name":"(anonymous_1)","decl":{"start":{"line":17,"column":15},"end":{"line":17,"column":18}},"loc":{"start":{"line":17,"column":21},"end":{"line":17,"column":46}}}},"branchMap":{},"s":{"0":1,"1":1,"2":1,"3":23,"4":23,"5":23,"6":7,"7":1},"f":{"0":23,"1":7},"b":{}}
,"/home/karthick.v/React Phase 2 Project/vite-project/src/components/UserPostSection/UserPostSection.tsx": {"path":"/home/karthick.v/React Phase 2 Project/vite-project/src/components/UserPostSection/UserPostSection.tsx","statementMap":{"0":{"start":{"line":1,"column":0},"end":{"line":1,"column":40}},"1":{"start":{"line":2,"column":0},"end":{"line":2,"column":48}},"2":{"start":{"line":3,"column":0},"end":{"line":3,"column":77}},"3":{"start":{"line":4,"column":0},"end":{"line":4,"column":50}},"4":{"start":{"line":6,"column":0},"end":{"line":6,"column":55}},"5":{"start":{"line":7,"column":0},"end":{"line":7,"column":null}},"6":{"start":{"line":19,"column":56},"end":{"line":100,"column":1}},"7":{"start":{"line":20,"column":19},"end":{"line":20,"column":32}},"8":{"start":{"line":21,"column":42},"end":{"line":21,"column":69}},"9":{"start":{"line":22,"column":38},"end":{"line":22,"column":53}},"10":{"start":{"line":24,"column":22},"end":{"line":24,"column":67}},"11":{"start":{"line":24,"column":56},"end":{"line":24,"column":66}},"12":{"start":{"line":26,"column":24},"end":{"line":32,"column":3}},"13":{"start":{"line":27,"column":4},"end":{"line":31,"column":5}},"14":{"start":{"line":28,"column":6},"end":{"line":28,"column":33}},"15":{"start":{"line":30,"column":6},"end":{"line":30,"column":39}},"16":{"start":{"line":34,"column":27},"end":{"line":40,"column":3}},"17":{"start":{"line":35,"column":4},"end":{"line":39,"column":5}},"18":{"start":{"line":36,"column":6},"end":{"line":36,"column":36}},"19":{"start":{"line":38,"column":6},"end":{"line":38,"column":42}},"20":{"start":{"line":42,"column":26},"end":{"line":45,"column":3}},"21":{"start":{"line":43,"column":4},"end":{"line":43,"column":26}},"22":{"start":{"line":44,"column":4},"end":{"line":44,"column":24}},"23":{"start":{"line":47,"column":28},"end":{"line":50,"column":3}},"24":{"start":{"line":48,"column":4},"end":{"line":48,"column":25}},"25":{"start":{"line":49,"column":4},"end":{"line":49,"column":26}},"26":{"start":{"line":52,"column":2},"end":{"line":99,"column":4}},"27":{"start":{"line":58,"column":8},"end":{"line":59,"column":null}},"28":{"start":{"line":76,"column":27},"end":{"line":76,"column":48}},"29":{"start":{"line":102,"column":0},"end":{"line":102,"column":31}}},"fnMap":{"0":{"name":"(anonymous_1)","decl":{"start":{"line":19,"column":56},"end":{"line":19,"column":57}},"loc":{"start":{"line":19,"column":70},"end":{"line":100,"column":1}}},"1":{"name":"(anonymous_2)","decl":{"start":{"line":24,"column":34},"end":{"line":24,"column":35}},"loc":{"start":{"line":24,"column":56},"end":{"line":24,"column":66}}},"2":{"name":"(anonymous_3)","decl":{"start":{"line":26,"column":24},"end":{"line":26,"column":25}},"loc":{"start":{"line":26,"column":58},"end":{"line":32,"column":3}}},"3":{"name":"(anonymous_4)","decl":{"start":{"line":34,"column":27},"end":{"line":34,"column":28}},"loc":{"start":{"line":34,"column":64},"end":{"line":40,"column":3}}},"4":{"name":"(anonymous_5)","decl":{"start":{"line":42,"column":26},"end":{"line":42,"column":27}},"loc":{"start":{"line":42,"column":41},"end":{"line":45,"column":3}}},"5":{"name":"(anonymous_6)","decl":{"start":{"line":47,"column":28},"end":{"line":47,"column":31}},"loc":{"start":{"line":47,"column":33},"end":{"line":50,"column":3}}},"6":{"name":"(anonymous_7)","decl":{"start":{"line":57,"column":17},"end":{"line":57,"column":18}},"loc":{"start":{"line":58,"column":8},"end":{"line":59,"column":null}}},"7":{"name":"(anonymous_8)","decl":{"start":{"line":76,"column":21},"end":{"line":76,"column":24}},"loc":{"start":{"line":76,"column":27},"end":{"line":76,"column":48}}}},"branchMap":{"0":{"loc":{"start":{"line":27,"column":4},"end":{"line":31,"column":5}},"type":"if","locations":[{"start":{"line":27,"column":4},"end":{"line":31,"column":5}},{"start":{"line":29,"column":11},"end":{"line":31,"column":5}}]},"1":{"loc":{"start":{"line":35,"column":4},"end":{"line":39,"column":5}},"type":"if","locations":[{"start":{"line":35,"column":4},"end":{"line":39,"column":5}},{"start":{"line":37,"column":11},"end":{"line":39,"column":5}}]},"2":{"loc":{"start":{"line":88,"column":10},"end":{"line":90,"column":19}},"type":"cond-expr","locations":[{"start":{"line":89,"column":14},"end":{"line":89,"column":63}},{"start":{"line":90,"column":14},"end":{"line":90,"column":19}}]},"3":{"loc":{"start":{"line":93,"column":10},"end":{"line":95,"column":19}},"type":"cond-expr","locations":[{"start":{"line":94,"column":14},"end":{"line":94,"column":65}},{"start":{"line":95,"column":14},"end":{"line":95,"column":19}}]}},"s":{"0":0,"1":0,"2":0,"3":0,"4":0,"5":0,"6":0,"7":0,"8":0,"9":0,"10":0,"11":0,"12":0,"13":0,"14":0,"15":0,"16":0,"17":0,"18":0,"19":0,"20":0,"21":0,"22":0,"23":0,"24":0,"25":0,"26":0,"27":0,"28":0,"29":0},"f":{"0":0,"1":0,"2":0,"3":0,"4":0,"5":0,"6":0,"7":0},"b":{"0":[0,0],"1":[0,0],"2":[0,0],"3":[0,0]}}
,"/home/karthick.v/React Phase 2 Project/vite-project/src/components/UserProfileCard/UserProfileCard.tsx": {"path":"/home/karthick.v/React Phase 2 Project/vite-project/src/components/UserProfileCard/UserProfileCard.tsx","statementMap":{"0":{"start":{"line":2,"column":0},"end":{"line":2,"column":63}},"1":{"start":{"line":3,"column":0},"end":{"line":3,"column":48}},"2":{"start":{"line":17,"column":56},"end":{"line":67,"column":1}},"3":{"start":{"line":25,"column":16},"end":{"line":25,"column":26}},"4":{"start":{"line":27,"column":2},"end":{"line":66,"column":4}},"5":{"start":{"line":69,"column":0},"end":{"line":69,"column":31}}},"fnMap":{"0":{"name":"(anonymous_0)","decl":{"start":{"line":17,"column":56},"end":{"line":17,"column":57}},"loc":{"start":{"line":24,"column":5},"end":{"line":67,"column":1}}}},"branchMap":{},"s":{"0":0,"1":0,"2":0,"3":0,"4":0,"5":0},"f":{"0":0},"b":{}}
,"/home/karthick.v/React Phase 2 Project/vite-project/src/components/UserProfilePostCard/UserProfilePostCard.tsx": {"path":"/home/karthick.v/React Phase 2 Project/vite-project/src/components/UserProfilePostCard/UserProfilePostCard.tsx","statementMap":{"0":{"start":{"line":2,"column":0},"end":{"line":2,"column":63}},"1":{"start":{"line":12,"column":44},"end":{"line":37,"column":1}},"2":{"start":{"line":18,"column":2},"end":{"line":36,"column":4}},"3":{"start":{"line":32,"column":10},"end":{"line":32,"column":26}},"4":{"start":{"line":39,"column":0},"end":{"line":39,"column":35}}},"fnMap":{"0":{"name":"(anonymous_0)","decl":{"start":{"line":12,"column":44},"end":{"line":12,"column":45}},"loc":{"start":{"line":17,"column":5},"end":{"line":37,"column":1}}},"1":{"name":"(anonymous_1)","decl":{"start":{"line":31,"column":18},"end":{"line":31,"column":19}},"loc":{"start":{"line":32,"column":10},"end":{"line":32,"column":26}}}},"branchMap":{},"s":{"0":0,"1":0,"2":0,"3":0,"4":0},"f":{"0":0,"1":0},"b":{}}
,"/home/karthick.v/React Phase 2 Project/vite-project/src/hooks/useAppDispatch.ts": {"path":"/home/karthick.v/React Phase 2 Project/vite-project/src/hooks/useAppDispatch.ts","statementMap":{"0":{"start":{"line":1,"column":0},"end":{"line":1,"column":42}},"1":{"start":{"line":3,"column":30},"end":{"line":3,"column":49}},"2":{"start":{"line":3,"column":36},"end":{"line":3,"column":49}},"3":{"start":{"line":3,"column":13},"end":{"line":3,"column":30}}},"fnMap":{"0":{"name":"(anonymous_0)","decl":{"start":{"line":3,"column":30},"end":{"line":3,"column":33}},"loc":{"start":{"line":3,"column":36},"end":{"line":3,"column":49}}}},"branchMap":{},"s":{"0":0,"1":0,"2":0,"3":0},"f":{"0":0},"b":{}}
,"/home/karthick.v/React Phase 2 Project/vite-project/src/pages/Auth/Login.tsx": {"path":"/home/karthick.v/React Phase 2 Project/vite-project/src/pages/Auth/Login.tsx","statementMap":{"0":{"start":{"line":1,"column":0},"end":{"line":1,"column":33}},"1":{"start":{"line":2,"column":0},"end":{"line":2,"column":null}},"2":{"start":{"line":17,"column":0},"end":{"line":17,"column":64}},"3":{"start":{"line":18,"column":0},"end":{"line":18,"column":67}},"4":{"start":{"line":19,"column":0},"end":{"line":19,"column":54}},"5":{"start":{"line":21,"column":0},"end":{"line":21,"column":55}},"6":{"start":{"line":22,"column":0},"end":{"line":22,"column":null}},"7":{"start":{"line":26,"column":0},"end":{"line":26,"column":61}},"8":{"start":{"line":29,"column":14},"end":{"line":239,"column":1}},"9":{"start":{"line":30,"column":19},"end":{"line":30,"column":32}},"10":{"start":{"line":31,"column":19},"end":{"line":31,"column":32}},"11":{"start":{"line":32,"column":16},"end":{"line":32,"column":26}},"12":{"start":{"line":33,"column":24},"end":{"line":33,"column":67}},"13":{"start":{"line":35,"column":28},"end":{"line":35,"column":40}},"14":{"start":{"line":36,"column":34},"end":{"line":36,"column":46}},"15":{"start":{"line":37,"column":42},"end":{"line":37,"column":57}},"16":{"start":{"line":38,"column":26},"end":{"line":38,"column":41}},"17":{"start":{"line":40,"column":22},"end":{"line":40,"column":67}},"18":{"start":{"line":40,"column":56},"end":{"line":40,"column":66}},"19":{"start":{"line":42,"column":19},"end":{"line":55,"column":3}},"20":{"start":{"line":43,"column":4},"end":{"line":54,"column":5}},"21":{"start":{"line":44,"column":23},"end":{"line":44,"column":42}},"22":{"start":{"line":45,"column":23},"end":{"line":45,"column":42}},"23":{"start":{"line":46,"column":23},"end":{"line":50,"column":8}},"24":{"start":{"line":47,"column":8},"end":{"line":49,"column":10}},"25":{"start":{"line":51,"column":6},"end":{"line":51,"column":22}},"26":{"start":{"line":53,"column":6},"end":{"line":53,"column":19}},"27":{"start":{"line":57,"column":22},"end":{"line":86,"column":3}},"28":{"start":{"line":58,"column":22},"end":{"line":58,"column":38}},"29":{"start":{"line":59,"column":20},"end":{"line":59,"column":31}},"30":{"start":{"line":60,"column":4},"end":{"line":85,"column":5}},"31":{"start":{"line":61,"column":6},"end":{"line":61,"column":24}},"32":{"start":{"line":62,"column":11},"end":{"line":85,"column":5}},"33":{"start":{"line":63,"column":6},"end":{"line":70,"column":8}},"34":{"start":{"line":72,"column":23},"end":{"line":79,"column":8}},"35":{"start":{"line":80,"column":6},"end":{"line":80,"column":48}},"36":{"start":{"line":82,"column":6},"end":{"line":82,"column":24}},"37":{"start":{"line":84,"column":6},"end":{"line":84,"column":20}},"38":{"start":{"line":88,"column":22},"end":{"line":90,"column":3}},"39":{"start":{"line":89,"column":4},"end":{"line":89,"column":19}},"40":{"start":{"line":92,"column":2},"end":{"line":238,"column":4}},"41":{"start":{"line":155,"column":33},"end":{"line":155,"column":57}},"42":{"start":{"line":167,"column":33},"end":{"line":167,"column":60}},"43":{"start":{"line":172,"column":39},"end":{"line":172,"column":71}},"44":{"start":{"line":172,"column":65},"end":{"line":172,"column":70}},"45":{"start":{"line":241,"column":0},"end":{"line":241,"column":21}}},"fnMap":{"0":{"name":"(anonymous_1)","decl":{"start":{"line":29,"column":14},"end":{"line":29,"column":17}},"loc":{"start":{"line":29,"column":19},"end":{"line":239,"column":1}}},"1":{"name":"(anonymous_2)","decl":{"start":{"line":40,"column":34},"end":{"line":40,"column":35}},"loc":{"start":{"line":40,"column":56},"end":{"line":40,"column":66}}},"2":{"name":"(anonymous_3)","decl":{"start":{"line":42,"column":19},"end":{"line":42,"column":24}},"loc":{"start":{"line":42,"column":30},"end":{"line":55,"column":3}}},"3":{"name":"(anonymous_4)","decl":{"start":{"line":46,"column":48},"end":{"line":46,"column":49}},"loc":{"start":{"line":46,"column":67},"end":{"line":50,"column":7}}},"4":{"name":"(anonymous_5)","decl":{"start":{"line":57,"column":22},"end":{"line":57,"column":27}},"loc":{"start":{"line":57,"column":33},"end":{"line":86,"column":3}}},"5":{"name":"(anonymous_6)","decl":{"start":{"line":88,"column":22},"end":{"line":88,"column":25}},"loc":{"start":{"line":88,"column":27},"end":{"line":90,"column":3}}},"6":{"name":"(anonymous_7)","decl":{"start":{"line":155,"column":26},"end":{"line":155,"column":27}},"loc":{"start":{"line":155,"column":33},"end":{"line":155,"column":57}}},"7":{"name":"(anonymous_8)","decl":{"start":{"line":167,"column":26},"end":{"line":167,"column":27}},"loc":{"start":{"line":167,"column":33},"end":{"line":167,"column":60}}},"8":{"name":"(anonymous_9)","decl":{"start":{"line":172,"column":33},"end":{"line":172,"column":36}},"loc":{"start":{"line":172,"column":39},"end":{"line":172,"column":71}}},"9":{"name":"(anonymous_10)","decl":{"start":{"line":172,"column":55},"end":{"line":172,"column":56}},"loc":{"start":{"line":172,"column":65},"end":{"line":172,"column":70}}}},"branchMap":{"0":{"loc":{"start":{"line":48,"column":10},"end":{"line":48,"column":78}},"type":"binary-expr","locations":[{"start":{"line":48,"column":10},"end":{"line":48,"column":39}},{"start":{"line":48,"column":43},"end":{"line":48,"column":78}}]},"1":{"loc":{"start":{"line":60,"column":4},"end":{"line":85,"column":5}},"type":"if","locations":[{"start":{"line":60,"column":4},"end":{"line":85,"column":5}},{"start":{"line":62,"column":11},"end":{"line":85,"column":5}}]},"2":{"loc":{"start":{"line":60,"column":8},"end":{"line":60,"column":72}},"type":"binary-expr","locations":[{"start":{"line":60,"column":8},"end":{"line":60,"column":35}},{"start":{"line":60,"column":39},"end":{"line":60,"column":72}}]},"3":{"loc":{"start":{"line":62,"column":11},"end":{"line":85,"column":5}},"type":"if","locations":[{"start":{"line":62,"column":11},"end":{"line":85,"column":5}},{"start":{"line":83,"column":11},"end":{"line":85,"column":5}}]},"4":{"loc":{"start":{"line":94,"column":7},"end":{"line":106,"column":null}},"type":"binary-expr","locations":[{"start":{"line":94,"column":7},"end":{"line":94,"column":21}},{"start":{"line":95,"column":8},"end":{"line":105,"column":null}}]},"5":{"loc":{"start":{"line":165,"column":22},"end":{"line":165,"column":56}},"type":"cond-expr","locations":[{"start":{"line":165,"column":37},"end":{"line":165,"column":43}},{"start":{"line":165,"column":46},"end":{"line":165,"column":56}}]},"6":{"loc":{"start":{"line":177,"column":25},"end":{"line":177,"column":74}},"type":"cond-expr","locations":[{"start":{"line":177,"column":40},"end":{"line":177,"column":57}},{"start":{"line":177,"column":60},"end":{"line":177,"column":74}}]},"7":{"loc":{"start":{"line":191,"column":28},"end":{"line":191,"column":47}},"type":"binary-expr","locations":[{"start":{"line":191,"column":28},"end":{"line":191,"column":34}},{"start":{"line":191,"column":38},"end":{"line":191,"column":47}}]}},"s":{"0":0,"1":0,"2":0,"3":0,"4":0,"5":0,"6":0,"7":0,"8":0,"9":0,"10":0,"11":0,"12":0,"13":0,"14":0,"15":0,"16":0,"17":0,"18":0,"19":0,"20":0,"21":0,"22":0,"23":0,"24":0,"25":0,"26":0,"27":0,"28":0,"29":0,"30":0,"31":0,"32":0,"33":0,"34":0,"35":0,"36":0,"37":0,"38":0,"39":0,"40":0,"41":0,"42":0,"43":0,"44":0,"45":0},"f":{"0":0,"1":0,"2":0,"3":0,"4":0,"5":0,"6":0,"7":0,"8":0,"9":0},"b":{"0":[0,0],"1":[0,0],"2":[0,0],"3":[0,0],"4":[0,0],"5":[0,0],"6":[0,0],"7":[0,0]}}
,"/home/karthick.v/React Phase 2 Project/vite-project/src/pages/Auth/Signup.tsx": {"path":"/home/karthick.v/React Phase 2 Project/vite-project/src/pages/Auth/Signup.tsx","statementMap":{"0":{"start":{"line":1,"column":0},"end":{"line":1,"column":33}},"1":{"start":{"line":2,"column":0},"end":{"line":2,"column":null}},"2":{"start":{"line":16,"column":0},"end":{"line":16,"column":64}},"3":{"start":{"line":17,"column":0},"end":{"line":17,"column":54}},"4":{"start":{"line":19,"column":0},"end":{"line":19,"column":47}},"5":{"start":{"line":20,"column":0},"end":{"line":20,"column":42}},"6":{"start":{"line":21,"column":0},"end":{"line":21,"column":58}},"7":{"start":{"line":22,"column":0},"end":{"line":22,"column":61}},"8":{"start":{"line":24,"column":15},"end":{"line":273,"column":1}},"9":{"start":{"line":25,"column":19},"end":{"line":25,"column":32}},"10":{"start":{"line":26,"column":19},"end":{"line":26,"column":32}},"11":{"start":{"line":27,"column":16},"end":{"line":27,"column":26}},"12":{"start":{"line":28,"column":24},"end":{"line":28,"column":67}},"13":{"start":{"line":30,"column":34},"end":{"line":35,"column":4}},"14":{"start":{"line":36,"column":26},"end":{"line":36,"column":41}},"15":{"start":{"line":38,"column":30},"end":{"line":41,"column":4}},"16":{"start":{"line":43,"column":42},"end":{"line":43,"column":57}},"17":{"start":{"line":45,"column":24},"end":{"line":48,"column":3}},"18":{"start":{"line":46,"column":18},"end":{"line":46,"column":46}},"19":{"start":{"line":47,"column":4},"end":{"line":47,"column":29}},"20":{"start":{"line":50,"column":27},"end":{"line":54,"column":3}},"21":{"start":{"line":52,"column":6},"end":{"line":52,"column":78}},"22":{"start":{"line":53,"column":4},"end":{"line":53,"column":32}},"23":{"start":{"line":56,"column":23},"end":{"line":79,"column":3}},"24":{"start":{"line":57,"column":28},"end":{"line":57,"column":36}},"25":{"start":{"line":59,"column":4},"end":{"line":62,"column":8}},"26":{"start":{"line":59,"column":27},"end":{"line":62,"column":6}},"27":{"start":{"line":64,"column":4},"end":{"line":69,"column":5}},"28":{"start":{"line":65,"column":6},"end":{"line":68,"column":10}},"29":{"start":{"line":65,"column":27},"end":{"line":68,"column":8}},"30":{"start":{"line":71,"column":4},"end":{"line":78,"column":5}},"31":{"start":{"line":72,"column":6},"end":{"line":77,"column":10}},"32":{"start":{"line":72,"column":27},"end":{"line":77,"column":8}},"33":{"start":{"line":81,"column":19},"end":{"line":92,"column":3}},"34":{"start":{"line":82,"column":4},"end":{"line":91,"column":5}},"35":{"start":{"line":83,"column":23},"end":{"line":83,"column":42}},"36":{"start":{"line":84,"column":23},"end":{"line":85,"column":null}},"37":{"start":{"line":85,"column":28},"end":{"line":85,"column":57}},"38":{"start":{"line":87,"column":6},"end":{"line":87,"column":24}},"39":{"start":{"line":89,"column":6},"end":{"line":89,"column":25}},"40":{"start":{"line":90,"column":6},"end":{"line":90,"column":19}},"41":{"start":{"line":94,"column":23},"end":{"line":113,"column":3}},"42":{"start":{"line":95,"column":24},"end":{"line":95,"column":40}},"43":{"start":{"line":96,"column":4},"end":{"line":112,"column":5}},"44":{"start":{"line":97,"column":6},"end":{"line":97,"column":20}},"45":{"start":{"line":99,"column":6},"end":{"line":106,"column":8}},"46":{"start":{"line":107,"column":6},"end":{"line":110,"column":10}},"47":{"start":{"line":107,"column":34},"end":{"line":110,"column":8}},"48":{"start":{"line":111,"column":6},"end":{"line":111,"column":24}},"49":{"start":{"line":115,"column":22},"end":{"line":117,"column":3}},"50":{"start":{"line":116,"column":4},"end":{"line":116,"column":19}},"51":{"start":{"line":120,"column":4},"end":{"line":122,"column":39}},"52":{"start":{"line":124,"column":2},"end":{"line":272,"column":4}},"53":{"start":{"line":218,"column":39},"end":{"line":218,"column":71}},"54":{"start":{"line":218,"column":65},"end":{"line":218,"column":70}},"55":{"start":{"line":250,"column":35},"end":{"line":250,"column":48}},"56":{"start":{"line":275,"column":0},"end":{"line":275,"column":22}}},"fnMap":{"0":{"name":"(anonymous_1)","decl":{"start":{"line":24,"column":15},"end":{"line":24,"column":18}},"loc":{"start":{"line":24,"column":20},"end":{"line":273,"column":1}}},"1":{"name":"(anonymous_2)","decl":{"start":{"line":45,"column":24},"end":{"line":45,"column":25}},"loc":{"start":{"line":45,"column":42},"end":{"line":48,"column":3}}},"2":{"name":"(anonymous_3)","decl":{"start":{"line":50,"column":27},"end":{"line":50,"column":28}},"loc":{"start":{"line":50,"column":48},"end":{"line":54,"column":3}}},"3":{"name":"(anonymous_4)","decl":{"start":{"line":56,"column":23},"end":{"line":56,"column":24}},"loc":{"start":{"line":56,"column":66},"end":{"line":79,"column":3}}},"4":{"name":"(anonymous_5)","decl":{"start":{"line":59,"column":16},"end":{"line":59,"column":17}},"loc":{"start":{"line":59,"column":27},"end":{"line":62,"column":6}}},"5":{"name":"(anonymous_6)","decl":{"start":{"line":65,"column":16},"end":{"line":65,"column":17}},"loc":{"start":{"line":65,"column":27},"end":{"line":68,"column":8}}},"6":{"name":"(anonymous_7)","decl":{"start":{"line":72,"column":16},"end":{"line":72,"column":17}},"loc":{"start":{"line":72,"column":27},"end":{"line":77,"column":8}}},"7":{"name":"(anonymous_8)","decl":{"start":{"line":81,"column":19},"end":{"line":81,"column":24}},"loc":{"start":{"line":81,"column":48},"end":{"line":92,"column":3}}},"8":{"name":"(anonymous_9)","decl":{"start":{"line":85,"column":8},"end":{"line":85,"column":9}},"loc":{"start":{"line":85,"column":28},"end":{"line":85,"column":57}}},"9":{"name":"(anonymous_10)","decl":{"start":{"line":94,"column":23},"end":{"line":94,"column":28}},"loc":{"start":{"line":94,"column":34},"end":{"line":113,"column":3}}},"10":{"name":"(anonymous_11)","decl":{"start":{"line":107,"column":18},"end":{"line":107,"column":19}},"loc":{"start":{"line":107,"column":34},"end":{"line":110,"column":8}}},"11":{"name":"(anonymous_12)","decl":{"start":{"line":115,"column":22},"end":{"line":115,"column":25}},"loc":{"start":{"line":115,"column":27},"end":{"line":117,"column":3}}},"12":{"name":"(anonymous_13)","decl":{"start":{"line":218,"column":33},"end":{"line":218,"column":36}},"loc":{"start":{"line":218,"column":39},"end":{"line":218,"column":71}}},"13":{"name":"(anonymous_14)","decl":{"start":{"line":218,"column":55},"end":{"line":218,"column":56}},"loc":{"start":{"line":218,"column":65},"end":{"line":218,"column":70}}},"14":{"name":"(anonymous_15)","decl":{"start":{"line":250,"column":29},"end":{"line":250,"column":32}},"loc":{"start":{"line":250,"column":35},"end":{"line":250,"column":48}}}},"branchMap":{"0":{"loc":{"start":{"line":64,"column":4},"end":{"line":69,"column":5}},"type":"if","locations":[{"start":{"line":64,"column":4},"end":{"line":69,"column":5}},{"start":{},"end":{}}]},"1":{"loc":{"start":{"line":67,"column":15},"end":{"line":67,"column":72}},"type":"cond-expr","locations":[{"start":{"line":67,"column":38},"end":{"line":67,"column":40}},{"start":{"line":67,"column":43},"end":{"line":67,"column":72}}]},"2":{"loc":{"start":{"line":71,"column":4},"end":{"line":78,"column":5}},"type":"if","locations":[{"start":{"line":71,"column":4},"end":{"line":78,"column":5}},{"start":{},"end":{}}]},"3":{"loc":{"start":{"line":74,"column":18},"end":{"line":76,"column":53}},"type":"cond-expr","locations":[{"start":{"line":75,"column":12},"end":{"line":75,"column":14}},{"start":{"line":76,"column":12},"end":{"line":76,"column":53}}]},"4":{"loc":{"start":{"line":96,"column":4},"end":{"line":112,"column":5}},"type":"if","locations":[{"start":{"line":96,"column":4},"end":{"line":112,"column":5}},{"start":{"line":98,"column":11},"end":{"line":112,"column":5}}]},"5":{"loc":{"start":{"line":120,"column":4},"end":{"line":122,"column":39}},"type":"binary-expr","locations":[{"start":{"line":120,"column":4},"end":{"line":120,"column":17}},{"start":{"line":121,"column":4},"end":{"line":121,"column":33}},{"start":{"line":122,"column":4},"end":{"line":122,"column":39}}]},"6":{"loc":{"start":{"line":126,"column":7},"end":{"line":138,"column":null}},"type":"binary-expr","locations":[{"start":{"line":126,"column":7},"end":{"line":126,"column":21}},{"start":{"line":127,"column":8},"end":{"line":137,"column":null}}]},"7":{"loc":{"start":{"line":208,"column":22},"end":{"line":208,"column":56}},"type":"cond-expr","locations":[{"start":{"line":208,"column":37},"end":{"line":208,"column":43}},{"start":{"line":208,"column":46},"end":{"line":208,"column":56}}]},"8":{"loc":{"start":{"line":220,"column":25},"end":{"line":220,"column":74}},"type":"cond-expr","locations":[{"start":{"line":220,"column":40},"end":{"line":220,"column":57}},{"start":{"line":220,"column":60},"end":{"line":220,"column":74}}]}},"s":{"0":0,"1":0,"2":0,"3":0,"4":0,"5":0,"6":0,"7":0,"8":0,"9":0,"10":0,"11":0,"12":0,"13":0,"14":0,"15":0,"16":0,"17":0,"18":0,"19":0,"20":0,"21":0,"22":0,"23":0,"24":0,"25":0,"26":0,"27":0,"28":0,"29":0,"30":0,"31":0,"32":0,"33":0,"34":0,"35":0,"36":0,"37":0,"38":0,"39":0,"40":0,"41":0,"42":0,"43":0,"44":0,"45":0,"46":0,"47":0,"48":0,"49":0,"50":0,"51":0,"52":0,"53":0,"54":0,"55":0,"56":0},"f":{"0":0,"1":0,"2":0,"3":0,"4":0,"5":0,"6":0,"7":0,"8":0,"9":0,"10":0,"11":0,"12":0,"13":0,"14":0},"b":{"0":[0,0],"1":[0,0],"2":[0,0],"3":[0,0],"4":[0,0],"5":[0,0,0],"6":[0,0],"7":[0,0],"8":[0,0]}}
,"/home/karthick.v/React Phase 2 Project/vite-project/src/pages/Home/Home.tsx": {"path":"/home/karthick.v/React Phase 2 Project/vite-project/src/pages/Home/Home.tsx","statementMap":{"0":{"start":{"line":1,"column":0},"end":{"line":1,"column":65}},"1":{"start":{"line":2,"column":0},"end":{"line":2,"column":55}},"2":{"start":{"line":3,"column":0},"end":{"line":3,"column":73}},"3":{"start":{"line":7,"column":0},"end":{"line":7,"column":58}},"4":{"start":{"line":8,"column":0},"end":{"line":8,"column":74}},"5":{"start":{"line":9,"column":0},"end":{"line":9,"column":64}},"6":{"start":{"line":10,"column":0},"end":{"line":10,"column":54}},"7":{"start":{"line":11,"column":0},"end":{"line":11,"column":null}},"8":{"start":{"line":17,"column":0},"end":{"line":17,"column":70}},"9":{"start":{"line":18,"column":0},"end":{"line":18,"column":42}},"10":{"start":{"line":19,"column":0},"end":{"line":19,"column":58}},"11":{"start":{"line":21,"column":13},"end":{"line":169,"column":1}},"12":{"start":{"line":22,"column":65},"end":{"line":22,"column":78}},"13":{"start":{"line":23,"column":42},"end":{"line":23,"column":69}},"14":{"start":{"line":24,"column":26},"end":{"line":24,"column":37}},"15":{"start":{"line":25,"column":22},"end":{"line":25,"column":63}},"16":{"start":{"line":26,"column":32},"end":{"line":26,"column":46}},"17":{"start":{"line":27,"column":16},"end":{"line":27,"column":18}},"18":{"start":{"line":29,"column":19},"end":{"line":29,"column":77}},"19":{"start":{"line":29,"column":53},"end":{"line":29,"column":76}},"20":{"start":{"line":31,"column":21},"end":{"line":31,"column":67}},"21":{"start":{"line":31,"column":55},"end":{"line":31,"column":66}},"22":{"start":{"line":32,"column":22},"end":{"line":32,"column":67}},"23":{"start":{"line":32,"column":56},"end":{"line":32,"column":66}},"24":{"start":{"line":34,"column":2},"end":{"line":40,"column":23}},"25":{"start":{"line":35,"column":4},"end":{"line":39,"column":7}},"26":{"start":{"line":36,"column":6},"end":{"line":38,"column":7}},"27":{"start":{"line":37,"column":8},"end":{"line":37,"column":26}},"28":{"start":{"line":42,"column":22},"end":{"line":56,"column":null}},"29":{"start":{"line":44,"column":6},"end":{"line":44,"column":37}},"30":{"start":{"line":44,"column":30},"end":{"line":44,"column":37}},"31":{"start":{"line":46,"column":6},"end":{"line":46,"column":64}},"32":{"start":{"line":46,"column":31},"end":{"line":46,"column":64}},"33":{"start":{"line":48,"column":6},"end":{"line":52,"column":9}},"34":{"start":{"line":49,"column":8},"end":{"line":51,"column":9}},"35":{"start":{"line":50,"column":10},"end":{"line":50,"column":38}},"36":{"start":{"line":50,"column":28},"end":{"line":50,"column":36}},"37":{"start":{"line":54,"column":6},"end":{"line":54,"column":50}},"38":{"start":{"line":54,"column":16},"end":{"line":54,"column":50}},"39":{"start":{"line":59,"column":24},"end":{"line":65,"column":3}},"40":{"start":{"line":60,"column":4},"end":{"line":64,"column":5}},"41":{"start":{"line":61,"column":6},"end":{"line":61,"column":33}},"42":{"start":{"line":63,"column":6},"end":{"line":63,"column":39}},"43":{"start":{"line":67,"column":27},"end":{"line":73,"column":3}},"44":{"start":{"line":68,"column":4},"end":{"line":72,"column":5}},"45":{"start":{"line":69,"column":6},"end":{"line":69,"column":36}},"46":{"start":{"line":71,"column":6},"end":{"line":71,"column":42}},"47":{"start":{"line":75,"column":44},"end":{"line":75,"column":59}},"48":{"start":{"line":77,"column":2},"end":{"line":84,"column":9}},"49":{"start":{"line":78,"column":25},"end":{"line":80,"column":5}},"50":{"start":{"line":79,"column":6},"end":{"line":79,"column":45}},"51":{"start":{"line":82,"column":4},"end":{"line":82,"column":52}},"52":{"start":{"line":83,"column":4},"end":{"line":83,"column":68}},"53":{"start":{"line":83,"column":17},"end":{"line":83,"column":67}},"54":{"start":{"line":86,"column":28},"end":{"line":88,"column":3}},"55":{"start":{"line":87,"column":4},"end":{"line":87,"column":52}},"56":{"start":{"line":90,"column":27},"end":{"line":96,"column":4}},"57":{"start":{"line":91,"column":4},"end":{"line":95,"column":6}},"58":{"start":{"line":98,"column":23},"end":{"line":98,"column":65}},"59":{"start":{"line":100,"column":2},"end":{"line":102,"column":3}},"60":{"start":{"line":101,"column":4},"end":{"line":101,"column":24}},"61":{"start":{"line":104,"column":2},"end":{"line":168,"column":4}},"62":{"start":{"line":111,"column":23},"end":{"line":111,"column":60}},"63":{"start":{"line":112,"column":8},"end":{"line":127,"column":10}},"64":{"start":{"line":132,"column":10},"end":{"line":132,"column":52}},"65":{"start":{"line":137,"column":23},"end":{"line":137,"column":44}},"66":{"start":{"line":171,"column":0},"end":{"line":171,"column":20}}},"fnMap":{"0":{"name":"(anonymous_1)","decl":{"start":{"line":21,"column":13},"end":{"line":21,"column":16}},"loc":{"start":{"line":21,"column":18},"end":{"line":169,"column":1}}},"1":{"name":"(anonymous_2)","decl":{"start":{"line":29,"column":31},"end":{"line":29,"column":32}},"loc":{"start":{"line":29,"column":53},"end":{"line":29,"column":76}}},"2":{"name":"(anonymous_3)","decl":{"start":{"line":31,"column":33},"end":{"line":31,"column":34}},"loc":{"start":{"line":31,"column":55},"end":{"line":31,"column":66}}},"3":{"name":"(anonymous_4)","decl":{"start":{"line":32,"column":34},"end":{"line":32,"column":35}},"loc":{"start":{"line":32,"column":56},"end":{"line":32,"column":66}}},"4":{"name":"(anonymous_5)","decl":{"start":{"line":34,"column":12},"end":{"line":34,"column":15}},"loc":{"start":{"line":34,"column":17},"end":{"line":40,"column":3}}},"5":{"name":"(anonymous_6)","decl":{"start":{"line":35,"column":43},"end":{"line":35,"column":44}},"loc":{"start":{"line":35,"column":56},"end":{"line":39,"column":5}}},"6":{"name":"(anonymous_7)","decl":{"start":{"line":43,"column":4},"end":{"line":43,"column":5}},"loc":{"start":{"line":43,"column":36},"end":{"line":55,"column":5}}},"7":{"name":"(anonymous_8)","decl":{"start":{"line":48,"column":53},"end":{"line":48,"column":54}},"loc":{"start":{"line":48,"column":65},"end":{"line":52,"column":7}}},"8":{"name":"(anonymous_9)","decl":{"start":{"line":50,"column":18},"end":{"line":50,"column":19}},"loc":{"start":{"line":50,"column":28},"end":{"line":50,"column":36}}},"9":{"name":"(anonymous_10)","decl":{"start":{"line":59,"column":24},"end":{"line":59,"column":25}},"loc":{"start":{"line":59,"column":58},"end":{"line":65,"column":3}}},"10":{"name":"(anonymous_11)","decl":{"start":{"line":67,"column":27},"end":{"line":67,"column":28}},"loc":{"start":{"line":67,"column":64},"end":{"line":73,"column":3}}},"11":{"name":"(anonymous_12)","decl":{"start":{"line":77,"column":12},"end":{"line":77,"column":15}},"loc":{"start":{"line":77,"column":17},"end":{"line":84,"column":3}}},"12":{"name":"(anonymous_13)","decl":{"start":{"line":78,"column":25},"end":{"line":78,"column":28}},"loc":{"start":{"line":78,"column":30},"end":{"line":80,"column":5}}},"13":{"name":"(anonymous_14)","decl":{"start":{"line":83,"column":11},"end":{"line":83,"column":14}},"loc":{"start":{"line":83,"column":17},"end":{"line":83,"column":67}}},"14":{"name":"(anonymous_15)","decl":{"start":{"line":86,"column":28},"end":{"line":86,"column":31}},"loc":{"start":{"line":86,"column":33},"end":{"line":88,"column":3}}},"15":{"name":"(anonymous_16)","decl":{"start":{"line":90,"column":57},"end":{"line":90,"column":58}},"loc":{"start":{"line":90,"column":72},"end":{"line":96,"column":3}}},"16":{"name":"(anonymous_17)","decl":{"start":{"line":110,"column":24},"end":{"line":110,"column":25}},"loc":{"start":{"line":110,"column":54},"end":{"line":128,"column":7}}},"17":{"name":"(anonymous_18)","decl":{"start":{"line":131,"column":38},"end":{"line":131,"column":39}},"loc":{"start":{"line":132,"column":10},"end":{"line":132,"column":52}}},"18":{"name":"(anonymous_19)","decl":{"start":{"line":137,"column":17},"end":{"line":137,"column":20}},"loc":{"start":{"line":137,"column":23},"end":{"line":137,"column":44}}}},"branchMap":{"0":{"loc":{"start":{"line":36,"column":6},"end":{"line":38,"column":7}},"type":"if","locations":[{"start":{"line":36,"column":6},"end":{"line":38,"column":7}},{"start":{},"end":{}}]},"1":{"loc":{"start":{"line":44,"column":6},"end":{"line":44,"column":37}},"type":"if","locations":[{"start":{"line":44,"column":6},"end":{"line":44,"column":37}},{"start":{},"end":{}}]},"2":{"loc":{"start":{"line":46,"column":6},"end":{"line":46,"column":64}},"type":"if","locations":[{"start":{"line":46,"column":6},"end":{"line":46,"column":64}},{"start":{},"end":{}}]},"3":{"loc":{"start":{"line":49,"column":8},"end":{"line":51,"column":9}},"type":"if","locations":[{"start":{"line":49,"column":8},"end":{"line":51,"column":9}},{"start":{},"end":{}}]},"4":{"loc":{"start":{"line":49,"column":12},"end":{"line":49,"column":48}},"type":"binary-expr","locations":[{"start":{"line":49,"column":12},"end":{"line":49,"column":37}},{"start":{"line":49,"column":41},"end":{"line":49,"column":48}}]},"5":{"loc":{"start":{"line":54,"column":6},"end":{"line":54,"column":50}},"type":"if","locations":[{"start":{"line":54,"column":6},"end":{"line":54,"column":50}},{"start":{},"end":{}}]},"6":{"loc":{"start":{"line":60,"column":4},"end":{"line":64,"column":5}},"type":"if","locations":[{"start":{"line":60,"column":4},"end":{"line":64,"column":5}},{"start":{"line":62,"column":11},"end":{"line":64,"column":5}}]},"7":{"loc":{"start":{"line":68,"column":4},"end":{"line":72,"column":5}},"type":"if","locations":[{"start":{"line":68,"column":4},"end":{"line":72,"column":5}},{"start":{"line":70,"column":11},"end":{"line":72,"column":5}}]},"8":{"loc":{"start":{"line":100,"column":2},"end":{"line":102,"column":3}},"type":"if","locations":[{"start":{"line":100,"column":2},"end":{"line":102,"column":3}},{"start":{},"end":{}}]},"9":{"loc":{"start":{"line":115,"column":17},"end":{"line":115,"column":44}},"type":"cond-expr","locations":[{"start":{"line":115,"column":26},"end":{"line":115,"column":37}},{"start":{"line":115,"column":40},"end":{"line":115,"column":44}}]},"10":{"loc":{"start":{"line":130,"column":7},"end":{"line":133,"column":10}},"type":"binary-expr","locations":[{"start":{"line":130,"column":7},"end":{"line":130,"column":25}},{"start":{"line":131,"column":8},"end":{"line":133,"column":10}}]},"11":{"loc":{"start":{"line":142,"column":10},"end":{"line":144,"column":19}},"type":"cond-expr","locations":[{"start":{"line":143,"column":14},"end":{"line":143,"column":63}},{"start":{"line":144,"column":14},"end":{"line":144,"column":19}}]},"12":{"loc":{"start":{"line":147,"column":10},"end":{"line":149,"column":19}},"type":"cond-expr","locations":[{"start":{"line":148,"column":14},"end":{"line":148,"column":65}},{"start":{"line":149,"column":14},"end":{"line":149,"column":19}}]}},"s":{"0":0,"1":0,"2":0,"3":0,"4":0,"5":0,"6":0,"7":0,"8":0,"9":0,"10":0,"11":0,"12":0,"13":0,"14":0,"15":0,"16":0,"17":0,"18":0,"19":0,"20":0,"21":0,"22":0,"23":0,"24":0,"25":0,"26":0,"27":0,"28":0,"29":0,"30":0,"31":0,"32":0,"33":0,"34":0,"35":0,"36":0,"37":0,"38":0,"39":0,"40":0,"41":0,"42":0,"43":0,"44":0,"45":0,"46":0,"47":0,"48":0,"49":0,"50":0,"51":0,"52":0,"53":0,"54":0,"55":0,"56":0,"57":0,"58":0,"59":0,"60":0,"61":0,"62":0,"63":0,"64":0,"65":0,"66":0},"f":{"0":0,"1":0,"2":0,"3":0,"4":0,"5":0,"6":0,"7":0,"8":0,"9":0,"10":0,"11":0,"12":0,"13":0,"14":0,"15":0,"16":0,"17":0,"18":0},"b":{"0":[0,0],"1":[0,0],"2":[0,0],"3":[0,0],"4":[0,0],"5":[0,0],"6":[0,0],"7":[0,0],"8":[0,0],"9":[0,0],"10":[0,0],"11":[0,0],"12":[0,0]}}
,"/home/karthick.v/React Phase 2 Project/vite-project/src/pages/MyProfile/MyProfile.tsx": {"path":"/home/karthick.v/React Phase 2 Project/vite-project/src/pages/MyProfile/MyProfile.tsx","statementMap":{"0":{"start":{"line":1,"column":0},"end":{"line":1,"column":44}},"1":{"start":{"line":2,"column":0},"end":{"line":2,"column":80}},"2":{"start":{"line":3,"column":0},"end":{"line":3,"column":42}},"3":{"start":{"line":5,"column":0},"end":{"line":5,"column":61}},"4":{"start":{"line":6,"column":0},"end":{"line":6,"column":79}},"5":{"start":{"line":7,"column":0},"end":{"line":7,"column":79}},"6":{"start":{"line":8,"column":0},"end":{"line":8,"column":85}},"7":{"start":{"line":9,"column":0},"end":{"line":9,"column":73}},"8":{"start":{"line":11,"column":0},"end":{"line":11,"column":55}},"9":{"start":{"line":27,"column":18},"end":{"line":153,"column":1}},"10":{"start":{"line":28,"column":26},"end":{"line":28,"column":53}},"11":{"start":{"line":29,"column":36},"end":{"line":29,"column":56}},"12":{"start":{"line":30,"column":34},"end":{"line":30,"column":49}},"13":{"start":{"line":32,"column":32},"end":{"line":32,"column":47}},"14":{"start":{"line":34,"column":22},"end":{"line":34,"column":67}},"15":{"start":{"line":34,"column":56},"end":{"line":34,"column":66}},"16":{"start":{"line":36,"column":21},"end":{"line":53,"column":3}},"17":{"start":{"line":37,"column":27},"end":{"line":51,"column":6}},"18":{"start":{"line":52,"column":4},"end":{"line":52,"column":22}},"19":{"start":{"line":55,"column":2},"end":{"line":59,"column":20}},"20":{"start":{"line":56,"column":4},"end":{"line":58,"column":5}},"21":{"start":{"line":57,"column":6},"end":{"line":57,"column":19}},"22":{"start":{"line":61,"column":2},"end":{"line":63,"column":20}},"23":{"start":{"line":62,"column":4},"end":{"line":62,"column":17}},"24":{"start":{"line":65,"column":21},"end":{"line":81,"column":3}},"25":{"start":{"line":66,"column":4},"end":{"line":80,"column":5}},"26":{"start":{"line":67,"column":28},"end":{"line":67,"column":58}},"27":{"start":{"line":68,"column":6},"end":{"line":68,"column":34}},"28":{"start":{"line":70,"column":6},"end":{"line":79,"column":7}},"29":{"start":{"line":71,"column":25},"end":{"line":71,"column":65}}
[...]
,"/home/karthick.v/React Phase 2 Project/vite-project/src/redux/Actions/userActions.ts": {"path":"/home/karthick.v/React Phase 2 Project/vite-project/src/redux/Actions/userActions.ts","statementMap":{"0":{"start":{"line":1,"column":0},"end":{"line":1,"column":null}},"1":{"start":{"line":73,"column":23},"end":{"line":81,"column":2}},"2":{"start":{"line":78,"column":6},"end":{"line":81,"column":2}},"3":{"start":{"line":73,"column":13},"end":{"line":73,"column":23}},"4":{"start":{"line":83,"column":26},"end":{"line":85,"column":2}},"5":{"start":{"line":83,"column":33},"end":{"line":85,"column":2}},"6":{"start":{"line":83,"column":13},"end":{"line":83,"column":26}},"7":{"start":{"line":87,"column":24},"end":{"line":90,"column":2}},"8":{"start":{"line":87,"column":45},"end":{"line":90,"column":2}},"9":{"start":{"line":87,"column":13},"end":{"line":87,"column":24}},"10":{"start":{"line":92,"column":30},"end":{"line":95,"column":2}},"11":{"start":{"line":92,"column":51},"end":{"line":95,"column":2}},"12":{"start":{"line":92,"column":13},"end":{"line":92,"column":30}},"13":{"start":{"line":97,"column":27},"end":{"line":100,"column":2}},"14":{"start":{"line":97,"column":65},"end":{"line":100,"column":2}},"15":{"start":{"line":97,"column":13},"end":{"line":97,"column":27}},"16":{"start":{"line":102,"column":27},"end":{"line":105,"column":2}},"17":{"start":{"line":102,"column":48},"end":{"line":105,"column":2}},"18":{"start":{"line":102,"column":13},"end":{"line":102,"column":27}},"19":{"start":{"line":107,"column":33},"end":{"line":110,"column":2}},"20":{"start":{"line":107,"column":54},"end":{"line":110,"column":2}},"21":{"start":{"line":107,"column":13},"end":{"line":107,"column":33}},"22":{"start":{"line":112,"column":37},"end":{"line":122,"column":2}},"23":{"start":{"line":119,"column":7},"end":{"line":122,"column":2}},"24":{"start":{"line":112,"column":13},"end":{"line":112,"column":37}},"25":{"start":{"line":124,"column":37},"end":{"line":129,"column":1}},"26":{"start":{"line":125,"column":2},"end":{"line":128,"column":4}},"27":{"start":{"line":124,"column":13},"end":{"line":124,"column":37}}},"fnMap":{"0":{"name":"(anonymous_0)","decl":{"start":{"line":73,"column":23},"end":{"line":73,"column":null}},"loc":{"start":{"line":78,"column":6},"end":{"line":81,"column":2}}},"1":{"name":"(anonymous_1)","decl":{"start":{"line":83,"column":26},"end":{"line":83,"column":29}},"loc":{"start":{"line":83,"column":33},"end":{"line":85,"column":2}}},"2":{"name":"(anonymous_2)","decl":{"start":{"line":87,"column":24},"end":{"line":87,"column":25}},"loc":{"start":{"line":87,"column":45},"end":{"line":90,"column":2}}},"3":{"name":"(anonymous_3)","decl":{"start":{"line":92,"column":30},"end":{"line":92,"column":31}},"loc":{"start":{"line":92,"column":51},"end":{"line":95,"column":2}}},"4":{"name":"(anonymous_4)","decl":{"start":{"line":97,"column":27},"end":{"line":97,"column":28}},"loc":{"start":{"line":97,"column":65},"end":{"line":100,"column":2}}},"5":{"name":"(anonymous_5)","decl":{"start":{"line":102,"column":27},"end":{"line":102,"column":28}},"loc":{"start":{"line":102,"column":48},"end":{"line":105,"column":2}}},"6":{"name":"(anonymous_6)","decl":{"start":{"line":107,"column":33},"end":{"line":107,"column":34}},"loc":{"start":{"line":107,"column":54},"end":{"line":110,"column":2}}},"7":{"name":"(anonymous_7)","decl":{"start":{"line":112,"column":37},"end":{"line":112,"column":38}},"loc":{"start":{"line":119,"column":7},"end":{"line":122,"column":2}}},"8":{"name":"(anonymous_8)","decl":{"start":{"line":124,"column":37},"end":{"line":124,"column":38}},"loc":{"start":{"line":124,"column":62},"end":{"line":129,"column":1}}}},"branchMap":{},"s":{"0":3,"1":3,"2":1,"3":3,"4":3,"5":1,"6":3,"7":3,"8":1,"9":3,"10":3,"11":1,"12":3,"13":3,"14":1,"15":3,"16":3,"17":1,"18":3,"19":3,"20":1,"21":3,"22":3,"23":6,"24":3,"25":3,"26":5,"27":3},"f":{"0":1,"1":1,"2":1,"3":1,"4":1,"5":1,"6":1,"7":6,"8":5},"b":{}}
,"/home/karthick.v/React Phase 2 Project/vite-project/src/redux/Reducers/errorReducer.ts": {"path":"/home/karthick.v/React Phase 2 Project/vite-project/src/redux/Reducers/errorReducer.ts","statementMap":{"0":{"start":{"line":7,"column":0},"end":{"line":7,"column":24}},"1":{"start":{"line":1,"column":0},"end":{"line":1,"column":55}},"2":{"start":{"line":3,"column":21},"end":{"line":5,"column":2}},"3":{"start":{"line":8,"column":2},"end":{"line":13,"column":3}},"4":{"start":{"line":10,"column":6},"end":{"line":10,"column":55}},"5":{"start":{"line":12,"column":6},"end":{"line":12,"column":19}}},"fnMap":{"0":{"name":"errorReducer","decl":{"start":{"line":7,"column":24},"end":{"line":7,"column":36}},"loc":{"start":{"line":7,"column":70},"end":{"line":14,"column":1}}}},"branchMap":{"0":{"loc":{"start":{"line":7,"column":37},"end":{"line":7,"column":57}},"type":"default-arg","locations":[{"start":{"line":7,"column":45},"end":{"line":7,"column":57}}]},"1":{"loc":{"start":{"line":8,"column":2},"end":{"line":13,"column":3}},"type":"switch","locations":[{"start":{"line":9,"column":4},"end":{"line":10,"column":55}},{"start":{"line":11,"column":4},"end":{"line":12,"column":19}}]}},"s":{"0":5,"1":5,"2":5,"3":24,"4":3,"5":21},"f":{"0":24},"b":{"0":[13],"1":[3,21]}}
,"/home/karthick.v/React Phase 2 Project/vite-project/src/redux/Reducers/postsReducers.ts": {"path":"/home/karthick.v/React Phase 2 Project/vite-project/src/redux/Reducers/postsReducers.ts","statementMap":{"0":{"start":{"line":2,"column":0},"end":{"line":2,"column":null}},"1":{"start":{"line":14,"column":36},"end":{"line":18,"column":2}},"2":{"start":{"line":20,"column":27},"end":{"line":45,"column":1}},"3":{"start":{"line":24,"column":2},"end":{"line":44,"column":3}},"4":{"start":{"line":26,"column":6},"end":{"line":26,"column":54}},"5":{"start":{"line":29,"column":6},"end":{"line":37,"column":8}},"6":{"start":{"line":40,"column":6},"end":{"line":40,"column":65}},"7":{"start":{"line":43,"column":6},"end":{"line":43,"column":19}},"8":{"start":{"line":20,"column":13},"end":{"line":20,"column":27}}},"fnMap":{"0":{"name":"(anonymous_0)","decl":{"start":{"line":20,"column":27},"end":{"line":20,"column":null}},"loc":{"start":{"line":23,"column":19},"end":{"line":45,"column":1}}}},"branchMap":{"0":{"loc":{"start":{"line":21,"column":2},"end":{"line":21,"column":22}},"type":"default-arg","locations":[{"start":{"line":21,"column":10},"end":{"line":21,"column":22}}]},"1":{"loc":{"start":{"line":24,"column":2},"end":{"line":44,"column":3}},"type":"switch","locations":[{"start":{"line":25,"column":4},"end":{"line":26,"column":54}},{"start":{"line":28,"column":4},"end":{"line":37,"column":8}},{"start":{"line":39,"column":4},"end":{"line":40,"column":65}},{"start":{"line":42,"column":4},"end":{"line":43,"column":19}}]},"2":{"loc":{"start":{"line":33,"column":10},"end":{"line":35,"column":49}},"type":"cond-expr","locations":[{"start":{"line":34,"column":14},"end":{"line":34,"column":28}},{"start":{"line":35,"column":14},"end":{"line":35,"column":49}}]},"3":{"loc":{"start":{"line":33,"column":10},"end":{"line":33,"column":52}},"type":"binary-expr","locations":[{"start":{"line":33,"column":10},"end":{"line":33,"column":26}},{"start":{"line":33,"column":30},"end":{"line":33,"column":52}}]}},"s":{"0":5,"1":5,"2":5,"3":25,"4":1,"5":1,"6":1,"7":22,"8":5},"f":{"0":25},"b":{"0":[13],"1":[1,1,1,22],"2":[1,0],"3":[1,1]}}
,"/home/karthick.v/React Phase 2 Project/vite-project/src/redux/Reducers/userReducer.ts": {"path":"/home/karthick.v/React Phase 2 Project/vite-project/src/redux/Reducers/userReducer.ts","statementMap":{"0":{"start":{"line":2,"column":0},"end":{"line":2,"column":null}},"1":{"start":{"line":54,"column":40},"end":{"line":72,"column":2}},"2":{"start":{"line":74,"column":27},"end":{"line":179,"column":1}},"3":{"start":{"line":78,"column":2},"end":{"line":178,"column":3}},"4":{"start":{"line":80,"column":6},"end":{"line":86,"column":8}},"5":{"start":{"line":89,"column":6},"end":{"line":89,"column":30}},"6":{"start":{"line":92,"column":6},"end":{"line":106,"column":7}},"7":{"start":{"line":93,"column":28},"end":{"line":93,"column":30}},"8":{"start":{"line":94,"column":8},"end":{"line":100,"column":9}},"9":{"start":{"line":95,"column":10},"end":{"line":97,"column":13}},"10":{"start":{"line":96,"column":12},"end":{"line":96,"column":43}},"11":{"start":{"line":99,"column":10},"end":{"line":99,"column":46}},"12":{"start":{"line":101,"column":8},"end":{"line":105,"column":10}},"13":{"start":{"line":107,"column":6},"end":{"line":107,"column":19}},"14":{"start":{"line":110,"column":28},"end":{"line":112,"column":8}},"15":{"start":{"line":111,"column":8},"end":{"line":111,"column":39}},"16":{"start":{"line":113,"column":6},"end":{"line":116,"column":8}},"17":{"start":{"line":120,"column":6},"end":{"line":129,"column":8}},"18":{"start":{"line":131,"column":6},"end":{"line":145,"column":7}},"19":{"start":{"line":132,"column":28},"end":{"line":132,"column":30}},"20":{"start":{"line":133,"column":8},"end":{"line":139,"column":9}},"21":{"start":{"line":134,"column":10},"end":{"line":136,"column":13}},"22":{"start":{"line":135,"column":12},"end":{"line":135,"column":43}},"23":{"start":{"line":138,"column":10},"end":{"line":138,"column":44}},"24":{"start":{"line":140,"column":8},"end":{"line":144,"column":10}},"25":{"start":{"line":146,"column":6},"end":{"line":146,"column":19}},"26":{"start":{"line":149,"column":28},"end":{"line":151,"column":8}},"27":{"start":{"line":150,"column":8},"end":{"line":150,"column":39}},"28":{"start":{"line":152,"column":6},"end":{"line":155,"column":8}},"29":{"start":{"line":158,"column":6},"end":{"line":169,"column":8}},"30":{"start":{"line":171,"column":6},"end":{"line":174,"column":8}},"31":{"start":{"line":177,"column":6},"end":{"line":177,"column":19}},"32":{"start":{"line":74,"column":13},"end":{"line":74,"column":27}}},"fnMap":{"0":{"name":"(anonymous_0)","decl":{"start":{"line":74,"column":27},"end":{"line":74,"column":null}},"loc":{"start":{"line":77,"column":19},"end":{"line":179,"column":1}}},"1":{"name":"(anonymous_1)","decl":{"start":{"line":95,"column":53},"end":{"line":95,"column":54}},"loc":{"start":{"line":95,"column":62},"end":{"line":97,"column":11}}},"2":{"name":"(anonymous_2)","decl":{"start":{"line":110,"column":53},"end":{"line":110,"column":54}},"loc":{"start":{"line":110,"column":62},"end":{"line":112,"column":7}}},"3":{"name":"(anonymous_3)","decl":{"start":{"line":134,"column":51},"end":{"line":134,"column":52}},"loc":{"start":{"line":134,"column":60},"end":{"line":136,"column":11}}},"4":{"name":"(anonymous_4)","decl":{"start":{"line":149,"column":55},"end":{"line":149,"column":56}},"loc":{"start":{"line":149,"column":64},"end":{"line":151,"column":7}}}},"branchMap":{"0":{"loc":{"start":{"line":75,"column":2},"end":{"line":75,"column":26}},"type":"default-arg","locations":[{"start":{"line":75,"column":10},"end":{"line":75,"column":26}}]},"1":{"loc":{"start":{"line":78,"column":2},"end":{"line":178,"column":3}},"type":"switch","locations":[{"start":{"line":79,"column":4},"end":{"line":86,"column":8}},{"start":{"line":88,"column":4},"end":{"line":89,"column":30}},{"start":{"line":91,"column":4},"end":{"line":108,"column":5}},{"start":{"line":109,"column":4},"end":{"line":117,"column":5}},{"start":{"line":119,"column":4},"end":{"line":129,"column":8}},{"start":{"line":130,"column":4},"end":{"line":147,"column":5}},{"start":{"line":148,"column":4},"end":{"line":156,"column":5}},{"start":{"line":157,"column":4},"end":{"line":169,"column":8}},{"start":{"line":170,"column":4},"end":{"line":174,"column":8}},{"start":{"line":176,"column":4},"end":{"line":177,"column":19}}]},"2":{"loc":{"start":{"line":92,"column":6},"end":{"line":106,"column":7}},"type":"if","locations":[{"start":{"line":92,"column":6},"end":{"line":106,"column":7}},{"start":{},"end":{}}]},"3":{"loc":{"start":{"line":94,"column":8},"end":{"line":100,"column":9}},"type":"if","locations":[{"start":{"line":94,"column":8},"end":{"line":100,"column":9}},{"start":{"line":98,"column":15},"end":{"line":100,"column":9}}]},"4":{"loc":{"start":{"line":131,"column":6},"end":{"line":145,"column":7}},"type":"if","locations":[{"start":{"line":131,"column":6},"end":{"line":145,"column":7}},{"start":{},"end":{}}]},"5":{"loc":{"start":{"line":133,"column":8},"end":{"line":139,"column":9}},"type":"if","locations":[{"start":{"line":133,"column":8},"end":{"line":139,"column":9}},{"start":{"line":137,"column":15},"end":{"line":139,"column":9}}]}},"s":{"0":5,"1":5,"2":5,"3":33,"4":1,"5":1,"6":2,"7":2,"8":2,"9":1,"10":1,"11":1,"12":2,"13":0,"14":1,"15":2,"16":1,"17":1,"18":2,"19":2,"20":2,"21":1,"22":1,"23":1,"24":2,"25":0,"26":1,"27":2,"28":1,"29":1,"30":1,"31":22,"32":5},"f":{"0":33,"1":1,"2":2,"3":1,"4":2},"b":{"0":[13],"1":[1,1,2,1,1,2,1,1,1,22],"2":[2,0],"3":[1,1],"4":[2,0],"5":[1,1]}}
,"/home/karthick.v/React Phase 2 Project/vite-project/src/redux/Store/store.ts": {"path":"/home/karthick.v/React Phase 2 Project/vite-project/src/redux/Store/store.ts","statementMap":{"0":{"start":{"line":1,"column":0},"end":{"line":1,"column":79}},"1":{"start":{"line":2,"column":0},"end":{"line":2,"column":61}},"2":{"start":{"line":3,"column":0},"end":{"line":3,"column":48}},"3":{"start":{"line":4,"column":0},"end":{"line":4,"column":54}},"4":{"start":{"line":5,"column":0},"end":{"line":5,"column":56}},"5":{"start":{"line":6,"column":0},"end":{"line":6,"column":36}},"6":{"start":{"line":7,"column":0},"end":{"line":7,"column":52}},"7":{"start":{"line":9,"column":19},"end":{"line":9,"column":26}},"8":{"start":{"line":10,"column":17},"end":{"line":10,"column":56}},"9":{"start":{"line":12,"column":20},"end":{"line":16,"column":2}},"10":{"start":{"line":18,"column":22},"end":{"line":22,"column":2}},"11":{"start":{"line":24,"column":25},"end":{"line":24,"column":74}},"12":{"start":{"line":26,"column":13},"end":{"line":26,"column":72}},"13":{"start":{"line":28,"column":13},"end":{"line":28,"column":45}}},"fnMap":{},"branchMap":{},"s":{"0":4,"1":4,"2":4,"3":4,"4":4,"5":4,"6":4,"7":4,"8":4,"9":4,"10":4,"11":4,"12":4,"13":4},"f":{},"b":{}}
,"/home/karthick.v/React Phase 2 Project/vite-project/src/services/apiCalls.ts": {"path":"/home/karthick.v/React Phase 2 Project/vite-project/src/services/apiCalls.ts","statementMap":{"0":{"start":{"line":1,"column":0},"end":{"line":1,"column":37}},"1":{"start":{"line":3,"column":27},"end":{"line":5,"column":1}},"2":{"start":{"line":4,"column":2},"end":{"line":4,"column":37}},"3":{"start":{"line":3,"column":13},"end":{"line":3,"column":27}},"4":{"start":{"line":7,"column":29},"end":{"line":9,"column":1}},"5":{"start":{"line":8,"column":2},"end":{"line":8,"column":33}},"6":{"start":{"line":7,"column":13},"end":{"line":7,"column":29}},"7":{"start":{"line":11,"column":32},"end":{"line":13,"column":1}},"8":{"start":{"line":12,"column":2},"end":{"line":12,"column":50}},"9":{"start":{"line":11,"column":13},"end":{"line":11,"column":32}},"10":{"start":{"line":15,"column":27},"end":{"line":17,"column":1}},"11":{"start":{"line":16,"column":2},"end":{"line":16,"column":55}},"12":{"start":{"line":15,"column":13},"end":{"line":15,"column":27}},"13":{"start":{"line":19,"column":34},"end":{"line":21,"column":1}},"14":{"start":{"line":20,"column":2},"end":{"line":20,"column":42}},"15":{"start":{"line":19,"column":13},"end":{"line":19,"column":34}},"16":{"start":{"line":23,"column":31},"end":{"line":25,"column":1}},"17":{"start":{"line":24,"column":2},"end":{"line":24,"column":45}},"18":{"start":{"line":23,"column":13},"end":{"line":23,"column":31}},"19":{"start":{"line":27,"column":32},"end":{"line":29,"column":1}},"20":{"start":{"line":28,"column":2},"end":{"line":28,"column":50}},"21":{"start":{"line":27,"column":13},"end":{"line":27,"column":32}},"22":{"start":{"line":31,"column":30},"end":{"line":33,"column":1}},"23":{"start":{"line":32,"column":2},"end":{"line":32,"column":32}},"24":{"start":{"line":31,"column":13},"end":{"line":31,"column":30}},"25":{"start":{"line":35,"column":35},"end":{"line":37,"column":1}},"26":{"start":{"line":36,"column":2},"end":{"line":36,"column":36}},"27":{"start":{"line":35,"column":13},"end":{"line":35,"column":35}}},"fnMap":{"0":{"name":"(anonymous_1)","decl":{"start":{"line":3,"column":27},"end":{"line":3,"column":30}},"loc":{"start":{"line":3,"column":32},"end":{"line":5,"column":1}}},"1":{"name":"(anonymous_2)","decl":{"start":{"line":7,"column":29},"end":{"line":7,"column":30}},"loc":{"start":{"line":7,"column":44},"end":{"line":9,"column":1}}},"2":{"name":"(anonymous_3)","decl":{"start":{"line":11,"column":32},"end":{"line":11,"column":33}},"loc":{"start":{"line":11,"column":55},"end":{"line":13,"column":1}}},"3":{"name":"(anonymous_4)","decl":{"start":{"line":15,"column":27},"end":{"line":15,"column":28}},"loc":{"start":{"line":15,"column":52},"end":{"line":17,"column":1}}},"4":{"name":"(anonymous_5)","decl":{"start":{"line":19,"column":34},"end":{"line":19,"column":35}},"loc":{"start":{"line":19,"column":53},"end":{"line":21,"column":1}}},"5":{"name":"(anonymous_6)","decl":{"start":{"line":23,"column":31},"end":{"line":23,"column":32}},"loc":{"start":{"line":23,"column":50},"end":{"line":25,"column":1}}},"6":{"name":"(anonymous_7)","decl":{"start":{"line":27,"column":32},"end":{"line":27,"column":33}},"loc":{"start":{"line":27,"column":55},"end":{"line":29,"column":1}}},"7":{"name":"(anonymous_8)","decl":{"start":{"line":31,"column":30},"end":{"line":31,"column":33}},"loc":{"start":{"line":31,"column":35},"end":{"line":33,"column":1}}},"8":{"name":"(anonymous_9)","decl":{"start":{"line":35,"column":35},"end":{"line":35,"column":38}},"loc":{"start":{"line":35,"column":40},"end":{"line":37,"column":1}}}},"branchMap":{"0":{"loc":{"start":{"line":15,"column":28},"end":{"line":15,"column":38}},"type":"default-arg","locations":[{"start":{"line":15,"column":36},"end":{"line":15,"column":38}}]},"1":{"loc":{"start":{"line":15,"column":40},"end":{"line":15,"column":48}},"type":"default-arg","locations":[{"start":{"line":15,"column":47},"end":{"line":15,"column":48}}]}},"s":{"0":2,"1":2,"2":1,"3":2,"4":2,"5":1,"6":2,"7":2,"8":1,"9":2,"10":2,"11":1,"12":2,"13":2,"14":1,"15":2,"16":2,"17":1,"18":2,"19":2,"20":1,"21":2,"22":2,"23":1,"24":2,"25":2,"26":1,"27":2},"f":{"0":1,"1":1,"2":1,"3":1,"4":1,"5":1,"6":1,"7":1,"8":1},"b":{"0":[1],"1":[1]}}
,"/home/karthick.v/React Phase 2 Project/vite-project/src/services/axiosInterceptor.ts": {"path":"/home/karthick.v/React Phase 2 Project/vite-project/src/services/axiosInterceptor.ts","statementMap":{"0":{"start":{"line":1,"column":0},"end":{"line":1,"column":26}},"1":{"start":{"line":2,"column":0},"end":{"line":2,"column":59}},"2":{"start":{"line":3,"column":0},"end":{"line":3,"column":45}},"3":{"start":{"line":5,"column":12},"end":{"line":7,"column":2}},"4":{"start":{"line":9,"column":0},"end":{"line":15,"column":2}},"5":{"start":{"line":10,"column":16},"end":{"line":10,"column":24}},"6":{"start":{"line":12,"column":4},"end":{"line":12,"column":38}},"7":{"start":{"line":13,"column":4},"end":{"line":13,"column":33}},"8":{"start":{"line":17,"column":0},"end":{"line":17,"column":19}}},"fnMap":{"0":{"name":"(anonymous_1)","decl":{"start":{"line":10,"column":2},"end":{"line":10,"column":3}},"loc":{"start":{"line":10,"column":16},"end":{"line":10,"column":24}}},"1":{"name":"(anonymous_2)","decl":{"start":{"line":11,"column":2},"end":{"line":11,"column":3}},"loc":{"start":{"line":11,"column":12},"end":{"line":14,"column":3}}}},"branchMap":{},"s":{"0":3,"1":3,"2":3,"3":3,"4":3,"5":10,"6":1,"7":1,"8":3},"f":{"0":10,"1":1},"b":{}}
}
