{"/home/karthick.v/React Phase 2 Project/vite-project/src/main.tsx": {"path":"/home/karthick.v/React Phase 2 Project/vite-project/src/main.tsx","statementMap":{"0":{"start":{"line":1,"column":0},"end":{"line":1,"column":46}},"1":{"start":{"line":2,"column":0},"end":{"line":2,"column":21}},"2":{"start":{"line":3,"column":0},"end":{"line":3,"column":71}},"3":{"start":{"line":4,"column":0},"end":{"line":4,"column":39}},"4":{"start":{"line":5,"column":0},"end":{"line":5,"column":47}},"5":{"start":{"line":6,"column":0},"end":{"line":6,"column":59}},"6":{"start":{"line":7,"column":0},"end":{"line":7,"column":39}},"7":{"start":{"line":9,"column":0},"end":{"line":9,"column":79}},"8":{"start":{"line":12,"column":14},"end":{"line":12,"column":58}},"9":{"start":{"line":12,"column":24},"end":{"line":12,"column":57}},"10":{"start":{"line":13,"column":15},"end":{"line":13,"column":60}},"11":{"start":{"line":13,"column":25},"end":{"line":13,"column":59}},"12":{"start":{"line":14,"column":13},"end":{"line":14,"column":56}},"13":{"start":{"line":14,"column":23},"end":{"line":14,"column":55}},"14":{"start":{"line":15,"column":18},"end":{"line":15,"column":71}},"15":{"start":{"line":15,"column":28},"end":{"line":15,"column":70}},"16":{"start":{"line":16,"column":20},"end":{"line":16,"column":77}},"17":{"start":{"line":16,"column":30},"end":{"line":16,"column":76}},"18":{"start":{"line":17,"column":20},"end":{"line":17,"column":77}},"19":{"start":{"line":17,"column":30},"end":{"line":17,"column":76}},"20":{"start":{"line":18,"column":20},"end":{"line":18,"column":77}},"21":{"start":{"line":18,"column":30},"end":{"line":18,"column":76}},"22":{"start":{"line":19,"column":18},"end":{"line":19,"column":71}},"23":{"start":{"line":19,"column":28},"end":{"line":19,"column":70}},"24":{"start":{"line":20,"column":21},"end":{"line":20,"column":80}},"25":{"start":{"line":20,"column":31},"end":{"line":20,"column":79}},"26":{"start":{"line":22,"column":13},"end":{"line":45,"column":3}},"27":{"start":{"line":47,"column":15},"end":{"line":87,"column":2}},"28":{"start":{"line":89,"column":0},"end":{"line":97,"column":2}}},"fnMap":{"0":{"name":"(anonymous_10)","decl":{"start":{"line":12,"column":19},"end":{"line":12,"column":22}},"loc":{"start":{"line":12,"column":24},"end":{"line":12,"column":57}}},"1":{"name":"(anonymous_11)","decl":{"start":{"line":12,"column":24},"end":{"line":12,"column":32}},"loc":{"start":{"line":12,"column":24},"end":{"line":12,"column":57}}},"2":{"name":"(anonymous_12)","decl":{"start":{"line":13,"column":20},"end":{"line":13,"column":23}},"loc":{"start":{"line":13,"column":25},"end":{"line":13,"column":59}}},"3":{"name":"(anonymous_13)","decl":{"start":{"line":13,"column":25},"end":{"line":13,"column":33}},"loc":{"start":{"line":13,"column":25},"end":{"line":13,"column":59}}},"4":{"name":"(anonymous_14)","decl":{"start":{"line":14,"column":18},"end":{"line":14,"column":21}},"loc":{"start":{"line":14,"column":23},"end":{"line":14,"column":55}}},"5":{"name":"(anonymous_15)","decl":{"start":{"line":14,"column":23},"end":{"line":14,"column":31}},"loc":{"start":{"line":14,"column":23},"end":{"line":14,"column":55}}},"6":{"name":"(anonymous_16)","decl":{"start":{"line":15,"column":23},"end":{"line":15,"column":26}},"loc":{"start":{"line":15,"column":28},"end":{"line":15,"column":70}}},"7":{"name":"(anonymous_17)","decl":{"start":{"line":15,"column":28},"end":{"line":15,"column":36}},"loc":{"start":{"line":15,"column":28},"end":{"line":15,"column":70}}},"8":{"name":"(anonymous_18)","decl":{"start":{"line":16,"column":25},"end":{"line":16,"column":28}},"loc":{"start":{"line":16,"column":30},"end":{"line":16,"column":76}}},"9":{"name":"(anonymous_19)","decl":{"start":{"line":16,"column":30},"end":{"line":16,"column":38}},"loc":{"start":{"line":16,"column":30},"end":{"line":16,"column":76}}},"10":{"name":"(anonymous_20)","decl":{"start":{"line":17,"column":25},"end":{"line":17,"column":28}},"loc":{"start":{"line":17,"column":30},"end":{"line":17,"column":76}}},"11":{"name":"(anonymous_21)","decl":{"start":{"line":17,"column":30},"end":{"line":17,"column":38}},"loc":{"start":{"line":17,"column":30},"end":{"line":17,"column":76}}},"12":{"name":"(anonymous_22)","decl":{"start":{"line":18,"column":25},"end":{"line":18,"column":28}},"loc":{"start":{"line":18,"column":30},"end":{"line":18,"column":76}}},"13":{"name":"(anonymous_23)","decl":{"start":{"line":18,"column":30},"end":{"line":18,"column":38}},"loc":{"start":{"line":18,"column":30},"end":{"line":18,"column":76}}},"14":{"name":"(anonymous_24)","decl":{"start":{"line":19,"column":23},"end":{"line":19,"column":26}},"loc":{"start":{"line":19,"column":28},"end":{"line":19,"column":70}}},"15":{"name":"(anonymous_25)","decl":{"start":{"line":19,"column":28},"end":{"line":19,"column":36}},"loc":{"start":{"line":19,"column":28},"end":{"line":19,"column":70}}},"16":{"name":"(anonymous_26)","decl":{"start":{"line":20,"column":26},"end":{"line":20,"column":29}},"loc":{"start":{"line":20,"column":31},"end":{"line":20,"column":79}}},"17":{"name":"(anonymous_27)","decl":{"start":{"line":20,"column":31},"end":{"line":20,"column":39}},"loc":{"start":{"line":20,"column":31},"end":{"line":20,"column":79}}}},"branchMap":{},"s":{"0":0,"1":0,"2":0,"3":0,"4":0,"5":0,"6":0,"7":0,"8":0,"9":0,"10":0,"11":0,"12":0,"13":0,"14":0,"15":0,"16":0,"17":0,"18":0,"19":0,"20":0,"21":0,"22":0,"23":0,"24":0,"25":0,"26":0,"27":0,"28":0},"f":{"0":0,"1":0,"2":0,"3":0,"4":0,"5":0,"6":0,"7":0,"8":0,"9":0,"10":0,"11":0,"12":0,"13":0,"14":0,"15":0,"16":0,"17":0},"b":{}}
,"/home/karthick.v/React Phase 2 Project/vite-project/src/components/AddPostDialog/AddPostDialog.tsx": {"path":"/home/karthick.v/React Phase 2 Project/vite-project/src/components/AddPostDialog/AddPostDialog.tsx","statementMap":{"0":{"start":{"line":1,"column":0},"end":{"line":1,"column":51}},"1":{"start":{"line":2,"column":0},"end":{"line":2,"column":null}},"2":{"start":{"line":12,"column":0},"end":{"line":12,"column":62}},"3":{"start":{"line":13,"column":0},"end":{"line":13,"column":55}},"4":{"start":{"line":15,"column":0},"end":{"line":15,"column":72}},"5":{"start":{"line":16,"column":0},"end":{"line":16,"column":44}},"6":{"start":{"line":17,"column":0},"end":{"line":17,"column":62}},"7":{"start":{"line":25,"column":52},"end":{"line":146,"column":1}},"8":{"start":{"line":30,"column":19},"end":{"line":30,"column":32}},"9":{"start":{"line":32,"column":28},"end":{"line":32,"column":40}},"10":{"start":{"line":33,"column":26},"end":{"line":33,"column":38}},"11":{"start":{"line":34,"column":44},"end":{"line":34,"column":66}},"12":{"start":{"line":35,"column":42},"end":{"line":35,"column":64}},"13":{"start":{"line":37,"column":22},"end":{"line":37,"column":67}},"14":{"start":{"line":37,"column":56},"end":{"line":37,"column":66}},"15":{"start":{"line":39,"column":20},"end":{"line":39,"column":75}},"16":{"start":{"line":39,"column":51},"end":{"line":39,"column":74}},"17":{"start":{"line":41,"column":2},"end":{"line":50,"column":13}},"18":{"start":{"line":42,"column":4},"end":{"line":49,"column":5}},"19":{"start":{"line":43,"column":6},"end":{"line":48,"column":11}},"20":{"start":{"line":44,"column":23},"end":{"line":44,"column":49}},"21":{"start":{"line":46,"column":10},"end":{"line":46,"column":null}},"22":{"start":{"line":47,"column":10},"end":{"line":47,"column":null}},"23":{"start":{"line":52,"column":23},"end":{"line":67,"column":3}},"24":{"start":{"line":53,"column":4},"end":{"line":66,"column":5}},"25":{"start":{"line":54,"column":22},"end":{"line":62,"column":8}},"26":{"start":{"line":63,"column":6},"end":{"line":63,"column":47}},"27":{"start":{"line":65,"column":6},"end":{"line":65,"column":20}},"28":{"start":{"line":69,"column":22},"end":{"line":74,"column":3}},"29":{"start":{"line":70,"column":4},"end":{"line":70,"column":17}},"30":{"start":{"line":71,"column":4},"end":{"line":71,"column":16}},"31":{"start":{"line":72,"column":4},"end":{"line":72,"column":24}},"32":{"start":{"line":73,"column":4},"end":{"line":73,"column":14}},"33":{"start":{"line":76,"column":2},"end":{"line":79,"column":3}},"34":{"start":{"line":78,"column":4},"end":{"line":78,"column":null}},"35":{"start":{"line":81,"column":2},"end":{"line":145,"column":4}},"36":{"start":{"line":97,"column":29},"end":{"line":97,"column":53}},"37":{"start":{"line":107,"column":29},"end":{"line":107,"column":52}},"38":{"start":{"line":114,"column":40},"end":{"line":114,"column":62}},"39":{"start":{"line":116,"column":14},"end":{"line":121,"column":null}},"40":{"start":{"line":148,"column":0},"end":{"line":148,"column":29}}},"fnMap":{"0":{"name":"(anonymous_1)","decl":{"start":{"line":25,"column":52},"end":{"line":25,"column":53}},"loc":{"start":{"line":29,"column":5},"end":{"line":146,"column":1}}},"1":{"name":"(anonymous_2)","decl":{"start":{"line":37,"column":34},"end":{"line":37,"column":35}},"loc":{"start":{"line":37,"column":56},"end":{"line":37,"column":66}}},"2":{"name":"(anonymous_3)","decl":{"start":{"line":39,"column":32},"end":{"line":39,"column":33}},"loc":{"start":{"line":39,"column":51},"end":{"line":39,"column":74}}},"3":{"name":"(anonymous_4)","decl":{"start":{"line":41,"column":12},"end":{"line":41,"column":15}},"loc":{"start":{"line":41,"column":17},"end":{"line":50,"column":3}}},"4":{"name":"(anonymous_5)","decl":{"start":{"line":44,"column":14},"end":{"line":44,"column":15}},"loc":{"start":{"line":44,"column":23},"end":{"line":44,"column":49}}},"5":{"name":"(anonymous_6)","decl":{"start":{"line":45,"column":15},"end":{"line":45,"column":16}},"loc":{"start":{"line":45,"column":25},"end":{"line":48,"column":9}}},"6":{"name":"(anonymous_7)","decl":{"start":{"line":52,"column":23},"end":{"line":52,"column":26}},"loc":{"start":{"line":52,"column":28},"end":{"line":67,"column":3}}},"7":{"name":"(anonymous_8)","decl":{"start":{"line":69,"column":22},"end":{"line":69,"column":25}},"loc":{"start":{"line":69,"column":27},"end":{"line":74,"column":3}}},"8":{"name":"(anonymous_9)","decl":{"start":{"line":97,"column":22},"end":{"line":97,"column":23}},"loc":{"start":{"line":97,"column":29},"end":{"line":97,"column":53}}},"9":{"name":"(anonymous_10)","decl":{"start":{"line":107,"column":22},"end":{"line":107,"column":23}},"loc":{"start":{"line":107,"column":29},"end":{"line":107,"column":52}}},"10":{"name":"(anonymous_11)","decl":{"start":{"line":114,"column":22},"end":{"line":114,"column":23}},"loc":{"start":{"line":114,"column":40},"end":{"line":114,"column":62}}},"11":{"name":"(anonymous_12)","decl":{"start":{"line":115,"column":25},"end":{"line":115,"column":26}},"loc":{"start":{"line":116,"column":14},"end":{"line":121,"column":null}}}},"branchMap":{"0":{"loc":{"start":{"line":42,"column":4},"end":{"line":49,"column":5}},"type":"if","locations":[{"start":{"line":42,"column":4},"end":{"line":49,"column":5}},{"start":{},"end":{}}]},"1":{"loc":{"start":{"line":53,"column":4},"end":{"line":66,"column":5}},"type":"if","locations":[{"start":{"line":53,"column":4},"end":{"line":66,"column":5}},{"start":{},"end":{}}]},"2":{"loc":{"start":{"line":53,"column":8},"end":{"line":53,"column":35}},"type":"binary-expr","locations":[{"start":{"line":53,"column":8},"end":{"line":53,"column":20}},{"start":{"line":53,"column":24},"end":{"line":53,"column":35}}]},"3":{"loc":{"start":{"line":76,"column":2},"end":{"line":79,"column":3}},"type":"if","locations":[{"start":{"line":76,"column":2},"end":{"line":79,"column":3}},{"start":{},"end":{}}]}},"s":{"0":1,"1":1,"2":1,"3":1,"4":1,"5":1,"6":1,"7":1,"8":126,"9":126,"10":126,"11":126,"12":126,"13":126,"14":139,"15":126,"16":139,"17":126,"18":13,"19":12,"20":11,"21":1,"22":1,"23":126,"24":5,"25":2,"26":2,"27":2,"28":126,"29":3,"30":3,"31":3,"32":3,"33":126,"34":0,"35":126,"36":48,"37":50,"38":2,"39":152,"40":1},"f":{"0":126,"1":139,"2":139,"3":13,"4":11,"5":1,"6":5,"7":3,"8":48,"9":50,"10":2,"11":152},"b":{"0":[12,1],"1":[2,3],"2":[5,3],"3":[0,126]}}
,"/home/karthick.v/React Phase 2 Project/vite-project/src/components/ApiError/ApiError.tsx": {"path":"/home/karthick.v/React Phase 2 Project/vite-project/src/components/ApiError/ApiError.tsx","statementMap":{"0":{"start":{"line":2,"column":0},"end":{"line":2,"column":56}},"1":{"start":{"line":3,"column":0},"end":{"line":3,"column":64}},"2":{"start":{"line":4,"column":0},"end":{"line":4,"column":59}},"3":{"start":{"line":5,"column":0},"end":{"line":5,"column":42}},"4":{"start":{"line":6,"column":0},"end":{"line":6,"column":62}},"5":{"start":{"line":8,"column":27},"end":{"line":68,"column":1}},"6":{"start":{"line":9,"column":19},"end":{"line":9,"column":32}},"7":{"start":{"line":11,"column":24},"end":{"line":14,"column":3}},"8":{"start":{"line":12,"column":4},"end":{"line":12,"column":33}},"9":{"start":{"line":13,"column":4},"end":{"line":13,"column":29}},"10":{"start":{"line":16,"column":2},"end":{"line":67,"column":4}},"11":{"start":{"line":70,"column":0},"end":{"line":70,"column":24}}},"fnMap":{"0":{"name":"(anonymous_1)","decl":{"start":{"line":8,"column":27},"end":{"line":8,"column":30}},"loc":{"start":{"line":8,"column":32},"end":{"line":68,"column":1}}},"1":{"name":"(anonymous_2)","decl":{"start":{"line":11,"column":24},"end":{"line":11,"column":27}},"loc":{"start":{"line":11,"column":29},"end":{"line":14,"column":3}}}},"branchMap":{},"s":{"0":6,"1":6,"2":6,"3":6,"4":6,"5":6,"6":12,"7":12,"8":5,"9":5,"10":12,"11":6},"f":{"0":12,"1":5},"b":{}}
,"/home/karthick.v/React Phase 2 Project/vite-project/src/components/AuthImage/AuthImage.tsx": {"path":"/home/karthick.v/React Phase 2 Project/vite-project/src/components/AuthImage/AuthImage.tsx","statementMap":{"0":{"start":{"line":1,"column":0},"end":{"line":1,"column":36}},"1":{"start":{"line":2,"column":0},"end":{"line":2,"column":63}},"2":{"start":{"line":4,"column":18},"end":{"line":17,"column":1}},"3":{"start":{"line":5,"column":2},"end":{"line":16,"column":4}},"4":{"start":{"line":19,"column":0},"end":{"line":19,"column":25}}},"fnMap":{"0":{"name":"(anonymous_1)","decl":{"start":{"line":4,"column":18},"end":{"line":4,"column":21}},"loc":{"start":{"line":4,"column":23},"end":{"line":17,"column":1}}}},"branchMap":{},"s":{"0":3,"1":3,"2":3,"3":44,"4":3},"f":{"0":44},"b":{}}
,"/home/karthick.v/React Phase 2 Project/vite-project/src/components/AuthProtectedRoutes/AuthProtectedRoutes.tsx": {"path":"/home/karthick.v/React Phase 2 Project/vite-project/src/components/AuthProtectedRoutes/AuthProtectedRoutes.tsx","statementMap":{"0":{"start":{"line":3,"column":0},"end":{"line":3,"column":42}},"1":{"start":{"line":4,"column":0},"end":{"line":4,"column":44}},"2":{"start":{"line":10,"column":60},"end":{"line":18,"column":1}},"3":{"start":{"line":11,"column":22},"end":{"line":11,"column":67}},"4":{"start":{"line":11,"column":56},"end":{"line":11,"column":66}},"5":{"start":{"line":12,"column":26},"end":{"line":12,"column":45}},"6":{"start":{"line":13,"column":2},"end":{"line":17,"column":3}},"7":{"start":{"line":14,"column":4},"end":{"line":14,"column":20}},"8":{"start":{"line":16,"column":4},"end":{"line":16,"column":35}},"9":{"start":{"line":20,"column":0},"end":{"line":20,"column":35}}},"fnMap":{"0":{"name":"(anonymous_0)","decl":{"start":{"line":10,"column":60},"end":{"line":10,"column":61}},"loc":{"start":{"line":10,"column":77},"end":{"line":18,"column":1}}},"1":{"name":"(anonymous_1)","decl":{"start":{"line":11,"column":34},"end":{"line":11,"column":35}},"loc":{"start":{"line":11,"column":56},"end":{"line":11,"column":66}}}},"branchMap":{"0":{"loc":{"start":{"line":13,"column":2},"end":{"line":17,"column":3}},"type":"if","locations":[{"start":{"line":13,"column":2},"end":{"line":17,"column":3}},{"start":{"line":15,"column":9},"end":{"line":17,"column":3}}]}},"s":{"0":1,"1":1,"2":1,"3":11,"4":22,"5":11,"6":11,"7":7,"8":4,"9":1},"f":{"0":11,"1":22},"b":{"0":[7,4]}}
,"/home/karthick.v/React Phase 2 Project/vite-project/src/components/EditProfileDialog/EditProfileDialog.tsx": {"path":"/home/karthick.v/React Phase 2 Project/vite-project/src/components/EditProfileDialog/EditProfileDialog.tsx","statementMap":{"0":{"start":{"line":1,"column":0},"end":{"line":1,"column":49}},"1":{"start":{"line":2,"column":0},"end":{"line":2,"column":null}},"2":{"start":{"line":11,"column":0},"end":{"line":11,"column":42}},"3":{"start":{"line":12,"column":0},"end":{"line":12,"column":72}},"4":{"start":{"line":40,"column":60},"end":{"line":198,"column":1}},"5":{"start":{"line":45,"column":19},"end":{"line":45,"column":32}},"6":{"start":{"line":46,"column":34},"end":{"line":46,"column":55}},"7":{"start":{"line":48,"column":23},"end":{"line":62,"column":3}},"8":{"start":{"line":49,"column":28},"end":{"line":49,"column":36}},"9":{"start":{"line":51,"column":4},"end":{"line":61,"column":5}},"10":{"start":{"line":52,"column":6},"end":{"line":58,"column":10}},"11":{"start":{"line":52,"column":29},"end":{"line":58,"column":8}},"12":{"start":{"line":60,"column":6},"end":{"line":60,"column":58}},"13":{"start":{"line":60,"column":29},"end":{"line":60,"column":55}},"14":{"start":{"line":64,"column":22},"end":{"line":74,"column":16}},"15":{"start":{"line":65,"column":4},"end":{"line":73,"column":6}},"16":{"start":{"line":76,"column":23},"end":{"line":91,"column":3}},"17":{"start":{"line":77,"column":4},"end":{"line":89,"column":6}},"18":{"start":{"line":90,"column":4},"end":{"line":90,"column":14}},"19":{"start":{"line":93,"column":2},"end":{"line":197,"column":4}},"20":{"start":{"line":200,"column":0},"end":{"line":200,"column":33}}},"fnMap":{"0":{"name":"(anonymous_0)","decl":{"start":{"line":40,"column":60},"end":{"line":40,"column":61}},"loc":{"start":{"line":44,"column":5},"end":{"line":198,"column":1}}},"1":{"name":"(anonymous_1)","decl":{"start":{"line":48,"column":23},"end":{"line":48,"column":24}},"loc":{"start":{"line":48,"column":66},"end":{"line":62,"column":3}}},"2":{"name":"(anonymous_2)","decl":{"start":{"line":52,"column":18},"end":{"line":52,"column":19}},"loc":{"start":{"line":52,"column":29},"end":{"line":58,"column":8}}},"3":{"name":"(anonymous_3)","decl":{"start":{"line":60,"column":18},"end":{"line":60,"column":19}},"loc":{"start":{"line":60,"column":29},"end":{"line":60,"column":55}}},"4":{"name":"(anonymous_4)","decl":{"start":{"line":64,"column":30},"end":{"line":64,"column":33}},"loc":{"start":{"line":64,"column":35},"end":{"line":74,"column":3}}},"5":{"name":"(anonymous_5)","decl":{"start":{"line":76,"column":23},"end":{"line":76,"column":26}},"loc":{"start":{"line":76,"column":28},"end":{"line":91,"column":3}}}},"branchMap":{"0":{"loc":{"start":{"line":51,"column":4},"end":{"line":61,"column":5}},"type":"if","locations":[{"start":{"line":51,"column":4},"end":{"line":61,"column":5}},{"start":{"line":59,"column":11},"end":{"line":61,"column":5}}]},"1":{"loc":{"start":{"line":51,"column":8},"end":{"line":51,"column":57}},"type":"binary-expr","locations":[{"start":{"line":51,"column":8},"end":{"line":51,"column":30}},{"start":{"line":51,"column":34},"end":{"line":51,"column":57}}]},"2":{"loc":{"start":{"line":56,"column":11},"end":{"line":56,"column":52}},"type":"cond-expr","locations":[{"start":{"line":56,"column":36},"end":{"line":56,"column":42}},{"start":{"line":56,"column":45},"end":{"line":56,"column":52}}]},"3":{"loc":{"start":{"line":66,"column":6},"end":{"line":72,"column":42}},"type":"binary-expr","locations":[{"start":{"line":66,"column":6},"end":{"line":66,"column":38}},{"start":{"line":67,"column":6},"end":{"line":67,"column":37}},{"start":{"line":68,"column":6},"end":{"line":68,"column":34}},{"start":{"line":69,"column":6},"end":{"line":69,"column":34}},{"start":{"line":70,"column":6},"end":{"line":70,"column":35}},{"start":{"line":71,"column":6},"end":{"line":71,"column":41}},{"start":{"line":72,"column":6},"end":{"line":72,"column":42}}]}},"s":{"0":1,"1":1,"2":1,"3":1,"4":1,"5":253,"6":253,"7":253,"8":221,"9":221,"10":97,"11":97,"12":124,"13":124,"14":253,"15":253,"16":253,"17":5,"18":5,"19":253,"20":1},"f":{"0":253,"1":221,"2":97,"3":124,"4":253,"5":5},"b":{"0":[97,124],"1":[221,160],"2":[61,36],"3":[253,242,238,236,233,231,226]}}
,"/home/karthick.v/React Phase 2 Project/vite-project/src/components/Navbar/Navbar.tsx": {"path":"/home/karthick.v/React Phase 2 Project/vite-project/src/components/Navbar/Navbar.tsx","statementMap":{"0":{"start":{"line":1,"column":0},"end":{"line":1,"column":null}},"1":{"start":{"line":13,"column":0},"end":{"line":13,"column":null}},"2":{"start":{"line":21,"column":0},"end":{"line":21,"column":69}},"3":{"start":{"line":22,"column":0},"end":{"line":22,"column":48}},"4":{"start":{"line":23,"column":0},"end":{"line":23,"column":42}},"5":{"start":{"line":24,"column":0},"end":{"line":24,"column":61}},"6":{"start":{"line":26,"column":17},"end":{"line":46,"column":2}},"7":{"start":{"line":48,"column":15},"end":{"line":245,"column":1}},"8":{"start":{"line":49,"column":19},"end":{"line":49,"column":32}},"9":{"start":{"line":50,"column":19},"end":{"line":50,"column":32}},"10":{"start":{"line":51,"column":19},"end":{"line":51,"column":32}},"11":{"start":{"line":52,"column":16},"end":{"line":52,"column":26}},"12":{"start":{"line":53,"column":19},"end":{"line":53,"column":54}},"13":{"start":{"line":54,"column":19},"end":{"line":54,"column":77}},"14":{"start":{"line":56,"column":23},"end":{"line":59,"column":3}},"15":{"start":{"line":57,"column":4},"end":{"line":57,"column":27}},"16":{"start":{"line":58,"column":4},"end":{"line":58,"column":18}},"17":{"start":{"line":61,"column":22},"end":{"line":61,"column":78}},"18":{"start":{"line":61,"column":46},"end":{"line":61,"column":78}},"19":{"start":{"line":63,"column":2},"end":{"line":112,"column":3}},"20":{"start":{"line":64,"column":4},"end":{"line":111,"column":6}},"21":{"start":{"line":83,"column":12},"end":{"line":84,"column":null}},"22":{"start":{"line":114,"column":2},"end":{"line":162,"column":3}},"23":{"start":{"line":115,"column":4},"end":{"line":161,"column":6}},"24":{"start":{"line":131,"column":10},"end":{"line":132,"column":null}},"25":{"start":{"line":164,"column":2},"end":{"line":244,"column":4}},"26":{"start":{"line":193,"column":27},"end":{"line":193,"column":49}},"27":{"start":{"line":194,"column":12},"end":{"line":219,"column":14}},"28":{"start":{"line":247,"column":0},"end":{"line":247,"column":22}}},"fnMap":{"0":{"name":"(anonymous_0)","decl":{"start":{"line":48,"column":15},"end":{"line":48,"column":18}},"loc":{"start":{"line":48,"column":20},"end":{"line":245,"column":1}}},"1":{"name":"(anonymous_1)","decl":{"start":{"line":56,"column":23},"end":{"line":56,"column":26}},"loc":{"start":{"line":56,"column":28},"end":{"line":59,"column":3}}},"2":{"name":"(anonymous_2)","decl":{"start":{"line":61,"column":22},"end":{"line":61,"column":23}},"loc":{"start":{"line":61,"column":46},"end":{"line":61,"column":78}}},"3":{"name":"(anonymous_3)","decl":{"start":{"line":82,"column":24},"end":{"line":82,"column":25}},"loc":{"start":{"line":83,"column":12},"end":{"line":84,"column":null}}},"4":{"name":"(anonymous_4)","decl":{"start":{"line":130,"column":22},"end":{"line":130,"column":23}},"loc":{"start":{"line":131,"column":10},"end":{"line":132,"column":null}}},"5":{"name":"(anonymous_5)","decl":{"start":{"line":192,"column":24},"end":{"line":192,"column":25}},"loc":{"start":{"line":192,"column":33},"end":{"line":220,"column":11}}}},"branchMap":{"0":{"loc":{"start":{"line":63,"column":2},"end":{"line":112,"column":3}},"type":"if","locations":[{"start":{"line":63,"column":2},"end":{"line":112,"column":3}},{"start":{},"end":{}}]},"1":{"loc":{"start":{"line":114,"column":2},"end":{"line":162,"column":3}},"type":"if","locations":[{"start":{"line":114,"column":2},"end":{"line":162,"column":3}},{"start":{},"end":{}}]},"2":{"loc":{"start":{"line":137,"column":21},"end":{"line":139,"column":46}},"type":"cond-expr","locations":[{"start":{"line":138,"column":18},"end":{"line":138,"column":45}},{"start":{"line":139,"column":18},"end":{"line":139,"column":46}}]},"3":{"loc":{"start":{"line":142,"column":31},"end":{"line":144,"column":31}},"type":"cond-expr","locations":[{"start":{"line":143,"column":18},"end":{"line":143,"column":52}},{"start":{"line":144,"column":18},"end":{"line":144,"column":31}}]},"4":{"loc":{"start":{"line":203,"column":27},"end":{"line":205,"column":52}},"type":"cond-expr","locations":[{"start":{"line":204,"column":24},"end":{"line":204,"column":58}},{"start":{"line":205,"column":24},"end":{"line":205,"column":52}}]},"5":{"loc":{"start":{"line":206,"column":29},"end":{"line":208,"column":37}},"type":"cond-expr","locations":[{"start":{"line":207,"column":24},"end":{"line":207,"column":51}},{"start":{"line":208,"column":24},"end":{"line":208,"column":37}}]}},"s":{"0":1,"1":1,"2":1,"3":1,"4":1,"5":1,"6":1,"7":1,"8":5,"9":5,"10":5,"11":5,"12":5,"13":5,"14":5,"15":1,"16":1,"17":5,"18":12,"19":5,"20":3,"21":12,"22":2,"23":1,"24":4,"25":1,"26":4,"27":4,"28":1},"f":{"0":5,"1":1,"2":12,"3":12,"4":4,"5":4},"b":{"0":[3,2],"1":[1,1],"2":[1,3],"3":[1,3],"4":[1,3],"5":[1,3]}}
,"/home/karthick.v/React Phase 2 Project/vite-project/src/components/NoPosts/NoPosts.tsx": {"path":"/home/karthick.v/React Phase 2 Project/vite-project/src/components/NoPosts/NoPosts.tsx","statementMap":{"0":{"start":{"line":2,"column":0},"end":{"line":2,"column":48}},"1":{"start":{"line":3,"column":0},"end":{"line":3,"column":53}},"2":{"start":{"line":5,"column":16},"end":{"line":25,"column":1}},"3":{"start":{"line":6,"column":2},"end":{"line":24,"column":4}},"4":{"start":{"line":27,"column":0},"end":{"line":27,"column":23}}},"fnMap":{"0":{"name":"(anonymous_1)","decl":{"start":{"line":5,"column":16},"end":{"line":5,"column":19}},"loc":{"start":{"line":5,"column":21},"end":{"line":25,"column":1}}}},"branchMap":{},"s":{"0":1,"1":1,"2":1,"3":22,"4":1},"f":{"0":22},"b":{}}
,"/home/karthick.v/React Phase 2 Project/vite-project/src/components/NoResults/NoResults.tsx": {"path":"/home/karthick.v/React Phase 2 Project/vite-project/src/components/NoResults/NoResults.tsx","statementMap":{"0":{"start":{"line":1,"column":0},"end":{"line":1,"column":48}},"1":{"start":{"line":2,"column":0},"end":{"line":2,"column":57}},"2":{"start":{"line":4,"column":18},"end":{"line":30,"column":1}},"3":{"start":{"line":5,"column":2},"end":{"line":29,"column":4}},"4":{"start":{"line":32,"column":0},"end":{"line":32,"column":25}}},"fnMap":{"0":{"name":"(anonymous_1)","decl":{"start":{"line":4,"column":18},"end":{"line":4,"column":19}},"loc":{"start":{"line":4,"column":55},"end":{"line":30,"column":1}}}},"branchMap":{},"s":{"0":1,"1":1,"2":1,"3":3,"4":1},"f":{"0":3},"b":{}}
,"/home/karthick.v/React Phase 2 Project/vite-project/src/components/PostCard/PostCard.tsx": {"path":"/home/karthick.v/React Phase 2 Project/vite-project/src/components/PostCard/PostCard.tsx","statementMap":{"0":{"start":{"line":1,"column":0},"end":{"line":1,"column":51}},"1":{"start":{"line":2,"column":0},"end":{"line":2,"column":null}},"2":{"start":{"line":13,"column":0},"end":{"line":13,"column":null}},"3":{"start":{"line":22,"column":0},"end":{"line":22,"column":40}},"4":{"start":{"line":23,"column":0},"end":{"line":23,"column":24}},"5":{"start":{"line":35,"column":42},"end":{"line":212,"column":1}},"6":{"start":{"line":44,"column":34},"end":{"line":44,"column":54}},"7":{"start":{"line":46,"column":2},"end":{"line":49,"column":16}},"8":{"start":{"line":47,"column":24},"end":{"line":47,"column":71}},"9":{"start":{"line":48,"column":4},"end":{"line":48,"column":29}},"10":{"start":{"line":51,"column":2},"end":{"line":211,"column":4}},"11":{"start":{"line":95,"column":29},"end":{"line":95,"column":57}},"12":{"start":{"line":108,"column":29},"end":{"line":108,"column":63}},"13":{"start":{"line":121,"column":29},"end":{"line":121,"column":50}},"14":{"start":{"line":186,"column":27},"end":{"line":186,"column":48}},"15":{"start":{"line":200,"column":14},"end":{"line":201,"column":null}},"16":{"start":{"line":214,"column":0},"end":{"line":214,"column":24}}},"fnMap":{"0":{"name":"(anonymous_0)","decl":{"start":{"line":35,"column":42},"end":{"line":35,"column":43}},"loc":{"start":{"line":43,"column":5},"end":{"line":212,"column":1}}},"1":{"name":"(anonymous_1)","decl":{"start":{"line":46,"column":12},"end":{"line":46,"column":15}},"loc":{"start":{"line":46,"column":17},"end":{"line":49,"column":3}}},"2":{"name":"(anonymous_2)","decl":{"start":{"line":95,"column":23},"end":{"line":95,"column":26}},"loc":{"start":{"line":95,"column":29},"end":{"line":95,"column":57}}},"3":{"name":"(anonymous_3)","decl":{"start":{"line":108,"column":23},"end":{"line":108,"column":26}},"loc":{"start":{"line":108,"column":29},"end":{"line":108,"column":63}}},"4":{"name":"(anonymous_4)","decl":{"start":{"line":121,"column":23},"end":{"line":121,"column":26}},"loc":{"start":{"line":121,"column":29},"end":{"line":121,"column":50}}},"5":{"name":"(anonymous_5)","decl":{"start":{"line":186,"column":21},"end":{"line":186,"column":24}},"loc":{"start":{"line":186,"column":27},"end":{"line":186,"column":48}}},"6":{"name":"(anonymous_6)","decl":{"start":{"line":199,"column":27},"end":{"line":199,"column":28}},"loc":{"start":{"line":200,"column":14},"end":{"line":201,"column":null}}}},"branchMap":{"0":{"loc":{"start":{"line":61,"column":17},"end":{"line":61,"column":36}},"type":"cond-expr","locations":[{"start":{"line":61,"column":29},"end":{"line":61,"column":32}},{"start":{"line":61,"column":35},"end":{"line":61,"column":36}}]},"1":{"loc":{"start":{"line":62,"column":22},"end":{"line":62,"column":49}},"type":"cond-expr","locations":[{"start":{"line":62,"column":34},"end":{"line":62,"column":40}},{"start":{"line":62,"column":43},"end":{"line":62,"column":49}}]},"2":{"loc":{"start":{"line":99,"column":15},"end":{"line":99,"column":61}},"type":"cond-expr","locations":[{"start":{"line":99,"column":22},"end":{"line":99,"column":36}},{"start":{"line":99,"column":39},"end":{"line":99,"column":61}}]},"3":{"loc":{"start":{"line":102,"column":39},"end":{"line":102,"column":51}},"type":"cond-expr","locations":[{"start":{"line":102,"column":46},"end":{"line":102,"column":47}},{"start":{"line":102,"column":50},"end":{"line":102,"column":51}}]},"4":{"loc":{"start":{"line":112,"column":15},"end":{"line":112,"column":68}},"type":"cond-expr","locations":[{"start":{"line":112,"column":25},"end":{"line":112,"column":41}},{"start":{"line":112,"column":44},"end":{"line":112,"column":68}}]},"5":{"loc":{"start":{"line":115,"column":42},"end":{"line":115,"column":57}},"type":"cond-expr","locations":[{"start":{"line":115,"column":52},"end":{"line":115,"column":53}},{"start":{"line":115,"column":56},"end":{"line":115,"column":57}}]},"6":{"loc":{"start":{"line":143,"column":18},"end":{"line":143,"column":94}},"type":"cond-expr","locations":[{"start":{"line":143,"column":37},"end":{"line":143,"column":55}},{"start":{"line":143,"column":57},"end":{"line":143,"column":94}}]}},"s":{"0":1,"1":1,"2":1,"3":1,"4":1,"5":1,"6":78,"7":78,"8":39,"9":39,"10":78,"11":3,"12":3,"13":2,"14":2,"15":228,"16":1},"f":{"0":78,"1":39,"2":3,"3":3,"4":2,"5":2,"6":228},"b":{"0":[0,78],"1":[0,78],"2":[8,70],"3":[8,70],"4":[8,70],"5":[8,70],"6":[0,78]}}
,"/home/karthick.v/React Phase 2 Project/vite-project/src/components/PostCardSmall/PostCardSmall.tsx": {"path":"/home/karthick.v/React Phase 2 Project/vite-project/src/components/PostCardSmall/PostCardSmall.tsx","statementMap":{"0":{"start":{"line":2,"column":0},"end":{"line":2,"column":67}},"1":{"start":{"line":11,"column":52},"end":{"line":74,"column":1}},"2":{"start":{"line":17,"column":19},"end":{"line":17,"column":59}},"3":{"start":{"line":19,"column":2},"end":{"line":73,"column":4}},"4":{"start":{"line":76,"column":0},"end":{"line":76,"column":29}}},"fnMap":{"0":{"name":"(anonymous_0)","decl":{"start":{"line":11,"column":52},"end":{"line":11,"column":53}},"loc":{"start":{"line":16,"column":5},"end":{"line":74,"column":1}}}},"branchMap":{"0":{"loc":{"start":{"line":54,"column":11},"end":{"line":54,"column":65}},"type":"cond-expr","locations":[{"start":{"line":54,"column":31},"end":{"line":54,"column":57}},{"start":{"line":54,"column":60},"end":{"line":54,"column":65}}]},"1":{"loc":{"start":{"line":61,"column":11},"end":{"line":61,"column":71}},"type":"cond-expr","locations":[{"start":{"line":61,"column":31},"end":{"line":61,"column":58}},{"start":{"line":61,"column":61},"end":{"line":61,"column":71}}]}},"s":{"0":1,"1":1,"2":38,"3":38,"4":1},"f":{"0":38},"b":{"0":[4,34],"1":[4,34]}}
,"/home/karthick.v/React Phase 2 Project/vite-project/src/components/PostCardSmallSkeleton/PostCardSmallSkeleton.tsx": {"path":"/home/karthick.v/React Phase 2 Project/vite-project/src/components/PostCardSmallSkeleton/PostCardSmallSkeleton.tsx","statementMap":{"0":{"start":{"line":2,"column":0},"end":{"line":2,"column":65}},"1":{"start":{"line":4,"column":40},"end":{"line":54,"column":1}},"2":{"start":{"line":5,"column":2},"end":{"line":53,"column":4}},"3":{"start":{"line":56,"column":0},"end":{"line":56,"column":37}}},"fnMap":{"0":{"name":"(anonymous_0)","decl":{"start":{"line":4,"column":40},"end":{"line":4,"column":43}},"loc":{"start":{"line":4,"column":45},"end":{"line":54,"column":1}}}},"branchMap":{},"s":{"0":1,"1":1,"2":3,"3":1},"f":{"0":3},"b":{}}
,"/home/karthick.v/React Phase 2 Project/vite-project/src/components/PostDialog/PostDialog.tsx": {"path":"/home/karthick.v/React Phase 2 Project/vite-project/src/components/PostDialog/PostDialog.tsx","statementMap":{"0":{"start":{"line":1,"column":0},"end":{"line":1,"column":51}},"1":{"start":{"line":2,"column":0},"end":{"line":2,"column":null}},"2":{"start":{"line":14,"column":0},"end":{"line":14,"column":50}},"3":{"start":{"line":16,"column":0},"end":{"line":16,"column":58}},"4":{"start":{"line":18,"column":0},"end":{"line":18,"column":55}},"5":{"start":{"line":19,"column":0},"end":{"line":19,"column":62}},"6":{"start":{"line":21,"column":0},"end":{"line":21,"column":76}},"7":{"start":{"line":22,"column":0},"end":{"line":22,"column":80}},"8":{"start":{"line":23,"column":0},"end":{"line":23,"column":64}},"9":{"start":{"line":24,"column":0},"end":{"line":24,"column":60}},"10":{"start":{"line":25,"column":0},"end":{"line":25,"column":76}},"11":{"start":{"line":26,"column":0},"end":{"line":26,"column":74}},"12":{"start":{"line":27,"column":0},"end":{"line":27,"column":62}},"13":{"start":{"line":28,"column":0},"end":{"line":28,"column":44}},"14":{"start":{"line":40,"column":46},"end":{"line":290,"column":1}},"15":{"start":{"line":49,"column":2},"end":{"line":49,"column":25}},"16":{"start":{"line":49,"column":13},"end":{"line":49,"column":25}},"17":{"start":{"line":51,"column":19},"end":{"line":51,"column":32}},"18":{"start":{"line":52,"column":42},"end":{"line":52,"column":54}},"19":{"start":{"line":53,"column":34},"end":{"line":53,"column":61}},"20":{"start":{"line":54,"column":32},"end":{"line":54,"column":47}},"21":{"start":{"line":55,"column":22},"end":{"line":55,"column":67}},"22":{"start":{"line":55,"column":56},"end":{"line":55,"column":66}},"23":{"start":{"line":57,"column":20},"end":{"line":57,"column":75}},"24":{"start":{"line":57,"column":51},"end":{"line":57,"column":74}},"25":{"start":{"line":58,"column":24},"end":{"line":75,"column":1}},"26":{"start":{"line":59,"column":4},"end":{"line":74,"column":3}},"27":{"start":{"line":61,"column":6},"end":{"line":61,"column":51}},"28":{"start":{"line":62,"column":23},"end":{"line":70,"column":null}},"29":{"start":{"line":71,"column":4},"end":{"line":72,"column":null}},"30":{"start":{"line":72,"column":8},"end":{"line":72,"column":null}},"31":{"start":{"line":72,"column":28},"end":{"line":72,"column":49}},"32":{"start":{"line":73,"column":6},"end":{"line":73,"column":26}},"33":{"start":{"line":76,"column":2},"end":{"line":78,"column":16}},"34":{"start":{"line":77,"column":4},"end":{"line":77,"column":20}},"35":{"start":{"line":79,"column":24},"end":{"line":122,"column":3}},"36":{"start":{"line":80,"column":4},"end":{"line":121,"column":5}},"37":{"start":{"line":81,"column":6},"end":{"line":116,"column":7}},"38":{"start":{"line":82,"column":8},"end":{"line":82,"column":25}},"39":{"start":{"line":83,"column":25},"end":{"line":83,"column":55}},"40":{"start":{"line":84,"column":28},"end":{"line":85,"column":null}},"41":{"start":{"line":85,"column":36},"end":{"line":85,"column":43}},"42":{"start":{"line":87,"column":29},"end":{"line":97,"column":13}},"43":{"start":{"line":88,"column":35},"end":{"line":88,"column":65}},"44":{"start":{"line":89,"column":40},"end":{"line":97,"column":12}},"45":{"start":{"line":99,"column":33},"end":{"line":99,"column":66}},"46":{"start":{"line":100,"column":8},"end":{"line":100,"column":38}},"47":{"start":{"line":101,"column":8},"end":{"line":101,"column":26}},"48":{"start":{"line":104,"column":29},"end":{"line":114,"column":13}},"49":{"start":{"line":105,"column":35},"end":{"line":105,"column":65}},"50":{"start":{"line":106,"column":40},"end":{"line":114,"column":12}},"51":{"start":{"line":115,"column":10},"end":{"line":115,"column":null}},"52":{"start":{"line":118,"column":6},"end":{"line":118,"column":24}},"53":{"start":{"line":119,"column":6},"end":{"line":119,"column":null}},"54":{"start":{"line":120,"column":6},"end":{"line":120,"column":25}},"55":{"start":{"line":124,"column":2},"end":{"line":127,"column":3}},"56":{"start":{"line":126,"column":4},"end":{"line":126,"column":null}},"57":{"start":{"line":129,"column":2},"end":{"line":289,"column":4}},"58":{"start":{"line":159,"column":14},"end":{"line":159,"column":34}},"59":{"start":{"line":174,"column":41},"end":{"line":174,"column":69}},"60":{"start":{"line":182,"column":41},"end":{"line":182,"column":75}},"61":{"start":{"line":252,"column":16},"end":{"line":252,"column":32}},"62":{"start":{"line":272,"column":16},"end":{"line":272,"column":47}},"63":{"start":{"line":275,"column":16},"end":{"line":275,"column":55}},"64":{"start":{"line":275,"column":39},"end":{"line":275,"column":55}},"65":{"start":{"line":292,"column":0},"end":{"line":292,"column":26}}},"fnMap":{"0":{"name":"(anonymous_1)","decl":{"start":{"line":40,"column":46},"end":{"line":40,"column":47}},"loc":{"start":{"line":48,"column":5},"end":{"line":290,"column":1}}},"1":{"name":"(anonymous_2)","decl":{"start":{"line":55,"column":34},"end":{"line":55,"column":35}},"loc":{"start":{"line":55,"column":56},"end":{"line":55,"column":66}}},"2":{"name":"(anonymous_3)","decl":{"start":{"line":57,"column":32},"end":{"line":57,"column":33}},"loc":{"start":{"line":57,"column":51},"end":{"line":57,"column":74}}},"3":{"name":"(anonymous_4)","decl":{"start":{"line":58,"column":24},"end":{"line":58,"column":27}},"loc":{"start":{"line":58,"column":29},"end":{"line":75,"column":1}}},"4":{"name":"(anonymous_5)","decl":{"start":{"line":72,"column":20},"end":{"line":72,"column":21}},"loc":{"start":{"line":72,"column":28},"end":{"line":72,"column":49}}},"5":{"name":"(anonymous_6)","decl":{"start":{"line":76,"column":12},"end":{"line":76,"column":15}},"loc":{"start":{"line":76,"column":17},"end":{"line":78,"column":3}}},"6":{"name":"(anonymous_7)","decl":{"start":{"line":79,"column":24},"end":{"line":79,"column":29}},"loc":{"start":{"line":79,"column":35},"end":{"line":122,"column":3}}},"7":{"name":"(anonymous_8)","decl":{"start":{"line":85,"column":10},"end":{"line":85,"column":11}},"loc":{"start":{"line":85,"column":36},"end":{"line":85,"column":43}}},"8":{"name":"(anonymous_9)","decl":{"start":{"line":88,"column":18},"end":{"line":88,"column":19}},"loc":{"start":{"line":88,"column":35},"end":{"line":88,"column":65}}},"9":{"name":"(anonymous_10)","decl":{"start":{"line":89,"column":15},"end":{"line":89,"column":16}},"loc":{"start":{"line":89,"column":40},"end":{"line":97,"column":12}}},"10":{"name":"(anonymous_11)","decl":{"start":{"line":105,"column":18},"end":{"line":105,"column":19}},"loc":{"start":{"line":105,"column":35},"end":{"line":105,"column":65}}},"11":{"name":"(anonymous_12)","decl":{"start":{"line":106,"column":15},"end":{"line":106,"column":16}},"loc":{"start":{"line":106,"column":40},"end":{"line":114,"column":12}}},"12":{"name":"(anonymous_13)","decl":{"start":{"line":158,"column":27},"end":{"line":158,"column":28}},"loc":{"start":{"line":159,"column":14},"end":{"line":159,"column":34}}},"13":{"name":"(anonymous_14)","decl":{"start":{"line":174,"column":35},"end":{"line":174,"column":38}},"loc":{"start":{"line":174,"column":41},"end":{"line":174,"column":69}}},"14":{"name":"(anonymous_15)","decl":{"start":{"line":182,"column":35},"end":{"line":182,"column":38}},"loc":{"start":{"line":182,"column":41},"end":{"line":182,"column":75}}},"15":{"name":"(anonymous_16)","decl":{"start":{"line":251,"column":27},"end":{"line":251,"column":28}},"loc":{"start":{"line":252,"column":16},"end":{"line":252,"column":32}}},"16":{"name":"(anonymous_17)","decl":{"start":{"line":271,"column":24},"end":{"line":271,"column":25}},"loc":{"start":{"line":272,"column":16},"end":{"line":272,"column":47}}},"17":{"name":"(anonymous_18)","decl":{"start":{"line":274,"column":25},"end":{"line":274,"column":26}},"loc":{"start":{"line":274,"column":31},"end":{"line":276,"column":15}}}},"branchMap":{"0":{"loc":{"start":{"line":49,"column":2},"end":{"line":49,"column":25}},"type":"if","locations":[{"start":{"line":49,"column":2},"end":{"line":49,"column":25}},{"start":{},"end":{}}]},"1":{"loc":{"start":{"line":59,"column":4},"end":{"line":74,"column":3}},"type":"if","locations":[{"start":{"line":59,"column":4},"end":{"line":74,"column":3}},{"start":{},"end":{}}]},"2":{"loc":{"start":{"line":71,"column":4},"end":{"line":72,"column":null}},"type":"if","locations":[{"start":{"line":71,"column":4},"end":{"line":72,"column":null}},{"start":{},"end":{}}]},"3":{"loc":{"start":{"line":81,"column":6},"end":{"line":116,"column":7}},"type":"if","locations":[{"start":{"line":81,"column":6},"end":{"line":116,"column":7}},{"start":{"line":103,"column":11},"end":{"line":116,"column":7}}]},"4":{"loc":{"start":{"line":81,"column":10},"end":{"line":81,"column":47}},"type":"binary-expr","locations":[{"start":{"line":81,"column":10},"end":{"line":81,"column":24}},{"start":{"line":81,"column":28},"end":{"line":81,"column":47}}]},"5":{"loc":{"start":{"line":124,"column":2},"end":{"line":127,"column":3}},"type":"if","locations":[{"start":{"line":124,"column":2},"end":{"line":127,"column":3}},{"start":{},"end":{}}]},"6":{"loc":{"start":{"line":175,"column":17},"end":{"line":175,"column":71}},"type":"cond-expr","locations":[{"start":{"line":175,"column":24},"end":{"line":175,"column":42}},{"start":{"line":175,"column":45},"end":{"line":175,"column":71}}]},"7":{"loc":{"start":{"line":178,"column":41},"end":{"line":178,"column":53}},"type":"cond-expr","locations":[{"start":{"line":178,"column":48},"end":{"line":178,"column":49}},{"start":{"line":178,"column":52},"end":{"line":178,"column":53}}]},"8":{"loc":{"start":{"line":183,"column":17},"end":{"line":183,"column":78}},"type":"cond-expr","locations":[{"start":{"line":183,"column":27},"end":{"line":183,"column":47}},{"start":{"line":183,"column":50},"end":{"line":183,"column":78}}]},"9":{"loc":{"start":{"line":186,"column":44},"end":{"line":186,"column":59}},"type":"cond-expr","locations":[{"start":{"line":186,"column":54},"end":{"line":186,"column":55}},{"start":{"line":186,"column":58},"end":{"line":186,"column":59}}]},"10":{"loc":{"start":{"line":193,"column":43},"end":{"line":193,"column":58}},"type":"binary-expr","locations":[{"start":{"line":193,"column":43},"end":{"line":193,"column":53}},{"start":{"line":193,"column":57},"end":{"line":193,"column":58}}]},"11":{"loc":{"start":{"line":224,"column":13},"end":{"line":234,"column":25}},"type":"binary-expr","locations":[{"start":{"line":224,"column":13},"end":{"line":224,"column":20}},{"start":{"line":224,"column":25},"end":{"line":233,"column":null}}]},"12":{"loc":{"start":{"line":235,"column":13},"end":{"line":260,"column":null}},"type":"cond-expr","locations":[{"start":{"line":236,"column":14},"end":{"line":248,"column":null}},{"start":{"line":251,"column":14},"end":{"line":260,"column":16}}]},"13":{"loc":{"start":{"line":275,"column":16},"end":{"line":275,"column":55}},"type":"if","locations":[{"start":{"line":275,"column":16},"end":{"line":275,"column":55}},{"start":{},"end":{}}]}},"s":{"0":1,"1":1,"2":1,"3":1,"4":1,"5":1,"6":1,"7":1,"8":1,"9":1,"10":1,"11":1,"12":1,"13":1,"14":1,"15":84,"16":1,"17":83,"18":83,"19":83,"20":83,"21":83,"22":100,"23":83,"24":100,"25":83,"26":2,"27":2,"28":2,"29":2,"30":2,"31":2,"32":2,"33":83,"34":17,"35":83,"36":17,"37":17,"38":17,"39":17,"40":15,"41":14,"42":8,"43":8,"44":8,"45":8,"46":8,"47":8,"48":0,"49":0,"50":0,"51":0,"52":9,"53":9,"54":9,"55":83,"56":0,"57":83,"58":249,"59":0,"60":0,"61":144,"62":38,"63":38,"64":0,"65":1},"f":{"0":84,"1":100,"2":100,"3":2,"4":2,"5":17,"6":17,"7":14,"8":8,"9":8,"10":0,"11":0,"12":249,"13":0,"14":0,"15":144,"16":38,"17":38},"b":{"0":[1,83],"1":[2,0],"2":[2,0],"3":[17,0],"4":[17,17],"5":[0,83],"6":[2,81],"7":[2,81],"8":[0,83],"9":[0,83],"10":[83,0],"11":[83,17],"12":[36,47],"13":[0,38]}}
,"/home/karthick.v/React Phase 2 Project/vite-project/src/components/PostSkeleton/PostSkeleton.tsx": {"path":"/home/karthick.v/React Phase 2 Project/vite-project/src/components/PostSkeleton/PostSkeleton.tsx","statementMap":{"0":{"start":{"line":2,"column":0},"end":{"line":2,"column":null}},"1":{"start":{"line":11,"column":0},"end":{"line":11,"column":76}},"2":{"start":{"line":12,"column":0},"end":{"line":12,"column":80}},"3":{"start":{"line":13,"column":0},"end":{"line":13,"column":70}},"4":{"start":{"line":14,"column":0},"end":{"line":14,"column":76}},"5":{"start":{"line":16,"column":35},"end":{"line":117,"column":1}},"6":{"start":{"line":17,"column":2},"end":{"line":116,"column":4}},"7":{"start":{"line":59,"column":12},"end":{"line":60,"column":null}},"8":{"start":{"line":110,"column":14},"end":{"line":110,"column":32}},"9":{"start":{"line":119,"column":0},"end":{"line":119,"column":32}}},"fnMap":{"0":{"name":"(anonymous_1)","decl":{"start":{"line":16,"column":35},"end":{"line":16,"column":38}},"loc":{"start":{"line":16,"column":40},"end":{"line":117,"column":1}}},"1":{"name":"(anonymous_2)","decl":{"start":{"line":58,"column":25},"end":{"line":58,"column":26}},"loc":{"start":{"line":59,"column":12},"end":{"line":60,"column":null}}},"2":{"name":"(anonymous_3)","decl":{"start":{"line":109,"column":43},"end":{"line":109,"column":44}},"loc":{"start":{"line":110,"column":14},"end":{"line":110,"column":32}}}},"branchMap":{"0":{"loc":{"start":{"line":65,"column":17},"end":{"line":65,"column":56}},"type":"binary-expr","locations":[{"start":{"line":65,"column":17},"end":{"line":65,"column":26}},{"start":{"line":65,"column":30},"end":{"line":65,"column":56}}]},"1":{"loc":{"start":{"line":66,"column":17},"end":{"line":66,"column":58}},"type":"binary-expr","locations":[{"start":{"line":66,"column":17},"end":{"line":66,"column":26}},{"start":{"line":66,"column":30},"end":{"line":66,"column":58}}]},"2":{"loc":{"start":{"line":67,"column":17},"end":{"line":67,"column":53}},"type":"binary-expr","locations":[{"start":{"line":67,"column":17},"end":{"line":67,"column":26}},{"start":{"line":67,"column":30},"end":{"line":67,"column":53}}]}},"s":{"0":1,"1":1,"2":1,"3":1,"4":1,"5":1,"6":7,"7":21,"8":21,"9":1},"f":{"0":7,"1":21,"2":21},"b":{"0":[21,7],"1":[21,7],"2":[21,7]}}
,"/home/karthick.v/React Phase 2 Project/vite-project/src/components/ProtectedRoutes/ProtectedRoutes.tsx": {"path":"/home/karthick.v/React Phase 2 Project/vite-project/src/components/ProtectedRoutes/ProtectedRoutes.tsx","statementMap":{"0":{"start":{"line":2,"column":0},"end":{"line":2,"column":42}},"1":{"start":{"line":4,"column":0},"end":{"line":4,"column":57}},"2":{"start":{"line":10,"column":56},"end":{"line":37,"column":1}},"3":{"start":{"line":11,"column":17},"end":{"line":11,"column":30}},"4":{"start":{"line":12,"column":2},"end":{"line":12,"column":null}},"5":{"start":{"line":13,"column":22},"end":{"line":13,"column":67}},"6":{"start":{"line":13,"column":56},"end":{"line":13,"column":66}},"7":{"start":{"line":14,"column":26},"end":{"line":14,"column":45}},"8":{"start":{"line":15,"column":2},"end":{"line":36,"column":3}},"9":{"start":{"line":17,"column":4},"end":{"line":24,"column":5}},"10":{"start":{"line":19,"column":6},"end":{"line":19,"column":22}},"11":{"start":{"line":23,"column":6},"end":{"line":23,"column":37}},"12":{"start":{"line":26,"column":7},"end":{"line":36,"column":3}},"13":{"start":{"line":28,"column":4},"end":{"line":35,"column":5}},"14":{"start":{"line":30,"column":6},"end":{"line":30,"column":null}},"15":{"start":{"line":34,"column":6},"end":{"line":34,"column":null}},"16":{"start":{"line":39,"column":0},"end":{"line":39,"column":31}}},"fnMap":{"0":{"name":"(anonymous_0)","decl":{"start":{"line":10,"column":56},"end":{"line":10,"column":57}},"loc":{"start":{"line":10,"column":73},"end":{"line":37,"column":1}}},"1":{"name":"(anonymous_1)","decl":{"start":{"line":13,"column":34},"end":{"line":13,"column":35}},"loc":{"start":{"line":13,"column":56},"end":{"line":13,"column":66}}}},"branchMap":{"0":{"loc":{"start":{"line":15,"column":2},"end":{"line":36,"column":3}},"type":"if","locations":[{"start":{"line":15,"column":2},"end":{"line":36,"column":3}},{"start":{"line":26,"column":7},"end":{"line":36,"column":3}}]},"1":{"loc":{"start":{"line":17,"column":4},"end":{"line":24,"column":5}},"type":"if","locations":[{"start":{"line":17,"column":4},"end":{"line":24,"column":5}},{"start":{"line":22,"column":4},"end":{"line":24,"column":5}}]},"2":{"loc":{"start":{"line":17,"column":7},"end":{"line":17,"column":63}},"type":"binary-expr","locations":[{"start":{"line":17,"column":7},"end":{"line":17,"column":30}},{"start":{"line":17,"column":34},"end":{"line":17,"column":63}}]},"3":{"loc":{"start":{"line":26,"column":7},"end":{"line":36,"column":3}},"type":"if","locations":[{"start":{"line":26,"column":7},"end":{"line":36,"column":3}},{"start":{},"end":{}}]},"4":{"loc":{"start":{"line":28,"column":4},"end":{"line":35,"column":5}},"type":"if","locations":[{"start":{"line":28,"column":4},"end":{"line":35,"column":5}},{"start":{"line":33,"column":4},"end":{"line":35,"column":5}}]},"5":{"loc":{"start":{"line":28,"column":7},"end":{"line":28,"column":63}},"type":"binary-expr","locations":[{"start":{"line":28,"column":7},"end":{"line":28,"column":30}},{"start":{"line":28,"column":34},"end":{"line":28,"column":63}}]}},"s":{"0":1,"1":1,"2":1,"3":2,"4":2,"5":2,"6":3,"7":2,"8":2,"9":2,"10":1,"11":1,"12":0,"13":0,"14":0,"15":0,"16":1},"f":{"0":2,"1":3},"b":{"0":[2,0],"1":[1,1],"2":[2,1],"3":[0,0],"4":[0,0],"5":[0,0]}}
,"/home/karthick.v/React Phase 2 Project/vite-project/src/components/UserCard/UserCard.tsx": {"path":"/home/karthick.v/React Phase 2 Project/vite-project/src/components/UserCard/UserCard.tsx","statementMap":{"0":{"start":{"line":2,"column":0},"end":{"line":2,"column":67}},"1":{"start":{"line":3,"column":0},"end":{"line":3,"column":47}},"2":{"start":{"line":11,"column":42},"end":{"line":48,"column":1}},"3":{"start":{"line":12,"column":19},"end":{"line":12,"column":32}},"4":{"start":{"line":13,"column":16},"end":{"line":13,"column":26}},"5":{"start":{"line":15,"column":2},"end":{"line":47,"column":4}},"6":{"start":{"line":17,"column":21},"end":{"line":17,"column":46}},"7":{"start":{"line":50,"column":0},"end":{"line":50,"column":24}}},"fnMap":{"0":{"name":"(anonymous_0)","decl":{"start":{"line":11,"column":42},"end":{"line":11,"column":43}},"loc":{"start":{"line":11,"column":66},"end":{"line":48,"column":1}}},"1":{"name":"(anonymous_1)","decl":{"start":{"line":17,"column":15},"end":{"line":17,"column":18}},"loc":{"start":{"line":17,"column":21},"end":{"line":17,"column":46}}}},"branchMap":{},"s":{"0":1,"1":1,"2":1,"3":23,"4":23,"5":23,"6":7,"7":1},"f":{"0":23,"1":7},"b":{}}
,"/home/karthick.v/React Phase 2 Project/vite-project/src/components/UserPostSection/UserPostSection.tsx": {"path":"/home/karthick.v/React Phase 2 Project/vite-project/src/components/UserPostSection/UserPostSection.tsx","statementMap":{"0":{"start":{"line":1,"column":0},"end":{"line":1,"column":40}},"1":{"start":{"line":2,"column":0},"end":{"line":2,"column":48}},"2":{"start":{"line":3,"column":0},"end":{"line":3,"column":77}},"3":{"start":{"line":4,"column":0},"end":{"line":4,"column":50}},"4":{"start":{"line":6,"column":0},"end":{"line":6,"column":55}},"5":{"start":{"line":7,"column":0},"end":{"line":7,"column":null}},"6":{"start":{"line":19,"column":56},"end":{"line":100,"column":1}},"7":{"start":{"line":20,"column":19},"end":{"line":20,"column":32}},"8":{"start":{"line":21,"column":42},"end":{"line":21,"column":69}},"9":{"start":{"line":22,"column":38},"end":{"line":22,"column":53}},"10":{"start":{"line":24,"column":22},"end":{"line":24,"column":67}},"11":{"start":{"line":24,"column":56},"end":{"line":24,"column":66}},"12":{"start":{"line":26,"column":24},"end":{"line":32,"column":3}},"13":{"start":{"line":27,"column":4},"end":{"line":31,"column":5}},"14":{"start":{"line":28,"column":6},"end":{"line":28,"column":33}},"15":{"start":{"line":30,"column":6},"end":{"line":30,"column":39}},"16":{"start":{"line":34,"column":27},"end":{"line":40,"column":3}},"17":{"start":{"line":35,"column":4},"end":{"line":39,"column":5}},"18":{"start":{"line":36,"column":6},"end":{"line":36,"column":36}},"19":{"start":{"line":38,"column":6},"end":{"line":38,"column":42}},"20":{"start":{"line":42,"column":26},"end":{"line":45,"column":3}},"21":{"start":{"line":43,"column":4},"end":{"line":43,"column":26}},"22":{"start":{"line":44,"column":4},"end":{"line":44,"column":24}},"23":{"start":{"line":47,"column":28},"end":{"line":50,"column":3}},"24":{"start":{"line":48,"column":4},"end":{"line":48,"column":25}},"25":{"start":{"line":49,"column":4},"end":{"line":49,"column":26}},"26":{"start":{"line":52,"column":2},"end":{"line":99,"column":4}},"27":{"start":{"line":58,"column":8},"end":{"line":59,"column":null}},"28":{"start":{"line":76,"column":27},"end":{"line":76,"column":48}},"29":{"start":{"line":102,"column":0},"end":{"line":102,"column":31}}},"fnMap":{"0":{"name":"(anonymous_1)","decl":{"start":{"line":19,"column":56},"end":{"line":19,"column":57}},"loc":{"start":{"line":19,"column":70},"end":{"line":100,"column":1}}},"1":{"name":"(anonymous_2)","decl":{"start":{"line":24,"column":34},"end":{"line":24,"column":35}},"loc":{"start":{"line":24,"column":56},"end":{"line":24,"column":66}}},"2":{"name":"(anonymous_3)","decl":{"start":{"line":26,"column":24},"end":{"line":26,"column":25}},"loc":{"start":{"line":26,"column":58},"end":{"line":32,"column":3}}},"3":{"name":"(anonymous_4)","decl":{"start":{"line":34,"column":27},"end":{"line":34,"column":28}},"loc":{"start":{"line":34,"column":64},"end":{"line":40,"column":3}}},"4":{"name":"(anonymous_5)","decl":{"start":{"line":42,"column":26},"end":{"line":42,"column":27}},"loc":{"start":{"line":42,"column":41},"end":{"line":45,"column":3}}},"5":{"name":"(anonymous_6)","decl":{"start":{"line":47,"column":28},"end":{"line":47,"column":31}},"loc":{"start":{"line":47,"column":33},"end":{"line":50,"column":3}}},"6":{"name":"(anonymous_7)","decl":{"start":{"line":57,"column":17},"end":{"line":57,"column":18}},"loc":{"start":{"line":58,"column":8},"end":{"line":59,"column":null}}},"7":{"name":"(anonymous_8)","decl":{"start":{"line":76,"column":21},"end":{"line":76,"column":24}},"loc":{"start":{"line":76,"column":27},"end":{"line":76,"column":48}}}},"branchMap":{"0":{"loc":{"start":{"line":27,"column":4},"end":{"line":31,"column":5}},"type":"if","locations":[{"start":{"line":27,"column":4},"end":{"line":31,"column":5}},{"start":{"line":29,"column":11},"end":{"line":31,"column":5}}]},"1":{"loc":{"start":{"line":35,"column":4},"end":{"line":39,"column":5}},"type":"if","locations":[{"start":{"line":35,"column":4},"end":{"line":39,"column":5}},{"start":{"line":37,"column":11},"end":{"line":39,"column":5}}]},"2":{"loc":{"start":{"line":88,"column":10},"end":{"line":90,"column":19}},"type":"cond-expr","locations":[{"start":{"line":89,"column":14},"end":{"line":89,"column":63}},{"start":{"line":90,"column":14},"end":{"line":90,"column":19}}]},"3":{"loc":{"start":{"line":93,"column":10},"end":{"line":95,"column":19}},"type":"cond-expr","locations":[{"start":{"line":94,"column":14},"end":{"line":94,"column":65}},{"start":{"line":95,"column":14},"end":{"line":95,"column":19}}]}},"s":{"0":1,"1":1,"2":1,"3":1,"4":1,"5":1,"6":1,"7":26,"8":26,"9":26,"10":26,"11":46,"12":26,"13":2,"14":1,"15":1,"16":26,"17":2,"18":1,"19":1,"20":26,"21":9,"22":9,"23":26,"24":1,"25":1,"26":26,"27":69,"28":9,"29":1},"f":{"0":26,"1":46,"2":2,"3":2,"4":9,"5":1,"6":69,"7":9},"b":{"0":[1,1],"1":[1,1],"2":[9,17],"3":[9,17]}}
,"/home/karthick.v/React Phase 2 Project/vite-project/src/components/UserProfileCard/UserProfileCard.tsx": {"path":"/home/karthick.v/React Phase 2 Project/vite-project/src/components/UserProfileCard/UserProfileCard.tsx","statementMap":{"0":{"start":{"line":2,"column":0},"end":{"line":2,"column":63}},"1":{"start":{"line":3,"column":0},"end":{"line":3,"column":48}},"2":{"start":{"line":17,"column":56},"end":{"line":92,"column":1}},"3":{"start":{"line":25,"column":16},"end":{"line":25,"column":26}},"4":{"start":{"line":27,"column":2},"end":{"line":91,"column":4}},"5":{"start":{"line":94,"column":0},"end":{"line":94,"column":31}}},"fnMap":{"0":{"name":"(anonymous_0)","decl":{"start":{"line":17,"column":56},"end":{"line":17,"column":57}},"loc":{"start":{"line":24,"column":5},"end":{"line":92,"column":1}}}},"branchMap":{},"s":{"0":1,"1":1,"2":1,"3":24,"4":24,"5":1},"f":{"0":24},"b":{}}
,"/home/karthick.v/React Phase 2 Project/vite-project/src/components/UserProfilePostCard/UserProfilePostCard.tsx": {"path":"/home/karthick.v/React Phase 2 Project/vite-project/src/components/UserProfilePostCard/UserProfilePostCard.tsx","statementMap":{"0":{"start":{"line":2,"column":0},"end":{"line":2,"column":63}},"1":{"start":{"line":12,"column":44},"end":{"line":59,"column":1}},"2":{"start":{"line":18,"column":2},"end":{"line":58,"column":4}},"3":{"start":{"line":48,"column":10},"end":{"line":49,"column":null}},"4":{"start":{"line":61,"column":0},"end":{"line":61,"column":35}}},"fnMap":{"0":{"name":"(anonymous_0)","decl":{"start":{"line":12,"column":44},"end":{"line":12,"column":45}},"loc":{"start":{"line":17,"column":5},"end":{"line":59,"column":1}}},"1":{"name":"(anonymous_1)","decl":{"start":{"line":47,"column":18},"end":{"line":47,"column":19}},"loc":{"start":{"line":48,"column":10},"end":{"line":49,"column":null}}}},"branchMap":{},"s":{"0":1,"1":1,"2":17,"3":47,"4":1},"f":{"0":17,"1":47},"b":{}}
,"/home/karthick.v/React Phase 2 Project/vite-project/src/pages/Auth/Login.tsx": {"path":"/home/karthick.v/React Phase 2 Project/vite-project/src/pages/Auth/Login.tsx","statementMap":{"0":{"start":{"line":1,"column":0},"end":{"line":1,"column":33}},"1":{"start":{"line":2,"column":0},"end":{"line":2,"column":null}},"2":{"start":{"line":17,"column":0},"end":{"line":17,"column":64}},"3":{"start":{"line":18,"column":0},"end":{"line":18,"column":67}},"4":{"start":{"line":19,"column":0},"end":{"line":19,"column":54}},"5":{"start":{"line":21,"column":0},"end":{"line":21,"column":55}},"6":{"start":{"line":22,"column":0},"end":{"line":22,"column":null}},"7":{"start":{"line":26,"column":0},"end":{"line":26,"column":61}},"8":{"start":{"line":28,"column":0},"end":{"line":28,"column":62}},"9":{"start":{"line":29,"column":0},"end":{"line":29,"column":58}},"10":{"start":{"line":32,"column":14},"end":{"line":250,"column":1}},"11":{"start":{"line":33,"column":19},"end":{"line":33,"column":32}},"12":{"start":{"line":34,"column":19},"end":{"line":34,"column":32}},"13":{"start":{"line":35,"column":16},"end":{"line":35,"column":26}},"14":{"start":{"line":36,"column":24},"end":{"line":36,"column":67}},"15":{"start":{"line":38,"column":28},"end":{"line":38,"column":40}},"16":{"start":{"line":39,"column":34},"end":{"line":39,"column":46}},"17":{"start":{"line":40,"column":42},"end":{"line":40,"column":57}},"18":{"start":{"line":41,"column":26},"end":{"line":41,"column":41}},"19":{"start":{"line":43,"column":20},"end":{"line":43,"column":75}},"20":{"start":{"line":43,"column":51},"end":{"line":43,"column":74}},"21":{"start":{"line":45,"column":22},"end":{"line":45,"column":67}},"22":{"start":{"line":45,"column":56},"end":{"line":45,"column":66}},"23":{"start":{"line":47,"column":19},"end":{"line":61,"column":3}},"24":{"start":{"line":48,"column":4},"end":{"line":60,"column":5}},"25":{"start":{"line":49,"column":23},"end":{"line":49,"column":42}},"26":{"start":{"line":50,"column":23},"end":{"line":50,"column":42}},"27":{"start":{"line":51,"column":23},"end":{"line":55,"column":8}},"28":{"start":{"line":52,"column":8},"end":{"line":54,"column":10}},"29":{"start":{"line":56,"column":6},"end":{"line":56,"column":22}},"30":{"start":{"line":58,"column":6},"end":{"line":58,"column":null}},"31":{"start":{"line":59,"column":6},"end":{"line":59,"column":19}},"32":{"start":{"line":63,"column":22},"end":{"line":92,"column":3}},"33":{"start":{"line":64,"column":22},"end":{"line":64,"column":38}},"34":{"start":{"line":65,"column":20},"end":{"line":65,"column":31}},"35":{"start":{"line":66,"column":4},"end":{"line":91,"column":5}},"36":{"start":{"line":67,"column":6},"end":{"line":67,"column":24}},"37":{"start":{"line":68,"column":11},"end":{"line":91,"column":5}},"38":{"start":{"line":69,"column":6},"end":{"line":76,"column":8}},"39":{"start":{"line":78,"column":23},"end":{"line":85,"column":8}},"40":{"start":{"line":86,"column":6},"end":{"line":86,"column":48}},"41":{"start":{"line":88,"column":6},"end":{"line":88,"column":24}},"42":{"start":{"line":90,"column":6},"end":{"line":90,"column":20}},"43":{"start":{"line":94,"column":22},"end":{"line":96,"column":3}},"44":{"start":{"line":95,"column":4},"end":{"line":95,"column":19}},"45":{"start":{"line":98,"column":2},"end":{"line":101,"column":3}},"46":{"start":{"line":100,"column":4},"end":{"line":100,"column":null}},"47":{"start":{"line":103,"column":2},"end":{"line":249,"column":4}},"48":{"start":{"line":166,"column":33},"end":{"line":166,"column":57}},"49":{"start":{"line":178,"column":33},"end":{"line":178,"column":60}},"50":{"start":{"line":183,"column":39},"end":{"line":183,"column":71}},"51":{"start":{"line":183,"column":65},"end":{"line":183,"column":70}},"52":{"start":{"line":252,"column":0},"end":{"line":252,"column":21}}},"fnMap":{"0":{"name":"(anonymous_1)","decl":{"start":{"line":32,"column":14},"end":{"line":32,"column":17}},"loc":{"start":{"line":32,"column":19},"end":{"line":250,"column":1}}},"1":{"name":"(anonymous_2)","decl":{"start":{"line":43,"column":32},"end":{"line":43,"column":33}},"loc":{"start":{"line":43,"column":51},"end":{"line":43,"column":74}}},"2":{"name":"(anonymous_3)","decl":{"start":{"line":45,"column":34},"end":{"line":45,"column":35}},"loc":{"start":{"line":45,"column":56},"end":{"line":45,"column":66}}},"3":{"name":"(anonymous_4)","decl":{"start":{"line":47,"column":19},"end":{"line":47,"column":24}},"loc":{"start":{"line":47,"column":30},"end":{"line":61,"column":3}}},"4":{"name":"(anonymous_5)","decl":{"start":{"line":51,"column":48},"end":{"line":51,"column":49}},"loc":{"start":{"line":51,"column":67},"end":{"line":55,"column":7}}},"5":{"name":"(anonymous_6)","decl":{"start":{"line":63,"column":22},"end":{"line":63,"column":27}},"loc":{"start":{"line":63,"column":33},"end":{"line":92,"column":3}}},"6":{"name":"(anonymous_7)","decl":{"start":{"line":94,"column":22},"end":{"line":94,"column":25}},"loc":{"start":{"line":94,"column":27},"end":{"line":96,"column":3}}},"7":{"name":"(anonymous_8)","decl":{"start":{"line":166,"column":26},"end":{"line":166,"column":27}},"loc":{"start":{"line":166,"column":33},"end":{"line":166,"column":57}}},"8":{"name":"(anonymous_9)","decl":{"start":{"line":178,"column":26},"end":{"line":178,"column":27}},"loc":{"start":{"line":178,"column":33},"end":{"line":178,"column":60}}},"9":{"name":"(anonymous_10)","decl":{"start":{"line":183,"column":33},"end":{"line":183,"column":36}},"loc":{"start":{"line":183,"column":39},"end":{"line":183,"column":71}}},"10":{"name":"(anonymous_11)","decl":{"start":{"line":183,"column":55},"end":{"line":183,"column":56}},"loc":{"start":{"line":183,"column":65},"end":{"line":183,"column":70}}}},"branchMap":{"0":{"loc":{"start":{"line":53,"column":10},"end":{"line":53,"column":78}},"type":"binary-expr","locations":[{"start":{"line":53,"column":10},"end":{"line":53,"column":39}},{"start":{"line":53,"column":43},"end":{"line":53,"column":78}}]},"1":{"loc":{"start":{"line":66,"column":4},"end":{"line":91,"column":5}},"type":"if","locations":[{"start":{"line":66,"column":4},"end":{"line":91,"column":5}},{"start":{"line":68,"column":11},"end":{"line":91,"column":5}}]},"2":{"loc":{"start":{"line":66,"column":8},"end":{"line":66,"column":72}},"type":"binary-expr","locations":[{"start":{"line":66,"column":8},"end":{"line":66,"column":35}},{"start":{"line":66,"column":39},"end":{"line":66,"column":72}}]},"3":{"loc":{"start":{"line":68,"column":11},"end":{"line":91,"column":5}},"type":"if","locations":[{"start":{"line":68,"column":11},"end":{"line":91,"column":5}},{"start":{"line":89,"column":11},"end":{"line":91,"column":5}}]},"4":{"loc":{"start":{"line":98,"column":2},"end":{"line":101,"column":3}},"type":"if","locations":[{"start":{"line":98,"column":2},"end":{"line":101,"column":3}},{"start":{},"end":{}}]},"5":{"loc":{"start":{"line":105,"column":7},"end":{"line":117,"column":null}},"type":"binary-expr","locations":[{"start":{"line":105,"column":7},"end":{"line":105,"column":21}},{"start":{"line":106,"column":8},"end":{"line":116,"column":null}}]},"6":{"loc":{"start":{"line":176,"column":22},"end":{"line":176,"column":56}},"type":"cond-expr","locations":[{"start":{"line":176,"column":37},"end":{"line":176,"column":43}},{"start":{"line":176,"column":46},"end":{"line":176,"column":56}}]},"7":{"loc":{"start":{"line":188,"column":25},"end":{"line":188,"column":74}},"type":"cond-expr","locations":[{"start":{"line":188,"column":40},"end":{"line":188,"column":57}},{"start":{"line":188,"column":60},"end":{"line":188,"column":74}}]},"8":{"loc":{"start":{"line":202,"column":28},"end":{"line":202,"column":47}},"type":"binary-expr","locations":[{"start":{"line":202,"column":28},"end":{"line":202,"column":34}},{"start":{"line":202,"column":38},"end":{"line":202,"column":47}}]}},"s":{"0":1,"1":1,"2":1,"3":1,"4":1,"5":1,"6":1,"7":1,"8":1,"9":1,"10":1,"11":12,"12":12,"13":12,"14":12,"15":12,"16":12,"17":12,"18":12,"19":12,"20":17,"21":12,"22":17,"23":12,"24":2,"25":2,"26":2,"27":2,"28":2,"29":2,"30":0,"31":0,"32":12,"33":2,"34":2,"35":2,"36":0,"37":2,"38":1,"39":1,"40":1,"41":1,"42":1,"43":12,"44":0,"45":12,"46":0,"47":12,"48":3,"49":3,"50":0,"51":0,"52":1},"f":{"0":12,"1":17,"2":17,"3":2,"4":2,"5":2,"6":0,"7":3,"8":3,"9":0,"10":0},"b":{"0":[2,1],"1":[0,2],"2":[2,0],"3":[1,1],"4":[0,12],"5":[12,12],"6":[0,12],"7":[0,12],"8":[12,7]}}
,"/home/karthick.v/React Phase 2 Project/vite-project/src/pages/Auth/Signup.tsx": {"path":"/home/karthick.v/React Phase 2 Project/vite-project/src/pages/Auth/Signup.tsx","statementMap":{"0":{"start":{"line":1,"column":0},"end":{"line":1,"column":33}},"1":{"start":{"line":2,"column":0},"end":{"line":2,"column":null}},"2":{"start":{"line":17,"column":0},"end":{"line":17,"column":64}},"3":{"start":{"line":18,"column":0},"end":{"line":18,"column":54}},"4":{"start":{"line":20,"column":0},"end":{"line":20,"column":67}},"5":{"start":{"line":21,"column":0},"end":{"line":21,"column":55}},"6":{"start":{"line":22,"column":0},"end":{"line":22,"column":58}},"7":{"start":{"line":23,"column":0},"end":{"line":23,"column":61}},"8":{"start":{"line":24,"column":0},"end":{"line":24,"column":62}},"9":{"start":{"line":26,"column":0},"end":{"line":26,"column":58}},"10":{"start":{"line":28,"column":15},"end":{"line":293,"column":1}},"11":{"start":{"line":29,"column":19},"end":{"line":29,"column":32}},"12":{"start":{"line":30,"column":19},"end":{"line":30,"column":32}},"13":{"start":{"line":31,"column":16},"end":{"line":31,"column":26}},"14":{"start":{"line":32,"column":24},"end":{"line":32,"column":67}},"15":{"start":{"line":34,"column":20},"end":{"line":34,"column":75}},"16":{"start":{"line":34,"column":51},"end":{"line":34,"column":74}},"17":{"start":{"line":36,"column":34},"end":{"line":41,"column":4}},"18":{"start":{"line":42,"column":26},"end":{"line":42,"column":41}},"19":{"start":{"line":44,"column":30},"end":{"line":47,"column":4}},"20":{"start":{"line":49,"column":42},"end":{"line":49,"column":57}},"21":{"start":{"line":51,"column":24},"end":{"line":54,"column":3}},"22":{"start":{"line":52,"column":18},"end":{"line":52,"column":46}},"23":{"start":{"line":53,"column":4},"end":{"line":53,"column":29}},"24":{"start":{"line":56,"column":27},"end":{"line":60,"column":3}},"25":{"start":{"line":58,"column":6},"end":{"line":58,"column":78}},"26":{"start":{"line":59,"column":4},"end":{"line":59,"column":32}},"27":{"start":{"line":62,"column":23},"end":{"line":85,"column":3}},"28":{"start":{"line":63,"column":28},"end":{"line":63,"column":36}},"29":{"start":{"line":65,"column":4},"end":{"line":68,"column":8}},"30":{"start":{"line":65,"column":27},"end":{"line":68,"column":6}},"31":{"start":{"line":70,"column":4},"end":{"line":75,"column":5}},"32":{"start":{"line":71,"column":6},"end":{"line":74,"column":10}},"33":{"start":{"line":71,"column":27},"end":{"line":74,"column":8}},"34":{"start":{"line":77,"column":4},"end":{"line":84,"column":5}},"35":{"start":{"line":78,"column":6},"end":{"line":83,"column":10}},"36":{"start":{"line":78,"column":27},"end":{"line":83,"column":8}},"37":{"start":{"line":87,"column":19},"end":{"line":99,"column":3}},"38":{"start":{"line":88,"column":4},"end":{"line":98,"column":5}},"39":{"start":{"line":89,"column":23},"end":{"line":89,"column":42}},"40":{"start":{"line":90,"column":23},"end":{"line":91,"column":null}},"41":{"start":{"line":91,"column":28},"end":{"line":91,"column":57}},"42":{"start":{"line":93,"column":6},"end":{"line":93,"column":24}},"43":{"start":{"line":95,"column":6},"end":{"line":95,"column":25}},"44":{"start":{"line":96,"column":6},"end":{"line":96,"column":null}},"45":{"start":{"line":97,"column":6},"end":{"line":97,"column":19}},"46":{"start":{"line":101,"column":23},"end":{"line":120,"column":3}},"47":{"start":{"line":102,"column":24},"end":{"line":102,"column":40}},"48":{"start":{"line":103,"column":4},"end":{"line":119,"column":5}},"49":{"start":{"line":104,"column":6},"end":{"line":104,"column":20}},"50":{"start":{"line":106,"column":6},"end":{"line":113,"column":8}},"51":{"start":{"line":114,"column":6},"end":{"line":117,"column":10}},"52":{"start":{"line":114,"column":34},"end":{"line":117,"column":8}},"53":{"start":{"line":118,"column":6},"end":{"line":118,"column":24}},"54":{"start":{"line":122,"column":22},"end":{"line":124,"column":3}},"55":{"start":{"line":123,"column":4},"end":{"line":123,"column":19}},"56":{"start":{"line":127,"column":4},"end":{"line":129,"column":39}},"57":{"start":{"line":131,"column":4},"end":{"line":134,"column":5}},"58":{"start":{"line":133,"column":6},"end":{"line":133,"column":null}},"59":{"start":{"line":136,"column":2},"end":{"line":292,"column":4}},"60":{"start":{"line":232,"column":39},"end":{"line":232,"column":71}},"61":{"start":{"line":232,"column":65},"end":{"line":232,"column":70}},"62":{"start":{"line":295,"column":0},"end":{"line":295,"column":22}}},"fnMap":{"0":{"name":"(anonymous_1)","decl":{"start":{"line":28,"column":15},"end":{"line":28,"column":18}},"loc":{"start":{"line":28,"column":20},"end":{"line":293,"column":1}}},"1":{"name":"(anonymous_2)","decl":{"start":{"line":34,"column":32},"end":{"line":34,"column":33}},"loc":{"start":{"line":34,"column":51},"end":{"line":34,"column":74}}},"2":{"name":"(anonymous_3)","decl":{"start":{"line":51,"column":24},"end":{"line":51,"column":25}},"loc":{"start":{"line":51,"column":42},"end":{"line":54,"column":3}}},"3":{"name":"(anonymous_4)","decl":{"start":{"line":56,"column":27},"end":{"line":56,"column":28}},"loc":{"start":{"line":56,"column":48},"end":{"line":60,"column":3}}},"4":{"name":"(anonymous_5)","decl":{"start":{"line":62,"column":23},"end":{"line":62,"column":24}},"loc":{"start":{"line":62,"column":66},"end":{"line":85,"column":3}}},"5":{"name":"(anonymous_6)","decl":{"start":{"line":65,"column":16},"end":{"line":65,"column":17}},"loc":{"start":{"line":65,"column":27},"end":{"line":68,"column":6}}},"6":{"name":"(anonymous_7)","decl":{"start":{"line":71,"column":16},"end":{"line":71,"column":17}},"loc":{"start":{"line":71,"column":27},"end":{"line":74,"column":8}}},"7":{"name":"(anonymous_8)","decl":{"start":{"line":78,"column":16},"end":{"line":78,"column":17}},"loc":{"start":{"line":78,"column":27},"end":{"line":83,"column":8}}},"8":{"name":"(anonymous_9)","decl":{"start":{"line":87,"column":19},"end":{"line":87,"column":24}},"loc":{"start":{"line":87,"column":48},"end":{"line":99,"column":3}}},"9":{"name":"(anonymous_10)","decl":{"start":{"line":91,"column":8},"end":{"line":91,"column":9}},"loc":{"start":{"line":91,"column":28},"end":{"line":91,"column":57}}},"10":{"name":"(anonymous_11)","decl":{"start":{"line":101,"column":23},"end":{"line":101,"column":28}},"loc":{"start":{"line":101,"column":34},"end":{"line":120,"column":3}}},"11":{"name":"(anonymous_12)","decl":{"start":{"line":114,"column":18},"end":{"line":114,"column":19}},"loc":{"start":{"line":114,"column":34},"end":{"line":117,"column":8}}},"12":{"name":"(anonymous_13)","decl":{"start":{"line":122,"column":22},"end":{"line":122,"column":25}},"loc":{"start":{"line":122,"column":27},"end":{"line":124,"column":3}}},"13":{"name":"(anonymous_14)","decl":{"start":{"line":232,"column":33},"end":{"line":232,"column":36}},"loc":{"start":{"line":232,"column":39},"end":{"line":232,"column":71}}},"14":{"name":"(anonymous_15)","decl":{"start":{"line":232,"column":55},"end":{"line":232,"column":56}},"loc":{"start":{"line":232,"column":65},"end":{"line":232,"column":70}}}},"branchMap":{"0":{"loc":{"start":{"line":70,"column":4},"end":{"line":75,"column":5}},"type":"if","locations":[{"start":{"line":70,"column":4},"end":{"line":75,"column":5}},{"start":{},"end":{}}]},"1":{"loc":{"start":{"line":73,"column":15},"end":{"line":73,"column":72}},"type":"cond-expr","locations":[{"start":{"line":73,"column":38},"end":{"line":73,"column":40}},{"start":{"line":73,"column":43},"end":{"line":73,"column":72}}]},"2":{"loc":{"start":{"line":77,"column":4},"end":{"line":84,"column":5}},"type":"if","locations":[{"start":{"line":77,"column":4},"end":{"line":84,"column":5}},{"start":{},"end":{}}]},"3":{"loc":{"start":{"line":80,"column":18},"end":{"line":82,"column":53}},"type":"cond-expr","locations":[{"start":{"line":81,"column":12},"end":{"line":81,"column":14}},{"start":{"line":82,"column":12},"end":{"line":82,"column":53}}]},"4":{"loc":{"start":{"line":103,"column":4},"end":{"line":119,"column":5}},"type":"if","locations":[{"start":{"line":103,"column":4},"end":{"line":119,"column":5}},{"start":{"line":105,"column":11},"end":{"line":119,"column":5}}]},"5":{"loc":{"start":{"line":127,"column":4},"end":{"line":129,"column":39}},"type":"binary-expr","locations":[{"start":{"line":127,"column":4},"end":{"line":127,"column":17}},{"start":{"line":128,"column":4},"end":{"line":128,"column":33}},{"start":{"line":129,"column":4},"end":{"line":129,"column":39}}]},"6":{"loc":{"start":{"line":131,"column":4},"end":{"line":134,"column":5}},"type":"if","locations":[{"start":{"line":131,"column":4},"end":{"line":134,"column":5}},{"start":{},"end":{}}]},"7":{"loc":{"start":{"line":138,"column":7},"end":{"line":150,"column":null}},"type":"binary-expr","locations":[{"start":{"line":138,"column":7},"end":{"line":138,"column":21}},{"start":{"line":139,"column":8},"end":{"line":149,"column":null}}]},"8":{"loc":{"start":{"line":222,"column":22},"end":{"line":222,"column":56}},"type":"cond-expr","locations":[{"start":{"line":222,"column":37},"end":{"line":222,"column":43}},{"start":{"line":222,"column":46},"end":{"line":222,"column":56}}]},"9":{"loc":{"start":{"line":235,"column":25},"end":{"line":235,"column":74}},"type":"cond-expr","locations":[{"start":{"line":235,"column":40},"end":{"line":235,"column":57}},{"start":{"line":235,"column":60},"end":{"line":235,"column":74}}]}},"s":{"0":1,"1":1,"2":1,"3":1,"4":1,"5":1,"6":1,"7":1,"8":1,"9":1,"10":1,"11":20,"12":20,"13":20,"14":20,"15":20,"16":26,"17":20,"18":20,"19":20,"20":20,"21":20,"22":15,"23":15,"24":20,"25":12,"26":12,"27":20,"28":9,"29":9,"30":9,"31":9,"32":3,"33":3,"34":9,"35":3,"36":3,"37":20,"38":2,"39":2,"40":2,"41":1,"42":2,"43":0,"44":0,"45":0,"46":20,"47":2,"48":2,"49":1,"50":1,"51":1,"52":1,"53":1,"54":20,"55":0,"56":20,"57":20,"58":0,"59":20,"60":2,"61":2,"62":1},"f":{"0":20,"1":26,"2":15,"3":12,"4":9,"5":9,"6":3,"7":3,"8":2,"9":1,"10":2,"11":1,"12":0,"13":2,"14":2},"b":{"0":[3,6],"1":[3,0],"2":[3,6],"3":[3,0],"4":[1,1],"5":[20,12,9],"6":[0,20],"7":[20,20],"8":[1,19],"9":[1,19]}}
,"/home/karthick.v/React Phase 2 Project/vite-project/src/pages/Home/Home.tsx": {"path":"/home/karthick.v/React Phase 2 Project/vite-project/src/pages/Home/Home.tsx","statementMap":{"0":{"start":{"line":1,"column":0},"end":{"line":1,"column":65}},"1":{"start":{"line":2,"column":0},"end":{"line":2,"column":55}},"2":{"start":{"line":3,"column":0},"end":{"line":3,"column":73}},"3":{"start":{"line":7,"column":0},"end":{"line":7,"column":58}},"4":{"start":{"line":8,"column":0},"end":{"line":8,"column":74}},"5":{"start":{"line":9,"column":0},"end":{"line":9,"column":64}},"6":{"start":{"line":10,"column":0},"end":{"line":10,"column":54}},"7":{"start":{"line":11,"column":0},"end":{"line":11,"column":null}},"8":{"start":{"line":17,"column":0},"end":{"line":17,"column":70}},"9":{"start":{"line":18,"column":0},"end":{"line":18,"column":42}},"10":{"start":{"line":19,"column":0},"end":{"line":19,"column":58}},"11":{"start":{"line":21,"column":13},"end":{"line":158,"column":1}},"12":{"start":{"line":22,"column":65},"end":{"line":22,"column":78}},"13":{"start":{"line":23,"column":42},"end":{"line":23,"column":69}},"14":{"start":{"line":24,"column":26},"end":{"line":24,"column":37}},"15":{"start":{"line":25,"column":22},"end":{"line":25,"column":63}},"16":{"start":{"line":26,"column":32},"end":{"line":26,"column":46}},"17":{"start":{"line":27,"column":16},"end":{"line":27,"column":18}},"18":{"start":{"line":29,"column":21},"end":{"line":29,"column":67}},"19":{"start":{"line":29,"column":55},"end":{"line":29,"column":66}},"20":{"start":{"line":30,"column":22},"end":{"line":30,"column":67}},"21":{"start":{"line":30,"column":56},"end":{"line":30,"column":66}},"22":{"start":{"line":32,"column":2},"end":{"line":34,"column":23}},"23":{"start":{"line":33,"column":4},"end":{"line":33,"column":null}},"24":{"start":{"line":36,"column":22},"end":{"line":50,"column":null}},"25":{"start":{"line":38,"column":6},"end":{"line":38,"column":37}},"26":{"start":{"line":38,"column":30},"end":{"line":38,"column":37}},"27":{"start":{"line":40,"column":6},"end":{"line":40,"column":64}},"28":{"start":{"line":40,"column":31},"end":{"line":40,"column":64}},"29":{"start":{"line":42,"column":6},"end":{"line":46,"column":9}},"30":{"start":{"line":43,"column":8},"end":{"line":45,"column":9}},"31":{"start":{"line":44,"column":10},"end":{"line":44,"column":38}},"32":{"start":{"line":44,"column":28},"end":{"line":44,"column":36}},"33":{"start":{"line":48,"column":6},"end":{"line":48,"column":50}},"34":{"start":{"line":48,"column":16},"end":{"line":48,"column":50}},"35":{"start":{"line":53,"column":24},"end":{"line":56,"column":3}},"36":{"start":{"line":54,"column":4},"end":{"line":55,"column":42}},"37":{"start":{"line":54,"column":15},"end":{"line":54,"column":42}},"38":{"start":{"line":55,"column":9},"end":{"line":55,"column":42}},"39":{"start":{"line":58,"column":27},"end":{"line":61,"column":3}},"40":{"start":{"line":59,"column":4},"end":{"line":60,"column":45}},"41":{"start":{"line":59,"column":
[...]
,"/home/karthick.v/React Phase 2 Project/vite-project/src/redux/Actions/userActions.ts": {"path":"/home/karthick.v/React Phase 2 Project/vite-project/src/redux/Actions/userActions.ts","statementMap":{"0":{"start":{"line":1,"column":0},"end":{"line":1,"column":null}},"1":{"start":{"line":73,"column":23},"end":{"line":81,"column":2}},"2":{"start":{"line":78,"column":6},"end":{"line":81,"column":2}},"3":{"start":{"line":73,"column":13},"end":{"line":73,"column":23}},"4":{"start":{"line":83,"column":26},"end":{"line":85,"column":2}},"5":{"start":{"line":83,"column":33},"end":{"line":85,"column":2}},"6":{"start":{"line":83,"column":13},"end":{"line":83,"column":26}},"7":{"start":{"line":87,"column":24},"end":{"line":90,"column":2}},"8":{"start":{"line":87,"column":45},"end":{"line":90,"column":2}},"9":{"start":{"line":87,"column":13},"end":{"line":87,"column":24}},"10":{"start":{"line":92,"column":30},"end":{"line":95,"column":2}},"11":{"start":{"line":92,"column":51},"end":{"line":95,"column":2}},"12":{"start":{"line":92,"column":13},"end":{"line":92,"column":30}},"13":{"start":{"line":97,"column":27},"end":{"line":100,"column":2}},"14":{"start":{"line":97,"column":65},"end":{"line":100,"column":2}},"15":{"start":{"line":97,"column":13},"end":{"line":97,"column":27}},"16":{"start":{"line":102,"column":27},"end":{"line":105,"column":2}},"17":{"start":{"line":102,"column":48},"end":{"line":105,"column":2}},"18":{"start":{"line":102,"column":13},"end":{"line":102,"column":27}},"19":{"start":{"line":107,"column":33},"end":{"line":110,"column":2}},"20":{"start":{"line":107,"column":54},"end":{"line":110,"column":2}},"21":{"start":{"line":107,"column":13},"end":{"line":107,"column":33}},"22":{"start":{"line":112,"column":37},"end":{"line":122,"column":2}},"23":{"start":{"line":119,"column":7},"end":{"line":122,"column":2}},"24":{"start":{"line":112,"column":13},"end":{"line":112,"column":37}},"25":{"start":{"line":124,"column":37},"end":{"line":129,"column":1}},"26":{"start":{"line":125,"column":2},"end":{"line":128,"column":4}},"27":{"start":{"line":124,"column":13},"end":{"line":124,"column":37}}},"fnMap":{"0":{"name":"(anonymous_0)","decl":{"start":{"line":73,"column":23},"end":{"line":73,"column":null}},"loc":{"start":{"line":78,"column":6},"end":{"line":81,"column":2}}},"1":{"name":"(anonymous_1)","decl":{"start":{"line":83,"column":26},"end":{"line":83,"column":29}},"loc":{"start":{"line":83,"column":33},"end":{"line":85,"column":2}}},"2":{"name":"(anonymous_2)","decl":{"start":{"line":87,"column":24},"end":{"line":87,"column":25}},"loc":{"start":{"line":87,"column":45},"end":{"line":90,"column":2}}},"3":{"name":"(anonymous_3)","decl":{"start":{"line":92,"column":30},"end":{"line":92,"column":31}},"loc":{"start":{"line":92,"column":51},"end":{"line":95,"column":2}}},"4":{"name":"(anonymous_4)","decl":{"start":{"line":97,"column":27},"end":{"line":97,"column":28}},"loc":{"start":{"line":97,"column":65},"end":{"line":100,"column":2}}},"5":{"name":"(anonymous_5)","decl":{"start":{"line":102,"column":27},"end":{"line":102,"column":28}},"loc":{"start":{"line":102,"column":48},"end":{"line":105,"column":2}}},"6":{"name":"(anonymous_6)","decl":{"start":{"line":107,"column":33},"end":{"line":107,"column":34}},"loc":{"start":{"line":107,"column":54},"end":{"line":110,"column":2}}},"7":{"name":"(anonymous_7)","decl":{"start":{"line":112,"column":37},"end":{"line":112,"column":38}},"loc":{"start":{"line":119,"column":7},"end":{"line":122,"column":2}}},"8":{"name":"(anonymous_8)","decl":{"start":{"line":124,"column":37},"end":{"line":124,"column":38}},"loc":{"start":{"line":124,"column":62},"end":{"line":129,"column":1}}}},"branchMap":{},"s":{"0":6,"1":6,"2":3,"3":6,"4":6,"5":1,"6":6,"7":6,"8":1,"9":6,"10":6,"11":1,"12":6,"13":6,"14":1,"15":6,"16":6,"17":1,"18":6,"19":6,"20":1,"21":6,"22":6,"23":7,"24":6,"25":6,"26":3,"27":6},"f":{"0":3,"1":1,"2":1,"3":1,"4":1,"5":1,"6":1,"7":7,"8":3},"b":{}}
,"/home/karthick.v/React Phase 2 Project/vite-project/src/redux/Reducers/errorReducer.ts": {"path":"/home/karthick.v/React Phase 2 Project/vite-project/src/redux/Reducers/errorReducer.ts","statementMap":{"0":{"start":{"line":7,"column":0},"end":{"line":7,"column":24}},"1":{"start":{"line":1,"column":0},"end":{"line":1,"column":55}},"2":{"start":{"line":3,"column":21},"end":{"line":5,"column":2}},"3":{"start":{"line":8,"column":2},"end":{"line":13,"column":3}},"4":{"start":{"line":10,"column":6},"end":{"line":10,"column":55}},"5":{"start":{"line":12,"column":6},"end":{"line":12,"column":19}}},"fnMap":{"0":{"name":"errorReducer","decl":{"start":{"line":7,"column":24},"end":{"line":7,"column":36}},"loc":{"start":{"line":7,"column":70},"end":{"line":14,"column":1}}}},"branchMap":{"0":{"loc":{"start":{"line":7,"column":37},"end":{"line":7,"column":57}},"type":"default-arg","locations":[{"start":{"line":7,"column":45},"end":{"line":7,"column":57}}]},"1":{"loc":{"start":{"line":8,"column":2},"end":{"line":13,"column":3}},"type":"switch","locations":[{"start":{"line":9,"column":4},"end":{"line":10,"column":55}},{"start":{"line":11,"column":4},"end":{"line":12,"column":19}}]}},"s":{"0":4,"1":4,"2":4,"3":25,"4":2,"5":23},"f":{"0":25},"b":{"0":[17],"1":[2,23]}}
,"/home/karthick.v/React Phase 2 Project/vite-project/src/redux/Reducers/postsReducers.ts": {"path":"/home/karthick.v/React Phase 2 Project/vite-project/src/redux/Reducers/postsReducers.ts","statementMap":{"0":{"start":{"line":2,"column":0},"end":{"line":2,"column":null}},"1":{"start":{"line":14,"column":36},"end":{"line":18,"column":2}},"2":{"start":{"line":20,"column":27},"end":{"line":45,"column":1}},"3":{"start":{"line":24,"column":2},"end":{"line":44,"column":3}},"4":{"start":{"line":26,"column":6},"end":{"line":26,"column":54}},"5":{"start":{"line":29,"column":6},"end":{"line":37,"column":8}},"6":{"start":{"line":40,"column":6},"end":{"line":40,"column":65}},"7":{"start":{"line":43,"column":6},"end":{"line":43,"column":19}},"8":{"start":{"line":20,"column":13},"end":{"line":20,"column":27}}},"fnMap":{"0":{"name":"(anonymous_0)","decl":{"start":{"line":20,"column":27},"end":{"line":20,"column":null}},"loc":{"start":{"line":23,"column":19},"end":{"line":45,"column":1}}}},"branchMap":{"0":{"loc":{"start":{"line":21,"column":2},"end":{"line":21,"column":22}},"type":"default-arg","locations":[{"start":{"line":21,"column":10},"end":{"line":21,"column":22}}]},"1":{"loc":{"start":{"line":24,"column":2},"end":{"line":44,"column":3}},"type":"switch","locations":[{"start":{"line":25,"column":4},"end":{"line":26,"column":54}},{"start":{"line":28,"column":4},"end":{"line":37,"column":8}},{"start":{"line":39,"column":4},"end":{"line":40,"column":65}},{"start":{"line":42,"column":4},"end":{"line":43,"column":19}}]},"2":{"loc":{"start":{"line":33,"column":10},"end":{"line":35,"column":49}},"type":"cond-expr","locations":[{"start":{"line":34,"column":14},"end":{"line":34,"column":28}},{"start":{"line":35,"column":14},"end":{"line":35,"column":49}}]}},"s":{"0":4,"1":4,"2":4,"3":26,"4":1,"5":1,"6":1,"7":23,"8":4},"f":{"0":26},"b":{"0":[17],"1":[1,1,1,23],"2":[1,0]}}
,"/home/karthick.v/React Phase 2 Project/vite-project/src/redux/Reducers/userReducer.ts": {"path":"/home/karthick.v/React Phase 2 Project/vite-project/src/redux/Reducers/userReducer.ts","statementMap":{"0":{"start":{"line":2,"column":0},"end":{"line":2,"column":null}},"1":{"start":{"line":54,"column":40},"end":{"line":72,"column":2}},"2":{"start":{"line":74,"column":27},"end":{"line":179,"column":1}},"3":{"start":{"line":78,"column":2},"end":{"line":178,"column":3}},"4":{"start":{"line":80,"column":6},"end":{"line":86,"column":8}},"5":{"start":{"line":89,"column":6},"end":{"line":89,"column":30}},"6":{"start":{"line":92,"column":6},"end":{"line":106,"column":7}},"7":{"start":{"line":93,"column":28},"end":{"line":93,"column":30}},"8":{"start":{"line":94,"column":8},"end":{"line":100,"column":9}},"9":{"start":{"line":95,"column":10},"end":{"line":97,"column":13}},"10":{"start":{"line":96,"column":12},"end":{"line":96,"column":43}},"11":{"start":{"line":99,"column":10},"end":{"line":99,"column":46}},"12":{"start":{"line":101,"column":8},"end":{"line":105,"column":10}},"13":{"start":{"line":107,"column":6},"end":{"line":107,"column":19}},"14":{"start":{"line":110,"column":28},"end":{"line":112,"column":8}},"15":{"start":{"line":111,"column":8},"end":{"line":111,"column":39}},"16":{"start":{"line":113,"column":6},"end":{"line":116,"column":8}},"17":{"start":{"line":120,"column":6},"end":{"line":129,"column":8}},"18":{"start":{"line":131,"column":6},"end":{"line":145,"column":7}},"19":{"start":{"line":132,"column":28},"end":{"line":132,"column":30}},"20":{"start":{"line":133,"column":8},"end":{"line":139,"column":9}},"21":{"start":{"line":134,"column":10},"end":{"line":136,"column":13}},"22":{"start":{"line":135,"column":12},"end":{"line":135,"column":43}},"23":{"start":{"line":138,"column":10},"end":{"line":138,"column":44}},"24":{"start":{"line":140,"column":8},"end":{"line":144,"column":10}},"25":{"start":{"line":146,"column":6},"end":{"line":146,"column":19}},"26":{"start":{"line":149,"column":28},"end":{"line":151,"column":8}},"27":{"start":{"line":150,"column":8},"end":{"line":150,"column":39}},"28":{"start":{"line":152,"column":6},"end":{"line":155,"column":8}},"29":{"start":{"line":158,"column":6},"end":{"line":169,"column":8}},"30":{"start":{"line":171,"column":6},"end":{"line":174,"column":8}},"31":{"start":{"line":177,"column":6},"end":{"line":177,"column":19}},"32":{"start":{"line":74,"column":13},"end":{"line":74,"column":27}}},"fnMap":{"0":{"name":"(anonymous_0)","decl":{"start":{"line":74,"column":27},"end":{"line":74,"column":null}},"loc":{"start":{"line":77,"column":19},"end":{"line":179,"column":1}}},"1":{"name":"(anonymous_1)","decl":{"start":{"line":95,"column":53},"end":{"line":95,"column":54}},"loc":{"start":{"line":95,"column":62},"end":{"line":97,"column":11}}},"2":{"name":"(anonymous_2)","decl":{"start":{"line":110,"column":53},"end":{"line":110,"column":54}},"loc":{"start":{"line":110,"column":62},"end":{"line":112,"column":7}}},"3":{"name":"(anonymous_3)","decl":{"start":{"line":134,"column":51},"end":{"line":134,"column":52}},"loc":{"start":{"line":134,"column":60},"end":{"line":136,"column":11}}},"4":{"name":"(anonymous_4)","decl":{"start":{"line":149,"column":55},"end":{"line":149,"column":56}},"loc":{"start":{"line":149,"column":64},"end":{"line":151,"column":7}}}},"branchMap":{"0":{"loc":{"start":{"line":75,"column":2},"end":{"line":75,"column":26}},"type":"default-arg","locations":[{"start":{"line":75,"column":10},"end":{"line":75,"column":26}}]},"1":{"loc":{"start":{"line":78,"column":2},"end":{"line":178,"column":3}},"type":"switch","locations":[{"start":{"line":79,"column":4},"end":{"line":86,"column":8}},{"start":{"line":88,"column":4},"end":{"line":89,"column":30}},{"start":{"line":91,"column":4},"end":{"line":108,"column":5}},{"start":{"line":109,"column":4},"end":{"line":117,"column":5}},{"start":{"line":119,"column":4},"end":{"line":129,"column":8}},{"start":{"line":130,"column":4},"end":{"line":147,"column":5}},{"start":{"line":148,"column":4},"end":{"line":156,"column":5}},{"start":{"line":157,"column":4},"end":{"line":169,"column":8}},{"start":{"line":170,"column":4},"end":{"line":174,"column":8}},{"start":{"line":176,"column":4},"end":{"line":177,"column":19}}]},"2":{"loc":{"start":{"line":92,"column":6},"end":{"line":106,"column":7}},"type":"if","locations":[{"start":{"line":92,"column":6},"end":{"line":106,"column":7}},{"start":{},"end":{}}]},"3":{"loc":{"start":{"line":94,"column":8},"end":{"line":100,"column":9}},"type":"if","locations":[{"start":{"line":94,"column":8},"end":{"line":100,"column":9}},{"start":{"line":98,"column":15},"end":{"line":100,"column":9}}]},"4":{"loc":{"start":{"line":131,"column":6},"end":{"line":145,"column":7}},"type":"if","locations":[{"start":{"line":131,"column":6},"end":{"line":145,"column":7}},{"start":{},"end":{}}]},"5":{"loc":{"start":{"line":133,"column":8},"end":{"line":139,"column":9}},"type":"if","locations":[{"start":{"line":133,"column":8},"end":{"line":139,"column":9}},{"start":{"line":137,"column":15},"end":{"line":139,"column":9}}]}},"s":{"0":4,"1":4,"2":4,"3":34,"4":1,"5":1,"6":2,"7":2,"8":2,"9":1,"10":1,"11":1,"12":2,"13":0,"14":1,"15":2,"16":1,"17":1,"18":2,"19":2,"20":2,"21":1,"22":1,"23":1,"24":2,"25":0,"26":1,"27":2,"28":1,"29":1,"30":1,"31":23,"32":4},"f":{"0":34,"1":1,"2":2,"3":1,"4":2},"b":{"0":[17],"1":[1,1,2,1,1,2,1,1,1,23],"2":[2,0],"3":[1,1],"4":[2,0],"5":[1,1]}}
,"/home/karthick.v/React Phase 2 Project/vite-project/src/redux/Store/store.ts": {"path":"/home/karthick.v/React Phase 2 Project/vite-project/src/redux/Store/store.ts","statementMap":{"0":{"start":{"line":1,"column":0},"end":{"line":1,"column":79}},"1":{"start":{"line":2,"column":0},"end":{"line":2,"column":61}},"2":{"start":{"line":3,"column":0},"end":{"line":3,"column":48}},"3":{"start":{"line":4,"column":0},"end":{"line":4,"column":54}},"4":{"start":{"line":5,"column":0},"end":{"line":5,"column":56}},"5":{"start":{"line":6,"column":0},"end":{"line":6,"column":36}},"6":{"start":{"line":7,"column":0},"end":{"line":7,"column":52}},"7":{"start":{"line":9,"column":19},"end":{"line":9,"column":26}},"8":{"start":{"line":10,"column":17},"end":{"line":10,"column":56}},"9":{"start":{"line":12,"column":13},"end":{"line":16,"column":3}},"10":{"start":{"line":18,"column":22},"end":{"line":22,"column":2}},"11":{"start":{"line":24,"column":25},"end":{"line":24,"column":74}},"12":{"start":{"line":26,"column":13},"end":{"line":26,"column":72}},"13":{"start":{"line":28,"column":13},"end":{"line":28,"column":45}}},"fnMap":{},"branchMap":{},"s":{"0":3,"1":3,"2":3,"3":3,"4":3,"5":3,"6":3,"7":3,"8":3,"9":3,"10":3,"11":3,"12":3,"13":3},"f":{},"b":{}}
,"/home/karthick.v/React Phase 2 Project/vite-project/src/services/apiCalls.ts": {"path":"/home/karthick.v/React Phase 2 Project/vite-project/src/services/apiCalls.ts","statementMap":{"0":{"start":{"line":1,"column":0},"end":{"line":1,"column":37}},"1":{"start":{"line":3,"column":27},"end":{"line":5,"column":1}},"2":{"start":{"line":4,"column":2},"end":{"line":4,"column":37}},"3":{"start":{"line":3,"column":13},"end":{"line":3,"column":27}},"4":{"start":{"line":7,"column":29},"end":{"line":9,"column":1}},"5":{"start":{"line":8,"column":2},"end":{"line":8,"column":33}},"6":{"start":{"line":7,"column":13},"end":{"line":7,"column":29}},"7":{"start":{"line":11,"column":32},"end":{"line":13,"column":1}},"8":{"start":{"line":12,"column":2},"end":{"line":12,"column":50}},"9":{"start":{"line":11,"column":13},"end":{"line":11,"column":32}},"10":{"start":{"line":15,"column":27},"end":{"line":17,"column":1}},"11":{"start":{"line":16,"column":2},"end":{"line":16,"column":55}},"12":{"start":{"line":15,"column":13},"end":{"line":15,"column":27}},"13":{"start":{"line":19,"column":34},"end":{"line":21,"column":1}},"14":{"start":{"line":20,"column":2},"end":{"line":20,"column":42}},"15":{"start":{"line":19,"column":13},"end":{"line":19,"column":34}},"16":{"start":{"line":23,"column":31},"end":{"line":25,"column":1}},"17":{"start":{"line":24,"column":2},"end":{"line":24,"column":45}},"18":{"start":{"line":23,"column":13},"end":{"line":23,"column":31}},"19":{"start":{"line":27,"column":32},"end":{"line":29,"column":1}},"20":{"start":{"line":28,"column":2},"end":{"line":28,"column":50}},"21":{"start":{"line":27,"column":13},"end":{"line":27,"column":32}},"22":{"start":{"line":31,"column":30},"end":{"line":33,"column":1}},"23":{"start":{"line":32,"column":2},"end":{"line":32,"column":32}},"24":{"start":{"line":31,"column":13},"end":{"line":31,"column":30}},"25":{"start":{"line":35,"column":35},"end":{"line":37,"column":1}},"26":{"start":{"line":36,"column":2},"end":{"line":36,"column":36}},"27":{"start":{"line":35,"column":13},"end":{"line":35,"column":35}}},"fnMap":{"0":{"name":"(anonymous_1)","decl":{"start":{"line":3,"column":27},"end":{"line":3,"column":30}},"loc":{"start":{"line":3,"column":32},"end":{"line":5,"column":1}}},"1":{"name":"(anonymous_2)","decl":{"start":{"line":7,"column":29},"end":{"line":7,"column":30}},"loc":{"start":{"line":7,"column":44},"end":{"line":9,"column":1}}},"2":{"name":"(anonymous_3)","decl":{"start":{"line":11,"column":32},"end":{"line":11,"column":33}},"loc":{"start":{"line":11,"column":55},"end":{"line":13,"column":1}}},"3":{"name":"(anonymous_4)","decl":{"start":{"line":15,"column":27},"end":{"line":15,"column":28}},"loc":{"start":{"line":15,"column":52},"end":{"line":17,"column":1}}},"4":{"name":"(anonymous_5)","decl":{"start":{"line":19,"column":34},"end":{"line":19,"column":35}},"loc":{"start":{"line":19,"column":53},"end":{"line":21,"column":1}}},"5":{"name":"(anonymous_6)","decl":{"start":{"line":23,"column":31},"end":{"line":23,"column":32}},"loc":{"start":{"line":23,"column":50},"end":{"line":25,"column":1}}},"6":{"name":"(anonymous_7)","decl":{"start":{"line":27,"column":32},"end":{"line":27,"column":33}},"loc":{"start":{"line":27,"column":55},"end":{"line":29,"column":1}}},"7":{"name":"(anonymous_8)","decl":{"start":{"line":31,"column":30},"end":{"line":31,"column":33}},"loc":{"start":{"line":31,"column":35},"end":{"line":33,"column":1}}},"8":{"name":"(anonymous_9)","decl":{"start":{"line":35,"column":35},"end":{"line":35,"column":38}},"loc":{"start":{"line":35,"column":40},"end":{"line":37,"column":1}}}},"branchMap":{"0":{"loc":{"start":{"line":15,"column":28},"end":{"line":15,"column":38}},"type":"default-arg","locations":[{"start":{"line":15,"column":36},"end":{"line":15,"column":38}}]},"1":{"loc":{"start":{"line":15,"column":40},"end":{"line":15,"column":48}},"type":"default-arg","locations":[{"start":{"line":15,"column":47},"end":{"line":15,"column":48}}]}},"s":{"0":3,"1":3,"2":1,"3":3,"4":3,"5":1,"6":3,"7":3,"8":1,"9":3,"10":3,"11":1,"12":3,"13":3,"14":1,"15":3,"16":3,"17":1,"18":3,"19":3,"20":1,"21":3,"22":3,"23":1,"24":3,"25":3,"26":1,"27":3},"f":{"0":1,"1":1,"2":1,"3":1,"4":1,"5":1,"6":1,"7":1,"8":1},"b":{"0":[1],"1":[1]}}
,"/home/karthick.v/React Phase 2 Project/vite-project/src/services/axiosInterceptor.ts": {"path":"/home/karthick.v/React Phase 2 Project/vite-project/src/services/axiosInterceptor.ts","statementMap":{"0":{"start":{"line":1,"column":0},"end":{"line":1,"column":26}},"1":{"start":{"line":5,"column":12},"end":{"line":7,"column":2}},"2":{"start":{"line":9,"column":0},"end":{"line":15,"column":2}},"3":{"start":{"line":10,"column":16},"end":{"line":10,"column":24}},"4":{"start":{"line":13,"column":4},"end":{"line":13,"column":33}},"5":{"start":{"line":17,"column":0},"end":{"line":17,"column":19}}},"fnMap":{"0":{"name":"(anonymous_1)","decl":{"start":{"line":10,"column":2},"end":{"line":10,"column":3}},"loc":{"start":{"line":10,"column":16},"end":{"line":10,"column":24}}},"1":{"name":"(anonymous_2)","decl":{"start":{"line":11,"column":2},"end":{"line":11,"column":3}},"loc":{"start":{"line":11,"column":12},"end":{"line":14,"column":3}}}},"branchMap":{},"s":{"0":4,"1":4,"2":4,"3":10,"4":0,"5":4},"f":{"0":10,"1":0},"b":{}}
}
