TN:
SF:src/main.tsx
FN:12,(anonymous_10)
FN:12,(anonymous_11)
FN:13,(anonymous_12)
FN:13,(anonymous_13)
FN:14,(anonymous_14)
FN:14,(anonymous_15)
FN:15,(anonymous_16)
FN:15,(anonymous_17)
FN:16,(anonymous_18)
FN:16,(anonymous_19)
FN:17,(anonymous_20)
FN:17,(anonymous_21)
FN:18,(anonymous_22)
FN:18,(anonymous_23)
FN:19,(anonymous_24)
FN:19,(anonymous_25)
FN:20,(anonymous_26)
FN:20,(anonymous_27)
FNF:18
FNH:0
FNDA:0,(anonymous_10)
FNDA:0,(anonymous_11)
FNDA:0,(anonymous_12)
FNDA:0,(anonymous_13)
FNDA:0,(anonymous_14)
FNDA:0,(anonymous_15)
FNDA:0,(anonymous_16)
FNDA:0,(anonymous_17)
FNDA:0,(anonymous_18)
FNDA:0,(anonymous_19)
FNDA:0,(anonymous_20)
FNDA:0,(anonymous_21)
FNDA:0,(anonymous_22)
FNDA:0,(anonymous_23)
FNDA:0,(anonymous_24)
FNDA:0,(anonymous_25)
FNDA:0,(anonymous_26)
FNDA:0,(anonymous_27)
DA:1,0
DA:2,0
DA:3,0
DA:4,0
DA:5,0
DA:6,0
DA:7,0
DA:9,0
DA:12,0
DA:13,0
DA:14,0
DA:15,0
DA:16,0
DA:17,0
DA:18,0
DA:19,0
DA:20,0
DA:22,0
DA:47,0
DA:89,0
LF:20
LH:0
BRF:0
BRH:0
end_of_record
TN:
SF:src/components/AddPostDialog/AddPostDialog.tsx
FN:25,(anonymous_1)
FN:37,(anonymous_2)
FN:39,(anonymous_3)
FN:41,(anonymous_4)
FN:44,(anonymous_5)
FN:45,(anonymous_6)
FN:52,(anonymous_7)
FN:69,(anonymous_8)
FN:97,(anonymous_9)
FN:107,(anonymous_10)
FN:114,(anonymous_11)
FN:115,(anonymous_12)
FNF:12
FNH:12
FNDA:126,(anonymous_1)
FNDA:139,(anonymous_2)
FNDA:139,(anonymous_3)
FNDA:13,(anonymous_4)
FNDA:11,(anonymous_5)
FNDA:1,(anonymous_6)
FNDA:5,(anonymous_7)
FNDA:3,(anonymous_8)
FNDA:48,(anonymous_9)
FNDA:50,(anonymous_10)
FNDA:2,(anonymous_11)
FNDA:152,(anonymous_12)
DA:1,1
DA:2,1
DA:12,1
DA:13,1
DA:15,1
DA:16,1
DA:17,1
DA:25,1
DA:30,126
DA:32,126
DA:33,126
DA:34,126
DA:35,126
DA:37,139
DA:39,139
DA:41,126
DA:42,13
DA:43,12
DA:44,11
DA:46,1
DA:47,1
DA:52,126
DA:53,5
DA:54,2
DA:63,2
DA:65,2
DA:69,126
DA:70,3
DA:71,3
DA:72,3
DA:73,3
DA:76,126
DA:78,0
DA:81,126
DA:97,48
DA:107,50
DA:114,2
DA:116,152
DA:148,1
LF:39
LH:38
BRDA:42,0,0,12
BRDA:42,0,1,1
BRDA:53,1,0,2
BRDA:53,1,1,3
BRDA:53,2,0,5
BRDA:53,2,1,3
BRDA:76,3,0,0
BRDA:76,3,1,126
BRF:8
BRH:7
end_of_record
TN:
SF:src/components/ApiError/ApiError.tsx
FN:8,(anonymous_1)
FN:11,(anonymous_2)
FNF:2
FNH:2
FNDA:12,(anonymous_1)
FNDA:5,(anonymous_2)
DA:2,6
DA:3,6
DA:4,6
DA:5,6
DA:6,6
DA:8,6
DA:9,12
DA:11,12
DA:12,5
DA:13,5
DA:16,12
DA:70,6
LF:12
LH:12
BRF:0
BRH:0
end_of_record
TN:
SF:src/components/AuthImage/AuthImage.tsx
FN:4,(anonymous_1)
FNF:1
FNH:1
FNDA:44,(anonymous_1)
DA:1,3
DA:2,3
DA:4,3
DA:5,44
DA:19,3
LF:5
LH:5
BRF:0
BRH:0
end_of_record
TN:
SF:src/components/AuthProtectedRoutes/AuthProtectedRoutes.tsx
FN:10,(anonymous_0)
FN:11,(anonymous_1)
FNF:2
FNH:2
FNDA:11,(anonymous_0)
FNDA:22,(anonymous_1)
DA:3,1
DA:4,1
DA:10,1
DA:11,22
DA:12,11
DA:13,11
DA:14,7
DA:16,4
DA:20,1
LF:9
LH:9
BRDA:13,0,0,7
BRDA:13,0,1,4
BRF:2
BRH:2
end_of_record
TN:
SF:src/components/EditProfileDialog/EditProfileDialog.tsx
FN:40,(anonymous_0)
FN:48,(anonymous_1)
FN:52,(anonymous_2)
FN:60,(anonymous_3)
FN:64,(anonymous_4)
FN:76,(anonymous_5)
FNF:6
FNH:6
FNDA:253,(anonymous_0)
FNDA:221,(anonymous_1)
FNDA:97,(anonymous_2)
FNDA:124,(anonymous_3)
FNDA:253,(anonymous_4)
FNDA:5,(anonymous_5)
DA:1,1
DA:2,1
DA:11,1
DA:12,1
DA:40,1
DA:45,253
DA:46,253
DA:48,253
DA:49,221
DA:51,221
DA:52,97
DA:60,124
DA:64,253
DA:65,253
DA:76,253
DA:77,5
DA:90,5
DA:93,253
DA:200,1
LF:19
LH:19
BRDA:51,0,0,97
BRDA:51,0,1,124
BRDA:51,1,0,221
BRDA:51,1,1,160
BRDA:56,2,0,61
BRDA:56,2,1,36
BRDA:66,3,0,253
BRDA:66,3,1,242
BRDA:66,3,2,238
BRDA:66,3,3,236
BRDA:66,3,4,233
BRDA:66,3,5,231
BRDA:66,3,6,226
BRF:13
BRH:13
end_of_record
TN:
SF:src/components/Navbar/Navbar.tsx
FN:48,(anonymous_0)
FN:56,(anonymous_1)
FN:61,(anonymous_2)
FN:82,(anonymous_3)
FN:130,(anonymous_4)
FN:192,(anonymous_5)
FNF:6
FNH:6
FNDA:5,(anonymous_0)
FNDA:1,(anonymous_1)
FNDA:12,(anonymous_2)
FNDA:12,(anonymous_3)
FNDA:4,(anonymous_4)
FNDA:4,(anonymous_5)
DA:1,1
DA:13,1
DA:21,1
DA:22,1
DA:23,1
DA:24,1
DA:26,1
DA:48,1
DA:49,5
DA:50,5
DA:51,5
DA:52,5
DA:53,5
DA:54,5
DA:56,5
DA:57,1
DA:58,1
DA:61,12
DA:63,5
DA:64,3
DA:83,12
DA:114,2
DA:115,1
DA:131,4
DA:164,1
DA:193,4
DA:194,4
DA:247,1
LF:28
LH:28
BRDA:63,0,0,3
BRDA:63,0,1,2
BRDA:114,1,0,1
BRDA:114,1,1,1
BRDA:137,2,0,1
BRDA:137,2,1,3
BRDA:142,3,0,1
BRDA:142,3,1,3
BRDA:203,4,0,1
BRDA:203,4,1,3
BRDA:206,5,0,1
BRDA:206,5,1,3
BRF:12
BRH:12
end_of_record
TN:
SF:src/components/NoPosts/NoPosts.tsx
FN:5,(anonymous_1)
FNF:1
FNH:1
FNDA:22,(anonymous_1)
DA:2,1
DA:3,1
DA:5,1
DA:6,22
DA:27,1
LF:5
LH:5
BRF:0
BRH:0
end_of_record
TN:
SF:src/components/NoResults/NoResults.tsx
FN:4,(anonymous_1)
FNF:1
FNH:1
FNDA:3,(anonymous_1)
DA:1,1
DA:2,1
DA:4,1
DA:5,3
DA:32,1
LF:5
LH:5
BRF:0
BRH:0
end_of_record
TN:
SF:src/components/PostCard/PostCard.tsx
FN:35,(anonymous_0)
FN:46,(anonymous_1)
FN:95,(anonymous_2)
FN:108,(anonymous_3)
FN:121,(anonymous_4)
FN:186,(anonymous_5)
FN:199,(anonymous_6)
FNF:7
FNH:7
FNDA:78,(anonymous_0)
FNDA:39,(anonymous_1)
FNDA:3,(anonymous_2)
FNDA:3,(anonymous_3)
FNDA:2,(anonymous_4)
FNDA:2,(anonymous_5)
FNDA:228,(anonymous_6)
DA:1,1
DA:2,1
DA:13,1
DA:22,1
DA:23,1
DA:35,1
DA:44,78
DA:46,78
DA:47,39
DA:48,39
DA:51,78
DA:95,3
DA:108,3
DA:121,2
DA:186,2
DA:200,228
DA:214,1
LF:17
LH:17
BRDA:61,0,0,0
BRDA:61,0,1,78
BRDA:62,1,0,0
BRDA:62,1,1,78
BRDA:99,2,0,8
BRDA:99,2,1,70
BRDA:102,3,0,8
BRDA:102,3,1,70
BRDA:112,4,0,8
BRDA:112,4,1,70
BRDA:115,5,0,8
BRDA:115,5,1,70
BRDA:143,6,0,0
BRDA:143,6,1,78
BRF:14
BRH:11
end_of_record
TN:
SF:src/components/PostCardSmall/PostCardSmall.tsx
FN:11,(anonymous_0)
FNF:1
FNH:1
FNDA:38,(anonymous_0)
DA:2,1
DA:11,1
DA:17,38
DA:19,38
DA:76,1
LF:5
LH:5
BRDA:54,0,0,4
BRDA:54,0,1,34
BRDA:61,1,0,4
BRDA:61,1,1,34
BRF:4
BRH:4
end_of_record
TN:
SF:src/components/PostCardSmallSkeleton/PostCardSmallSkeleton.tsx
FN:4,(anonymous_0)
FNF:1
FNH:1
FNDA:3,(anonymous_0)
DA:2,1
DA:4,1
DA:5,3
DA:56,1
LF:4
LH:4
BRF:0
BRH:0
end_of_record
TN:
SF:src/components/PostDialog/PostDialog.tsx
FN:40,(anonymous_1)
FN:55,(anonymous_2)
FN:57,(anonymous_3)
FN:58,(anonymous_4)
FN:72,(anonymous_5)
FN:76,(anonymous_6)
FN:79,(anonymous_7)
FN:85,(anonymous_8)
FN:88,(anonymous_9)
FN:89,(anonymous_10)
FN:105,(anonymous_11)
FN:106,(anonymous_12)
FN:158,(anonymous_13)
FN:174,(anonymous_14)
FN:182,(anonymous_15)
FN:251,(anonymous_16)
FN:271,(anonymous_17)
FN:274,(anonymous_18)
FNF:18
FNH:14
FNDA:84,(anonymous_1)
FNDA:100,(anonymous_2)
FNDA:100,(anonymous_3)
FNDA:2,(anonymous_4)
FNDA:2,(anonymous_5)
FNDA:17,(anonymous_6)
FNDA:17,(anonymous_7)
FNDA:14,(anonymous_8)
FNDA:8,(anonymous_9)
FNDA:8,(anonymous_10)
FNDA:0,(anonymous_11)
FNDA:0,(anonymous_12)
FNDA:249,(anonymous_13)
FNDA:0,(anonymous_14)
FNDA:0,(anonymous_15)
FNDA:144,(anonymous_16)
FNDA:38,(anonymous_17)
FNDA:38,(anonymous_18)
DA:1,1
DA:2,1
DA:14,1
DA:16,1
DA:18,1
DA:19,1
DA:21,1
DA:22,1
DA:23,1
DA:24,1
DA:25,1
DA:26,1
DA:27,1
DA:28,1
DA:40,1
DA:49,84
DA:51,83
DA:52,83
DA:53,83
DA:54,83
DA:55,100
DA:57,100
DA:58,83
DA:59,2
DA:61,2
DA:62,2
DA:71,2
DA:72,2
DA:73,2
DA:76,83
DA:77,17
DA:79,83
DA:80,17
DA:81,17
DA:82,17
DA:83,17
DA:84,15
DA:85,14
DA:87,8
DA:88,8
DA:89,8
DA:99,8
DA:100,8
DA:101,8
DA:104,0
DA:105,0
DA:106,0
DA:115,0
DA:118,9
DA:119,9
DA:120,9
DA:124,83
DA:126,0
DA:129,83
DA:159,249
DA:174,0
DA:182,0
DA:252,144
DA:272,38
DA:275,38
DA:292,1
LF:61
LH:54
BRDA:49,0,0,1
BRDA:49,0,1,83
BRDA:59,1,0,2
BRDA:59,1,1,0
BRDA:71,2,0,2
BRDA:71,2,1,0
BRDA:81,3,0,17
BRDA:81,3,1,0
BRDA:81,4,0,17
BRDA:81,4,1,17
BRDA:124,5,0,0
BRDA:124,5,1,83
BRDA:175,6,0,2
BRDA:175,6,1,81
BRDA:178,7,0,2
BRDA:178,7,1,81
BRDA:183,8,0,0
BRDA:183,8,1,83
BRDA:186,9,0,0
BRDA:186,9,1,83
BRDA:193,10,0,83
BRDA:193,10,1,0
BRDA:224,11,0,83
BRDA:224,11,1,17
BRDA:235,12,0,36
BRDA:235,12,1,47
BRDA:275,13,0,0
BRDA:275,13,1,38
BRF:28
BRH:20
end_of_record
TN:
SF:src/components/PostSkeleton/PostSkeleton.tsx
FN:16,(anonymous_1)
FN:58,(anonymous_2)
FN:109,(anonymous_3)
FNF:3
FNH:3
FNDA:7,(anonymous_1)
FNDA:21,(anonymous_2)
FNDA:21,(anonymous_3)
DA:2,1
DA:11,1
DA:12,1
DA:13,1
DA:14,1
DA:16,1
DA:17,7
DA:59,21
DA:110,21
DA:119,1
LF:10
LH:10
BRDA:65,0,0,21
BRDA:65,0,1,7
BRDA:66,1,0,21
BRDA:66,1,1,7
BRDA:67,2,0,21
BRDA:67,2,1,7
BRF:6
BRH:6
end_of_record
TN:
SF:src/components/ProtectedRoutes/ProtectedRoutes.tsx
FN:10,(anonymous_0)
FN:13,(anonymous_1)
FNF:2
FNH:2
FNDA:2,(anonymous_0)
FNDA:3,(anonymous_1)
DA:2,1
DA:4,1
DA:10,1
DA:11,2
DA:12,2
DA:13,3
DA:14,2
DA:15,2
DA:17,2
DA:19,1
DA:23,1
DA:26,0
DA:28,0
DA:30,0
DA:34,0
DA:39,1
LF:16
LH:12
BRDA:15,0,0,2
BRDA:15,0,1,0
BRDA:17,1,0,1
BRDA:17,1,1,1
BRDA:17,2,0,2
BRDA:17,2,1,1
BRDA:26,3,0,0
BRDA:26,3,1,0
BRDA:28,4,0,0
BRDA:28,4,1,0
BRDA:28,5,0,0
BRDA:28,5,1,0
BRF:12
BRH:5
end_of_record
TN:
SF:src/components/UserCard/UserCard.tsx
FN:11,(anonymous_0)
FN:17,(anonymous_1)
FNF:2
FNH:2
FNDA:23,(anonymous_0)
FNDA:7,(anonymous_1)
DA:2,1
DA:3,1
DA:11,1
DA:12,23
DA:13,23
DA:15,23
DA:17,7
DA:50,1
LF:8
LH:8
BRF:0
BRH:0
end_of_record
TN:
SF:src/components/UserPostSection/UserPostSection.tsx
FN:19,(anonymous_1)
FN:24,(anonymous_2)
FN:26,(anonymous_3)
FN:34,(anonymous_4)
FN:42,(anonymous_5)
FN:47,(anonymous_6)
FN:57,(anonymous_7)
FN:76,(anonymous_8)
FNF:8
FNH:8
FNDA:26,(anonymous_1)
FNDA:46,(anonymous_2)
FNDA:2,(anonymous_3)
FNDA:2,(anonymous_4)
FNDA:9,(anonymous_5)
FNDA:1,(anonymous_6)
FNDA:69,(anonymous_7)
FNDA:9,(anonymous_8)
DA:1,1
DA:2,1
DA:3,1
DA:4,1
DA:6,1
DA:7,1
DA:19,1
DA:20,26
DA:21,26
DA:22,26
DA:24,46
DA:26,26
DA:27,2
DA:28,1
DA:30,1
DA:34,26
DA:35,2
DA:36,1
DA:38,1
DA:42,26
DA:43,9
DA:44,9
DA:47,26
DA:48,1
DA:49,1
DA:52,26
DA:58,69
DA:76,9
DA:102,1
LF:29
LH:29
BRDA:27,0,0,1
BRDA:27,0,1,1
BRDA:35,1,0,1
BRDA:35,1,1,1
BRDA:88,2,0,9
BRDA:88,2,1,17
BRDA:93,3,0,9
BRDA:93,3,1,17
BRF:8
BRH:8
end_of_record
TN:
SF:src/components/UserProfileCard/UserProfileCard.tsx
FN:17,(anonymous_0)
FNF:1
FNH:1
FNDA:24,(anonymous_0)
DA:2,1
DA:3,1
DA:17,1
DA:25,24
DA:27,24
DA:94,1
LF:6
LH:6
BRF:0
BRH:0
end_of_record
TN:
SF:src/components/UserProfilePostCard/UserProfilePostCard.tsx
FN:12,(anonymous_0)
FN:47,(anonymous_1)
FNF:2
FNH:2
FNDA:17,(anonymous_0)
FNDA:47,(anonymous_1)
DA:2,1
DA:12,1
DA:18,17
DA:48,47
DA:61,1
LF:5
LH:5
BRF:0
BRH:0
end_of_record
TN:
SF:src/pages/Auth/Login.tsx
FN:32,(anonymous_1)
FN:43,(anonymous_2)
FN:45,(anonymous_3)
FN:47,(anonymous_4)
FN:51,(anonymous_5)
FN:63,(anonymous_6)
FN:94,(anonymous_7)
FN:166,(anonymous_8)
FN:178,(anonymous_9)
FN:183,(anonymous_10)
FN:183,(anonymous_11)
FNF:11
FNH:8
FNDA:12,(anonymous_1)
FNDA:17,(anonymous_2)
FNDA:17,(anonymous_3)
FNDA:2,(anonymous_4)
FNDA:2,(anonymous_5)
FNDA:2,(anonymous_6)
FNDA:0,(anonymous_7)
FNDA:3,(anonymous_8)
FNDA:3,(anonymous_9)
FNDA:0,(anonymous_10)
FNDA:0,(anonymous_11)
DA:1,1
DA:2,1
DA:17,1
DA:18,1
DA:19,1
DA:21,1
DA:22,1
DA:26,1
DA:28,1
DA:29,1
DA:32,1
DA:33,12
DA:34,12
DA:35,12
DA:36,12
DA:38,12
DA:39,12
DA:40,12
DA:41,12
DA:43,17
DA:45,17
DA:47,12
DA:48,2
DA:49,2
DA:50,2
DA:51,2
DA:52,2
DA:56,2
DA:58,0
DA:59,0
DA:63,12
DA:64,2
DA:65,2
DA:66,2
DA:67,0
DA:68,2
DA:69,1
DA:78,1
DA:86,1
DA:88,1
DA:90,1
DA:94,12
DA:95,0
DA:98,12
DA:100,0
DA:103,12
DA:166,3
DA:178,3
DA:183,0
DA:252,1
LF:50
LH:44
BRDA:53,0,0,2
BRDA:53,0,1,1
BRDA:66,1,0,0
BRDA:66,1,1,2
BRDA:66,2,0,2
BRDA:66,2,1,0
BRDA:68,3,0,1
BRDA:68,3,1,1
BRDA:98,4,0,0
BRDA:98,4,1,12
BRDA:105,5,0,12
BRDA:105,5,1,12
BRDA:176,6,0,0
BRDA:176,6,1,12
BRDA:188,7,0,0
BRDA:188,7,1,12
BRDA:202,8,0,12
BRDA:202,8,1,7
BRF:18
BRH:13
end_of_record
TN:
SF:src/pages/Auth/Signup.tsx
FN:28,(anonymous_1)
FN:34,(anonymous_2)
FN:51,(anonymous_3)
FN:56,(anonymous_4)
FN:62,(anonymous_5)
FN:65,(anonymous_6)
FN:71,(anonymous_7)
FN:78,(anonymous_8)
FN:87,(anonymous_9)
FN:91,(anonymous_10)
FN:101,(anonymous_11)
FN:114,(anonymous_12)
FN:122,(anonymous_13)
FN:232,(anonymous_14)
FN:232,(anonymous_15)
FNF:15
FNH:14
FNDA:20,(anonymous_1)
FNDA:26,(anonymous_2)
FNDA:15,(anonymous_3)
FNDA:12,(anonymous_4)
FNDA:9,(anonymous_5)
FNDA:9,(anonymous_6)
FNDA:3,(anonymous_7)
FNDA:3,(anonymous_8)
FNDA:2,(anonymous_9)
FNDA:1,(anonymous_10)
FNDA:2,(anonymous_11)
FNDA:1,(anonymous_12)
FNDA:0,(anonymous_13)
FNDA:2,(anonymous_14)
FNDA:2,(anonymous_15)
DA:1,1
DA:2,1
DA:17,1
DA:18,1
DA:20,1
DA:21,1
DA:22,1
DA:23,1
DA:24,1
DA:26,1
DA:28,1
DA:29,20
DA:30,20
DA:31,20
DA:32,20
DA:34,26
DA:36,20
DA:42,20
DA:44,20
DA:49,20
DA:51,20
DA:52,15
DA:53,15
DA:56,20
DA:58,12
DA:59,12
DA:62,20
DA:63,9
DA:65,9
DA:70,9
DA:71,3
DA:77,9
DA:78,3
DA:87,20
DA:88,2
DA:89,2
DA:90,2
DA:91,1
DA:93,2
DA:95,0
DA:96,0
DA:97,0
DA:101,20
DA:102,2
DA:103,2
DA:104,1
DA:106,1
DA:114,1
DA:118,1
DA:122,20
DA:123,0
DA:127,20
DA:131,20
DA:133,0
DA:136,20
DA:232,2
DA:295,1
LF:57
LH:52
BRDA:70,0,0,3
BRDA:70,0,1,6
BRDA:73,1,0,3
BRDA:73,1,1,0
BRDA:77,2,0,3
BRDA:77,2,1,6
BRDA:80,3,0,3
BRDA:80,3,1,0
BRDA:103,4,0,1
BRDA:103,4,1,1
BRDA:127,5,0,20
BRDA:127,5,1,12
BRDA:127,5,2,9
BRDA:131,6,0,0
BRDA:131,6,1,20
BRDA:138,7,0,20
BRDA:138,7,1,20
BRDA:222,8,0,1
BRDA:222,8,1,19
BRDA:235,9,0,1
BRDA:235,9,1,19
BRF:21
BRH:18
end_of_record
TN:
SF:src/pages/Home/Home.tsx
FN:21,(anonymous_1)
FN:29,(anonymous_2)
FN:30,(anonymous_3)
FN:32,(anonymous_4)
FN:37,(anonymous_5)
FN:42,(anonymous_6)
FN:44,(anonymous_7)
FN:53,(anonymous_8)
FN:58,(anonymous_9)
FN:65,(anonymous_10)
FN:66,(anonymous_11)
FN:70,(anonymous_12)
FN:74,(anonymous_13)
FN:78,(anonymous_14)
FN:97,(anonymous_15)
FN:120,(anonymous_16)
FN:129,(anonymous_17)
FNF:17
FNH:15
FNDA:17,(anonymous_1)
FNDA:31,(anonymous_2)
FNDA:31,(anonymous_3)
FNDA:12,(anonymous_4)
FNDA:10,(anonymous_5)
FNDA:0,(anonymous_6)
FNDA:0,(anonymous_7)
FNDA:1,(anonymous_8)
FNDA:1,(anonymous_9)
FNDA:12,(anonymous_10)
FNDA:1,(anonymous_11)
FNDA:12,(anonymous_12)
FNDA:1,(anonymous_13)
FNDA:1,(anonymous_14)
FNDA:19,(anonymous_15)
FNDA:3,(anonymous_16)
FNDA:1,(anonymous_17)
DA:1,1
DA:2,1
DA:3,1
DA:7,1
DA:8,1
DA:9,1
DA:10,1
DA:11,1
DA:17,1
DA:18,1
DA:19,1
DA:21,1
DA:22,17
DA:23,17
DA:24,17
DA:25,17
DA:26,17
DA:27,17
DA:29,31
DA:30,31
DA:32,17
DA:33,12
DA:36,17
DA:38,10
DA:40,10
DA:42,10
DA:43,0
DA:44,0
DA:48,10
DA:53,17
DA:54,1
DA:55,0
DA:58,17
DA:59,1
DA:60,0
DA:63,17
DA:65,17
DA:66,12
DA:67,1
DA:69,12
DA:70,12
DA:71,12
DA:74,17
DA:75,1
DA:78,17
DA:85,17
DA:87,17
DA:88,1
DA:91,16
DA:98,19
DA:99,19
DA:121,3
DA:129,1
DA:160,1
LF:54
LH:50
BRDA:38,0,0,0
BRDA:38,0,1,10
BRDA:40,1,0,5
BRDA:40,1,1,5
BRDA:43,2,0,0
BRDA:43,2,1,0
BRDA:43,3,0,0
BRDA:43,3,1,0
BRDA:48,4,0,5
BRDA:48,4,1,5
BRDA:54,5,0,1
BRDA:54,5,1,0
BRDA:59,6,0,1
BRDA:59,6,1,0
BRDA:87,7,0,1
BRDA:87,7,1,16
BRDA:102,8,0,9
BRDA:102,8,1,10
BRDA:119,9,0,16
BRDA:119,9,1,1
BRDA:134,10,0,1
BRDA:134,10,1,15
BRDA:139,11,0,1
BRDA:139,11,1,15
BRF:24
BRH:17
end_of_record
TN:
SF:src/pages/MyProfile/MyProfile.tsx
FN:29,(anonymous_1)
FN:36,(anonymous_2)
FN:37,(anonymous_3)
FN:39,(anonymous_4)
FN:56,(anonymous_5)
FN:60,(anonymous_6)
FN:64,(anonymous_7)
FN:107,(anonymous_8)
FN:120,(anonymous_9)
FN:138,(anonymous_10)
FN:139,(anonymous_11)
FN:140,(anonymous_12)
FN:154,(anonymous_13)
FNF:13
FNH:13
FNDA:51,(anonymous_1)
FNDA:66,(anonymous_2)
FNDA:66,(anonymous_3)
FNDA:14,(anonymous_4)
FNDA:15,(anonymous_5)
FNDA:15,(anonymous_6)
FNDA:15,(anonymous_7)
FNDA:3,(anonymous_8)
FNDA:3,(anonymous_9)
FNDA:1,(anonymous_10)
FNDA:1,(anonymous_11)
FNDA:1,(anonymous_12)
FNDA:2,(anonymous_13)
DA:1,1
DA:2,1
DA:3,1
DA:5,1
DA:6,1
DA:7,1
DA:8,1
DA:9,1
DA:11,1
DA:12,1
DA:13,1
DA:29,1
DA:30,51
DA:31,51
DA:32,51
DA:33,51
DA:34,51
DA:36,66
DA:37,66
DA:39,51
DA:40,14
DA:53,14
DA:56,51
DA:57,15
DA:60,51
DA:61,15
DA:64,51
DA:65,15
DA:66,14
DA:67,1
DA:69,13
DA:70,13
DA:71,12
DA:72,12
DA:73,12
DA:75,1
DA:76,1
DA:81,51
DA:83,0
DA:86,51
DA:87,15
DA:89,36
DA:107,3
DA:120,3
DA:138,1
DA:140,1
DA:154,2
DA:164,1
LF:48
LH:47
BRDA:42,0,0,14
BRDA:42,0,1,1
BRDA:43,1,0,14
BRDA:43,1,1,1
BRDA:44,2,0,14
BRDA:44,2,1,1
BRDA:46,3,0,14
BRDA:46,3,1,1
BRDA:47,4,0,14
BRDA:47,4,1,1
BRDA:48,5,0,14
BRDA:48,5,1,1
BRDA:57,6,0,14
BRDA:57,6,1,1
BRDA:65,7,0,1
BRDA:65,7,1,14
BRDA:66,8,0,1
BRDA:66,8,1,13
BRDA:81,9,0,0
BRDA:81,9,1,51
BRDA:86,10,0,15
BRDA:86,10,1,36
BRDA:127,11,0,15
BRDA:127,11,1,21
BRDA:140,12,0,1
BRDA:140,12,1,0
BRF:26
BRH:24
end_of_record
TN:
SF:src/pages/PageNotFound/PageNotFound.tsx
FN:6,(anonymous_1)
FNF:1
FNH:1
FNDA:13,(anonymous_1)
DA:2,1
DA:3,1
DA:4,1
DA:6,1
DA:7,13
DA:21,1
LF:6
LH:6
BRF:0
BRH:0
end_of_record
TN:
SF:src/pages/SearchPosts/SearchPosts.tsx
FN:37,(anonymous_1)
FN:39,(anonymous_2)
FN:55,(anonymous_3)
FN:58,(anonymous_4)
FN:60,(anonymous_5)
FN:65,(anonymous_6)
FN:70,(anonymous_7)
FN:78,(anonymous_8)
FN:86,(anonymous_9)
FN:90,(anonymous_10)
FN:94,(anonymous_11)
FN:98,(anonymous_12)
FN:102,(anonymous_13)
FN:112,(anonymous_14)
FN:129,(anonymous_15)
FN:129,(anonymous_16)
FN:133,(anonymous_17)
FN:138,(anonymous_18)
FN:146,(anonymous_19)
FN:153,(anonymous_20)
FN:158,(anonymous_21)
FN:165,(anonymous_22)
FN:194,(anonymous_23)
FN:220,(anonymous_24)
FN:235,(anonymous_25)
FN:245,(anonymous_26)
FN:261,(anonymous_27)
FNF:27
FNH:25
FNDA:125,(anonymous_1)
FNDA:157,(anonymous_2)
FNDA:157,(anonymous_3)
FNDA:157,(anonymous_4)
FNDA:8,(anonymous_5)
FNDA:1,(anonymous_6)
FNDA:3,(anonymous_7)
FNDA:3,(anonymous_8)
FNDA:32,(anonymous_9)
FNDA:32,(anonymous_10)
FNDA:0,(anonymous_11)
FNDA:32,(anonymous_12)
FNDA:32,(anonymous_13)
FNDA:20,(anonymous_14)
FNDA:32,(anonymous_15)
FNDA:20,(anonymous_16)
FNDA:2,(anonymous_17)
FNDA:2,(anonymous_18)
FNDA:2,(anonymous_19)
FNDA:106,(anonymous_20)
FNDA:1,(anonymous_21)
FNDA:0,(anonymous_22)
FNDA:20,(anonymous_23)
FNDA:183,(anonymous_24)
FNDA:12,(anonymous_25)
FNDA:181,(anonymous_26)
FNDA:8,(anonymous_27)
DA:1,1
DA:2,1
DA:16,1
DA:17,1
DA:18,1
DA:22,1
DA:23,1
DA:24,1
DA:25,1
DA:31,1
DA:32,1
DA:33,1
DA:34,1
DA:35,1
DA:37,1
DA:38,125
DA:39,157
DA:41,125
DA:42,125
DA:43,125
DA:44,125
DA:45,125
DA:46,125
DA:47,125
DA:49,125
DA:50,125
DA:53,125
DA:55,157
DA:56,125
DA:58,157
DA:60,125
DA:61,8
DA:62,8
DA:65,125
DA:66,1
DA:67,1
DA:70,125
DA:71,3
DA:72,2
DA:74,1
DA:78,125
DA:79,3
DA:80,2
DA:82,1
DA:86,125
DA:87,32
DA:90,125
DA:91,32
DA:92,32
DA:94,0
DA:98,125
DA:99,32
DA:102,125
DA:103,32
DA:104,32
DA:105,31
DA:107,1
DA:108,1
DA:112,125
DA:113,20
DA:114,1
DA:115,1
DA:118,19
DA:119,19
DA:120,15
DA:121,15
DA:123,4
DA:124,4
DA:128,125
DA:129,32
DA:133,125
DA:134,2
DA:135,2
DA:136,1
DA:138,1
DA:139,2
DA:141,1
DA:142,1
DA:146,125
DA:147,2
DA:148,2
DA:149,2
DA:152,125
DA:154,106
DA:156,106
DA:158,106
DA:159,1
DA:165,1
DA:169,106
DA:174,125
DA:175,2
DA:178,123
DA:195,20
DA:196,20
DA:197,20
DA:221,183
DA:236,12
DA:246,181
DA:247,181
DA:261,8
DA:291,1
LF:101
LH:100
BRDA:71,0,0,2
BRDA:71,0,1,1
BRDA:79,1,0,2
BRDA:79,1,1,1
BRDA:91,2,0,32
BRDA:91,2,1,0
BRDA:113,3,0,1
BRDA:113,3,1,19
BRDA:135,4,0,1
BRDA:135,4,1,1
BRDA:135,5,0,2
BRDA:135,5,1,2
BRDA:154,6,0,0
BRDA:154,6,1,106
BRDA:156,7,0,77
BRDA:156,7,1,29
BRDA:159,8,0,1
BRDA:159,8,1,0
BRDA:160,9,0,1
BRDA:160,9,1,1
BRDA:160,9,2,1
BRDA:160,9,3,1
BRDA:169,10,0,53
BRDA:169,10,1,53
BRDA:174,11,0,2
BRDA:174,11,1,123
BRDA:174,12,0,125
BRDA:174,12,1,123
BRDA:233,13,0,2
BRDA:233,13,1,121
BRDA:241,14,0,31
BRDA:241,14,1,90
BRDA:254,15,0,90
BRDA:254,15,1,91
BRDA:276,16,0,8
BRDA:276,16,1,115
BRDA:281,17,0,8
BRDA:281,17,1,115
BRF:38
BRH:35
end_of_record
TN:
SF:src/pages/SearchUsers/SearchUsers.tsx
FN:28,(anonymous_1)
FN:35,(anonymous_2)
FN:37,(anonymous_3)
FN:41,(anonymous_4)
FN:56,(anonymous_5)
FN:74,(anonymous_6)
FN:74,(anonymous_7)
FN:114,(anonymous_8)
FN:134,(anonymous_9)
FNF:9
FNH:9
FNDA:58,(anonymous_1)
FNDA:76,(anonymous_2)
FNDA:18,(anonymous_3)
FNDA:18,(anonymous_4)
FNDA:5,(anonymous_5)
FNDA:32,(anonymous_6)
FNDA:5,(anonymous_7)
FNDA:5,(anonymous_8)
FNDA:56,(anonymous_9)
DA:1,1
DA:2,1
DA:3,1
DA:4,1
DA:13,1
DA:14,1
DA:15,1
DA:16,1
DA:18,1
DA:19,1
DA:28,1
DA:29,58
DA:30,58
DA:31,58
DA:32,58
DA:33,58
DA:35,76
DA:37,58
DA:38,18
DA:41,58
DA:42,18
DA:43,18
DA:44,18
DA:45,17
DA:46,17
DA:47,17
DA:49,1
DA:50,1
DA:51,1
DA:55,58
DA:57,5
DA:58,5
DA:59,1
DA:60,1
DA:62,4
DA:63,3
DA:66,2
DA:67,2
DA:73,58
DA:74,32
DA:78,58
DA:79,4
DA:81,54
DA:82,16
DA:96,38
DA:115,5
DA:116,5
DA:117,5
DA:135,56
DA:158,1
LF:50
LH:50
BRDA:58,0,0,1
BRDA:58,0,1,4
BRDA:78,1,0,4
BRDA:78,1,1,54
BRDA:81,2,0,16
BRDA:81,2,1,38
BRDA:130,3,0,18
BRDA:130,3,1,20
BRF:8
BRH:8
end_of_record
TN:
SF:src/pages/UserProfile/UserProfile.tsx
FN:35,(anonymous_1)
FN:44,(anonymous_2)
FN:46,(anonymous_3)
FN:71,(anonymous_4)
FN:109,(anonymous_5)
FNF:5
FNH:5
FNDA:23,(anonymous_1)
FNDA:31,(anonymous_2)
FNDA:8,(anonymous_3)
FNDA:8,(anonymous_4)
FNDA:1,(anonymous_5)
DA:1,1
DA:2,1
DA:3,1
DA:4,1
DA:11,1
DA:12,1
DA:13,1
DA:14,1
DA:16,1
DA:19,1
DA:35,1
DA:36,23
DA:37,23
DA:38,23
DA:39,23
DA:40,23
DA:41,23
DA:42,23
DA:44,31
DA:46,23
DA:47,8
DA:48,8
DA:49,8
DA:50,8
DA:51,6
DA:53,6
DA:55,6
DA:56,1
DA:57,1
DA:58,1
DA:60,5
DA:62,6
DA:64,1
DA:65,1
DA:66,1
DA:71,23
DA:72,8
DA:75,23
DA:77,1
DA:80,22
DA:81,8
DA:95,14
DA:97,8
DA:100,6
DA:109,1
DA:146,1
LF:46
LH:46
BRDA:47,0,0,8
BRDA:47,0,1,0
BRDA:55,1,0,1
BRDA:55,1,1,5
BRDA:56,2,0,1
BRDA:56,2,1,0
BRDA:75,3,0,1
BRDA:75,3,1,22
BRDA:80,4,0,8
BRDA:80,4,1,14
BRDA:95,5,0,8
BRDA:95,5,1,6
BRDA:131,6,0,1
BRDA:131,6,1,5
BRF:14
BRH:12
end_of_record
TN:
SF:src/pages/WebLayout/WebLayout.tsx
FN:6,(anonymous_1)
FNF:1
FNH:1
FNDA:12,(anonymous_1)
DA:1,1
DA:2,1
DA:3,1
DA:4,1
DA:6,1
DA:7,12
DA:8,12
DA:9,12
DA:11,12
DA:12,12
DA:14,12
DA:33,1
LF:12
LH:12
BRDA:11,0,0,2
BRDA:11,0,1,10
BRDA:11,1,0,2
BRDA:11,1,1,8
BRF:4
BRH:4
end_of_record
TN:
SF:src/redux/ActionTypes/postsActionTypes.ts
FNF:0
FNH:0
DA:1,7
DA:2,7
DA:3,7
LF:3
LH:3
BRF:0
BRH:0
end_of_record
TN:
SF:src/redux/ActionTypes/userActionTypes.ts
FNF:0
FNH:0
DA:1,11
DA:2,11
DA:3,11
DA:4,11
DA:5,11
DA:6,11
DA:7,11
DA:8,11
DA:9,11
LF:9
LH:9
BRF:0
BRH:0
end_of_record
TN:
SF:src/redux/Actions/errorAction.ts
FN:3,(anonymous_0)
FNF:1
FNH:1
FNDA:21,(anonymous_0)
DA:1,12
DA:3,21
LF:2
LH:2
BRF:0
BRH:0
end_of_record
TN:
SF:src/redux/Actions/postsActions.ts
FN:48,(anonymous_0)
FN:49,(anonymous_1)
FNF:2
FNH:2
FNDA:15,(anonymous_0)
FNDA:15,(anonymous_1)
DA:2,2
DA:7,2
DA:47,2
DA:48,2
DA:49,15
DA:50,15
DA:52,15
DA:53,15
DA:54,15
DA:55,12
DA:57,12
DA:58,12
DA:60,6
DA:61,6
DA:62,6
DA:64,6
DA:70,0
DA:79,12
DA:85,3
LF:19
LH:18
BRDA:48,0,0,9
BRDA:48,1,0,10
BRDA:87,2,0,3
BRDA:87,2,1,2
BRF:4
BRH:4
end_of_record
TN:
SF:src/redux/Actions/userActions.ts
FN:73,(anonymous_0)
FN:83,(anonymous_1)
FN:87,(anonymous_2)
FN:92,(anonymous_3)
FN:97,(anonymous_4)
FN:102,(anonymous_5)
FN:107,(anonymous_6)
FN:112,(anonymous_7)
FN:124,(anonymous_8)
FNF:9
FNH:9
FNDA:3,(anonymous_0)
FNDA:1,(anonymous_1)
FNDA:1,(anonymous_2)
FNDA:1,(anonymous_3)
FNDA:1,(anonymous_4)
FNDA:1,(anonymous_5)
FNDA:1,(anonymous_6)
FNDA:7,(anonymous_7)
FNDA:3,(anonymous_8)
DA:1,6
DA:73,6
DA:78,3
DA:83,6
DA:87,6
DA:92,6
DA:97,6
DA:102,6
DA:107,6
DA:112,6
DA:119,7
DA:124,6
DA:125,3
LF:13
LH:13
BRF:0
BRH:0
end_of_record
TN:
SF:src/redux/Reducers/errorReducer.ts
FN:7,errorReducer
FNF:1
FNH:1
FNDA:25,errorReducer
DA:1,4
DA:3,4
DA:7,4
DA:8,25
DA:10,2
DA:12,23
LF:6
LH:6
BRDA:7,0,0,17
BRDA:8,1,0,2
BRDA:8,1,1,23
BRF:3
BRH:3
end_of_record
TN:
SF:src/redux/Reducers/postsReducers.ts
FN:20,(anonymous_0)
FNF:1
FNH:1
FNDA:26,(anonymous_0)
DA:2,4
DA:14,4
DA:20,4
DA:24,26
DA:26,1
DA:29,1
DA:40,1
DA:43,23
LF:8
LH:8
BRDA:21,0,0,17
BRDA:24,1,0,1
BRDA:24,1,1,1
BRDA:24,1,2,1
BRDA:24,1,3,23
BRDA:33,2,0,1
BRDA:33,2,1,0
BRF:7
BRH:6
end_of_record
TN:
SF:src/redux/Reducers/userReducer.ts
FN:74,(anonymous_0)
FN:95,(anonymous_1)
FN:110,(anonymous_2)
FN:134,(anonymous_3)
FN:149,(anonymous_4)
FNF:5
FNH:5
FNDA:34,(anonymous_0)
FNDA:1,(anonymous_1)
FNDA:2,(anonymous_2)
FNDA:1,(anonymous_3)
FNDA:2,(anonymous_4)
DA:2,4
DA:54,4
DA:74,4
DA:78,34
DA:80,1
DA:89,1
DA:92,2
DA:93,2
DA:94,2
DA:95,1
DA:96,1
DA:99,1
DA:101,2
DA:107,0
DA:110,1
DA:111,2
DA:113,1
DA:120,1
DA:131,2
DA:132,2
DA:133,2
DA:134,1
DA:135,1
DA:138,1
DA:140,2
DA:146,0
DA:149,1
DA:150,2
DA:152,1
DA:158,1
DA:171,1
DA:177,23
LF:32
LH:30
BRDA:75,0,0,17
BRDA:78,1,0,1
BRDA:78,1,1,1
BRDA:78,1,2,2
BRDA:78,1,3,1
BRDA:78,1,4,1
BRDA:78,1,5,2
BRDA:78,1,6,1
BRDA:78,1,7,1
BRDA:78,1,8,1
BRDA:78,1,9,23
BRDA:92,2,0,2
BRDA:92,2,1,0
BRDA:94,3,0,1
BRDA:94,3,1,1
BRDA:131,4,0,2
BRDA:131,4,1,0
BRDA:133,5,0,1
BRDA:133,5,1,1
BRF:19
BRH:17
end_of_record
TN:
SF:src/redux/Store/store.ts
FNF:0
FNH:0
DA:1,3
DA:2,3
DA:3,3
DA:4,3
DA:5,3
DA:6,3
DA:7,3
DA:9,3
DA:10,3
DA:12,3
DA:18,3
DA:24,3
DA:26,3
DA:28,3
LF:14
LH:14
BRF:0
BRH:0
end_of_record
TN:
SF:src/services/apiCalls.ts
FN:3,(anonymous_1)
FN:7,(anonymous_2)
FN:11,(anonymous_3)
FN:15,(anonymous_4)
FN:19,(anonymous_5)
FN:23,(anonymous_6)
FN:27,(anonymous_7)
FN:31,(anonymous_8)
FN:35,(anonymous_9)
FNF:9
FNH:9
FNDA:1,(anonymous_1)
FNDA:1,(anonymous_2)
FNDA:1,(anonymous_3)
FNDA:1,(anonymous_4)
FNDA:1,(anonymous_5)
FNDA:1,(anonymous_6)
FNDA:1,(anonymous_7)
FNDA:1,(anonymous_8)
FNDA:1,(anonymous_9)
DA:1,3
DA:3,3
DA:4,1
DA:7,3
DA:8,1
DA:11,3
DA:12,1
DA:15,3
DA:16,1
DA:19,3
DA:20,1
DA:23,3
DA:24,1
DA:27,3
DA:28,1
DA:31,3
DA:32,1
DA:35,3
DA:36,1
LF:19
LH:19
BRDA:15,0,0,1
BRDA:15,1,0,1
BRF:2
BRH:2
end_of_record
TN:
SF:src/services/axiosInterceptor.ts
FN:10,(anonymous_1)
FN:11,(anonymous_2)
FNF:2
FNH:1
FNDA:10,(anonymous_1)
FNDA:0,(anonymous_2)
DA:1,4
DA:5,4
DA:9,4
DA:10,10
DA:13,0
DA:17,4
LF:6
LH:5
BRF:0
BRH:0
end_of_record
