TN:
SF:src/main.tsx
FNF:0
FNH:0
DA:1,0
DA:2,0
DA:3,0
DA:4,0
DA:5,0
DA:6,0
DA:7,0
DA:8,0
DA:9,0
DA:10,0
DA:11,0
DA:12,0
DA:13,0
DA:14,0
DA:15,0
DA:16,0
DA:17,0
DA:19,0
DA:44,0
DA:86,0
LF:20
LH:0
BRF:0
BRH:0
end_of_record
TN:
SF:src/components/AddPostDialog/AddPostDialog.tsx
FN:23,(anonymous_0)
FN:35,(anonymous_1)
FN:37,(anonymous_2)
FN:40,(anonymous_3)
FN:41,(anonymous_4)
FN:45,(anonymous_5)
FN:62,(anonymous_6)
FN:79,(anonymous_7)
FN:89,(anonymous_8)
FN:96,(anonymous_9)
FN:97,(anonymous_10)
FNF:11
FNH:11
FNDA:190,(anonymous_0)
FNDA:205,(anonymous_1)
FNDA:15,(anonymous_2)
FNDA:12,(anonymous_3)
FNDA:2,(anonymous_4)
FNDA:7,(anonymous_5)
FNDA:5,(anonymous_6)
FNDA:73,(anonymous_7)
FNDA:83,(anonymous_8)
FNDA:3,(anonymous_9)
FNDA:226,(anonymous_10)
DA:1,1
DA:2,1
DA:12,1
DA:13,1
DA:15,1
DA:23,1
DA:28,190
DA:30,190
DA:31,190
DA:32,190
DA:33,190
DA:35,205
DA:37,190
DA:38,15
DA:39,14
DA:40,12
DA:41,2
DA:45,190
DA:46,7
DA:47,4
DA:56,4
DA:57,4
DA:58,4
DA:62,190
DA:63,5
DA:64,5
DA:65,5
DA:66,5
DA:69,190
DA:79,73
DA:89,83
DA:96,3
DA:98,226
DA:126,1
LF:34
LH:34
BRDA:38,0,0,14
BRDA:38,0,1,1
BRDA:46,1,0,4
BRDA:46,1,1,3
BRDA:46,2,0,7
BRDA:46,2,1,5
BRF:6
BRH:6
end_of_record
TN:
SF:src/components/ApiError/ApiError.tsx
FN:8,(anonymous_1)
FN:11,(anonymous_2)
FNF:2
FNH:2
FNDA:12,(anonymous_1)
FNDA:5,(anonymous_2)
DA:2,1
DA:3,1
DA:4,1
DA:5,1
DA:6,1
DA:8,1
DA:9,12
DA:11,12
DA:12,5
DA:13,5
DA:16,12
DA:70,1
LF:12
LH:12
BRF:0
BRH:0
end_of_record
TN:
SF:src/components/AuthImage/AuthImage.tsx
FN:4,(anonymous_1)
FNF:1
FNH:1
FNDA:44,(anonymous_1)
DA:1,3
DA:2,3
DA:4,3
DA:5,44
DA:19,3
LF:5
LH:5
BRF:0
BRH:0
end_of_record
TN:
SF:src/components/AuthProtectedRoutes/AuthProtectedRoutes.tsx
FN:10,(anonymous_0)
FN:11,(anonymous_1)
FNF:2
FNH:2
FNDA:11,(anonymous_0)
FNDA:22,(anonymous_1)
DA:3,1
DA:4,1
DA:10,1
DA:11,22
DA:12,11
DA:13,11
DA:14,7
DA:16,4
DA:20,1
LF:9
LH:9
BRDA:13,0,0,7
BRDA:13,0,1,4
BRF:2
BRH:2
end_of_record
TN:
SF:src/components/EditProfileDialog/EditProfileDialog.tsx
FN:40,(anonymous_0)
FN:48,(anonymous_1)
FN:52,(anonymous_2)
FN:60,(anonymous_3)
FN:64,(anonymous_4)
FN:76,(anonymous_5)
FNF:6
FNH:6
FNDA:253,(anonymous_0)
FNDA:221,(anonymous_1)
FNDA:97,(anonymous_2)
FNDA:124,(anonymous_3)
FNDA:253,(anonymous_4)
FNDA:5,(anonymous_5)
DA:1,1
DA:2,1
DA:11,1
DA:12,1
DA:40,1
DA:45,253
DA:46,253
DA:48,253
DA:49,221
DA:51,221
DA:52,97
DA:60,124
DA:64,253
DA:65,253
DA:76,253
DA:77,5
DA:90,5
DA:93,253
DA:200,1
LF:19
LH:19
BRDA:51,0,0,97
BRDA:51,0,1,124
BRDA:51,1,0,221
BRDA:51,1,1,160
BRDA:56,2,0,61
BRDA:56,2,1,36
BRDA:66,3,0,253
BRDA:66,3,1,242
BRDA:66,3,2,238
BRDA:66,3,3,236
BRDA:66,3,4,233
BRDA:66,3,5,231
BRDA:66,3,6,226
BRF:13
BRH:13
end_of_record
TN:
SF:src/components/Navbar/Navbar.tsx
FN:48,(anonymous_0)
FN:57,(anonymous_1)
FN:62,(anonymous_2)
FN:83,(anonymous_3)
FN:131,(anonymous_4)
FN:193,(anonymous_5)
FNF:6
FNH:6
FNDA:5,(anonymous_0)
FNDA:1,(anonymous_1)
FNDA:12,(anonymous_2)
FNDA:12,(anonymous_3)
FNDA:4,(anonymous_4)
FNDA:4,(anonymous_5)
DA:1,1
DA:13,1
DA:21,1
DA:22,1
DA:23,1
DA:24,1
DA:26,1
DA:48,1
DA:49,5
DA:50,5
DA:51,5
DA:52,5
DA:53,5
DA:54,5
DA:57,5
DA:58,1
DA:59,1
DA:62,12
DA:64,5
DA:65,3
DA:84,12
DA:115,2
DA:116,1
DA:132,4
DA:165,1
DA:194,4
DA:195,4
DA:248,1
LF:28
LH:28
BRDA:64,0,0,3
BRDA:64,0,1,2
BRDA:115,1,0,1
BRDA:115,1,1,1
BRDA:138,2,0,1
BRDA:138,2,1,3
BRDA:143,3,0,1
BRDA:143,3,1,3
BRDA:204,4,0,1
BRDA:204,4,1,3
BRDA:207,5,0,1
BRDA:207,5,1,3
BRF:12
BRH:12
end_of_record
TN:
SF:src/components/NoPosts/NoPosts.tsx
FN:5,(anonymous_1)
FNF:1
FNH:1
FNDA:22,(anonymous_1)
DA:2,1
DA:3,1
DA:5,1
DA:6,22
DA:27,1
LF:5
LH:5
BRF:0
BRH:0
end_of_record
TN:
SF:src/components/NoResults/NoResults.tsx
FN:4,(anonymous_1)
FNF:1
FNH:1
FNDA:3,(anonymous_1)
DA:1,1
DA:2,1
DA:4,1
DA:5,3
DA:32,1
LF:5
LH:5
BRF:0
BRH:0
end_of_record
TN:
SF:src/components/PostCard/PostCard.tsx
FN:34,(anonymous_0)
FN:44,(anonymous_1)
FN:91,(anonymous_2)
FN:103,(anonymous_3)
FN:115,(anonymous_4)
FN:179,(anonymous_5)
FN:192,(anonymous_6)
FNF:7
FNH:7
FNDA:78,(anonymous_0)
FNDA:39,(anonymous_1)
FNDA:3,(anonymous_2)
FNDA:3,(anonymous_3)
FNDA:2,(anonymous_4)
FNDA:2,(anonymous_5)
FNDA:228,(anonymous_6)
DA:1,1
DA:2,1
DA:13,1
DA:22,1
DA:23,1
DA:34,1
DA:42,78
DA:44,78
DA:45,39
DA:46,39
DA:49,78
DA:91,3
DA:103,3
DA:115,2
DA:179,2
DA:193,228
DA:207,1
LF:17
LH:17
BRDA:94,0,0,8
BRDA:94,0,1,70
BRDA:97,1,0,8
BRDA:97,1,1,70
BRDA:106,2,0,8
BRDA:106,2,1,70
BRDA:109,3,0,8
BRDA:109,3,1,70
BRF:8
BRH:8
end_of_record
TN:
SF:src/components/PostCardSmall/PostCardSmall.tsx
FN:11,(anonymous_0)
FNF:1
FNH:1
FNDA:38,(anonymous_0)
DA:2,1
DA:11,1
DA:17,38
DA:19,38
DA:76,1
LF:5
LH:5
BRDA:54,0,0,4
BRDA:54,0,1,34
BRDA:61,1,0,4
BRDA:61,1,1,34
BRF:4
BRH:4
end_of_record
TN:
SF:src/components/PostCardSmallSkeleton/PostCardSmallSkeleton.tsx
FN:4,(anonymous_0)
FNF:1
FNH:1
FNDA:3,(anonymous_0)
DA:2,1
DA:4,1
DA:5,3
DA:53,1
LF:4
LH:4
BRF:0
BRH:0
end_of_record
TN:
SF:src/components/PostDialog/PostDialog.tsx
FN:37,(anonymous_1)
FN:51,(anonymous_2)
FN:55,(anonymous_3)
FN:56,(anonymous_4)
FN:59,(anonymous_5)
FN:64,(anonymous_6)
FN:67,(anonymous_7)
FN:68,(anonymous_8)
FN:82,(anonymous_9)
FN:83,(anonymous_10)
FN:128,(anonymous_11)
FN:144,(anonymous_12)
FN:152,(anonymous_13)
FN:210,(anonymous_14)
FN:230,(anonymous_15)
FN:233,(anonymous_16)
FNF:16
FNH:14
FNDA:67,(anonymous_1)
FNDA:2,(anonymous_2)
FNDA:84,(anonymous_3)
FNDA:18,(anonymous_4)
FNDA:18,(anonymous_5)
FNDA:14,(anonymous_6)
FNDA:8,(anonymous_7)
FNDA:8,(anonymous_8)
FNDA:1,(anonymous_9)
FNDA:1,(anonymous_10)
FNDA:198,(anonymous_11)
FNDA:0,(anonymous_12)
FNDA:0,(anonymous_13)
FNDA:140,(anonymous_14)
FNDA:38,(anonymous_15)
FNDA:38,(anonymous_16)
DA:1,1
DA:2,1
DA:13,1
DA:15,1
DA:17,1
DA:18,1
DA:20,1
DA:21,1
DA:22,1
DA:23,1
DA:24,1
DA:25,1
DA:37,1
DA:46,67
DA:48,66
DA:49,66
DA:50,66
DA:51,66
DA:52,2
DA:53,2
DA:55,84
DA:56,66
DA:57,18
DA:59,66
DA:60,18
DA:61,18
DA:62,17
DA:63,15
DA:64,14
DA:66,8
DA:67,8
DA:68,8
DA:78,8
DA:79,8
DA:81,1
DA:82,1
DA:83,1
DA:92,1
DA:95,9
DA:99,66
DA:129,198
DA:144,0
DA:152,0
DA:211,140
DA:231,38
DA:234,38
DA:251,1
LF:47
LH:45
BRDA:46,0,0,1
BRDA:46,0,1,66
BRDA:61,1,0,17
BRDA:61,1,1,1
BRDA:145,2,0,1
BRDA:145,2,1,65
BRDA:148,3,0,1
BRDA:148,3,1,65
BRDA:153,4,0,0
BRDA:153,4,1,66
BRDA:156,5,0,0
BRDA:156,5,1,66
BRDA:163,6,0,66
BRDA:163,6,1,0
BRDA:194,7,0,19
BRDA:194,7,1,47
BRDA:234,8,0,0
BRDA:234,8,1,38
BRF:18
BRH:14
end_of_record
TN:
SF:src/components/PostSkeleton/PostSkeleton.tsx
FN:16,(anonymous_1)
FN:58,(anonymous_2)
FN:99,(anonymous_3)
FNF:3
FNH:3
FNDA:7,(anonymous_1)
FNDA:21,(anonymous_2)
FNDA:21,(anonymous_3)
DA:2,1
DA:11,1
DA:12,1
DA:13,1
DA:14,1
DA:16,1
DA:17,7
DA:59,21
DA:100,21
DA:109,1
LF:10
LH:10
BRDA:61,0,0,21
BRDA:61,0,1,7
BRDA:62,1,0,21
BRDA:62,1,1,7
BRDA:63,2,0,21
BRDA:63,2,1,7
BRF:6
BRH:6
end_of_record
TN:
SF:src/components/ProtectedRoutes/ProtectedRoutes.tsx
FN:10,(anonymous_0)
FN:11,(anonymous_1)
FNF:2
FNH:2
FNDA:2,(anonymous_0)
FNDA:4,(anonymous_1)
DA:2,1
DA:4,1
DA:10,1
DA:11,4
DA:12,2
DA:13,2
DA:14,1
DA:16,1
DA:20,1
LF:9
LH:9
BRDA:13,0,0,1
BRDA:13,0,1,1
BRF:2
BRH:2
end_of_record
TN:
SF:src/components/UserCard/UserCard.tsx
FN:11,(anonymous_0)
FN:17,(anonymous_1)
FNF:2
FNH:2
FNDA:23,(anonymous_0)
FNDA:7,(anonymous_1)
DA:2,1
DA:3,1
DA:11,1
DA:12,23
DA:13,23
DA:15,23
DA:17,7
DA:50,1
LF:8
LH:8
BRF:0
BRH:0
end_of_record
TN:
SF:src/components/UserPostSection/UserPostSection.tsx
FN:19,(anonymous_1)
FN:24,(anonymous_2)
FN:26,(anonymous_3)
FN:34,(anonymous_4)
FN:42,(anonymous_5)
FN:47,(anonymous_6)
FN:57,(anonymous_7)
FN:76,(anonymous_8)
FNF:8
FNH:8
FNDA:26,(anonymous_1)
FNDA:46,(anonymous_2)
FNDA:2,(anonymous_3)
FNDA:2,(anonymous_4)
FNDA:9,(anonymous_5)
FNDA:1,(anonymous_6)
FNDA:69,(anonymous_7)
FNDA:9,(anonymous_8)
DA:1,1
DA:2,1
DA:3,1
DA:4,1
DA:6,1
DA:7,1
DA:19,1
DA:20,26
DA:21,26
DA:22,26
DA:24,46
DA:26,26
DA:27,2
DA:28,1
DA:30,1
DA:34,26
DA:35,2
DA:36,1
DA:38,1
DA:42,26
DA:43,9
DA:44,9
DA:47,26
DA:48,1
DA:49,1
DA:52,26
DA:58,69
DA:76,9
DA:102,1
LF:29
LH:29
BRDA:27,0,0,1
BRDA:27,0,1,1
BRDA:35,1,0,1
BRDA:35,1,1,1
BRDA:88,2,0,9
BRDA:88,2,1,17
BRDA:93,3,0,9
BRDA:93,3,1,17
BRF:8
BRH:8
end_of_record
TN:
SF:src/components/UserProfileCard/UserProfileCard.tsx
FN:17,(anonymous_0)
FNF:1
FNH:1
FNDA:24,(anonymous_0)
DA:2,1
DA:3,1
DA:17,1
DA:25,24
DA:27,24
DA:74,1
LF:6
LH:6
BRF:0
BRH:0
end_of_record
TN:
SF:src/components/UserProfilePostCard/UserProfilePostCard.tsx
FN:12,(anonymous_0)
FN:47,(anonymous_1)
FNF:2
FNH:2
FNDA:17,(anonymous_0)
FNDA:47,(anonymous_1)
DA:2,1
DA:12,1
DA:18,17
DA:48,47
DA:61,1
LF:5
LH:5
BRF:0
BRH:0
end_of_record
TN:
SF:src/pages/Auth/Login.tsx
FN:29,(anonymous_1)
FN:40,(anonymous_2)
FN:42,(anonymous_3)
FN:46,(anonymous_4)
FN:57,(anonymous_5)
FN:88,(anonymous_6)
FN:155,(anonymous_7)
FN:167,(anonymous_8)
FN:172,(anonymous_9)
FN:172,(anonymous_10)
FNF:10
FNH:7
FNDA:12,(anonymous_1)
FNDA:17,(anonymous_2)
FNDA:2,(anonymous_3)
FNDA:2,(anonymous_4)
FNDA:2,(anonymous_5)
FNDA:0,(anonymous_6)
FNDA:3,(anonymous_7)
FNDA:3,(anonymous_8)
FNDA:0,(anonymous_9)
FNDA:0,(anonymous_10)
DA:1,1
DA:2,1
DA:17,1
DA:18,1
DA:19,1
DA:21,1
DA:22,1
DA:26,1
DA:29,1
DA:30,12
DA:31,12
DA:32,12
DA:33,12
DA:35,12
DA:36,12
DA:37,12
DA:38,12
DA:40,17
DA:42,12
DA:43,2
DA:44,2
DA:45,2
DA:46,2
DA:47,2
DA:51,2
DA:53,0
DA:57,12
DA:58,2
DA:59,2
DA:60,2
DA:61,0
DA:62,2
DA:63,1
DA:72,1
DA:80,1
DA:82,1
DA:84,1
DA:88,12
DA:89,0
DA:92,12
DA:155,3
DA:167,3
DA:172,0
DA:241,1
LF:44
LH:40
BRDA:48,0,0,2
BRDA:48,0,1,1
BRDA:60,1,0,0
BRDA:60,1,1,2
BRDA:60,2,0,2
BRDA:60,2,1,0
BRDA:62,3,0,1
BRDA:62,3,1,1
BRDA:94,4,0,12
BRDA:94,4,1,12
BRDA:165,5,0,0
BRDA:165,5,1,12
BRDA:177,6,0,0
BRDA:177,6,1,12
BRDA:191,7,0,12
BRDA:191,7,1,7
BRF:16
BRH:12
end_of_record
TN:
SF:src/pages/Auth/Signup.tsx
FN:24,(anonymous_1)
FN:45,(anonymous_2)
FN:50,(anonymous_3)
FN:56,(anonymous_4)
FN:59,(anonymous_5)
FN:65,(anonymous_6)
FN:72,(anonymous_7)
FN:81,(anonymous_8)
FN:85,(anonymous_9)
FN:94,(anonymous_10)
FN:107,(anonymous_11)
FN:115,(anonymous_12)
FN:220,(anonymous_13)
FN:220,(anonymous_14)
FN:255,(anonymous_15)
FNF:15
FNH:13
FNDA:20,(anonymous_1)
FNDA:15,(anonymous_2)
FNDA:12,(anonymous_3)
FNDA:9,(anonymous_4)
FNDA:9,(anonymous_5)
FNDA:3,(anonymous_6)
FNDA:3,(anonymous_7)
FNDA:2,(anonymous_8)
FNDA:1,(anonymous_9)
FNDA:2,(anonymous_10)
FNDA:1,(anonymous_11)
FNDA:0,(anonymous_12)
FNDA:2,(anonymous_13)
FNDA:2,(anonymous_14)
FNDA:0,(anonymous_15)
DA:1,1
DA:2,1
DA:16,1
DA:17,1
DA:19,1
DA:20,1
DA:21,1
DA:22,1
DA:24,1
DA:25,20
DA:26,20
DA:27,20
DA:28,20
DA:30,20
DA:36,20
DA:38,20
DA:43,20
DA:45,20
DA:46,15
DA:47,15
DA:50,20
DA:52,12
DA:53,12
DA:56,20
DA:57,9
DA:59,9
DA:64,9
DA:65,3
DA:71,9
DA:72,3
DA:81,20
DA:82,2
DA:83,2
DA:84,2
DA:85,1
DA:87,2
DA:89,0
DA:90,0
DA:94,20
DA:95,2
DA:96,2
DA:97,1
DA:99,1
DA:107,1
DA:111,1
DA:115,20
DA:116,0
DA:120,20
DA:124,20
DA:220,2
DA:255,0
DA:282,1
LF:52
LH:48
BRDA:64,0,0,3
BRDA:64,0,1,6
BRDA:67,1,0,3
BRDA:67,1,1,0
BRDA:71,2,0,3
BRDA:71,2,1,6
BRDA:74,3,0,3
BRDA:74,3,1,0
BRDA:96,4,0,1
BRDA:96,4,1,1
BRDA:120,5,0,20
BRDA:120,5,1,12
BRDA:120,5,2,9
BRDA:126,6,0,20
BRDA:126,6,1,20
BRDA:210,7,0,1
BRDA:210,7,1,19
BRDA:223,8,0,1
BRDA:223,8,1,19
BRF:19
BRH:17
end_of_record
TN:
SF:src/pages/Home/Home.tsx
FN:21,(anonymous_1)
FN:29,(anonymous_2)
FN:30,(anonymous_3)
FN:31,(anonymous_4)
FN:33,(anonymous_5)
FN:34,(anonymous_6)
FN:42,(anonymous_7)
FN:47,(anonymous_8)
FN:49,(anonymous_9)
FN:58,(anonymous_10)
FN:63,(anonymous_11)
FN:70,(anonymous_12)
FN:71,(anonymous_13)
FN:76,(anonymous_14)
FN:79,(anonymous_15)
FN:83,(anonymous_16)
FN:101,(anonymous_17)
FN:123,(anonymous_18)
FN:129,(anonymous_19)
FNF:19
FNH:17
FNDA:22,(anonymous_1)
FNDA:36,(anonymous_2)
FNDA:36,(anonymous_3)
FNDA:36,(anonymous_4)
FNDA:12,(anonymous_5)
FNDA:12,(anonymous_6)
FNDA:18,(anonymous_7)
FNDA:0,(anonymous_8)
FNDA:0,(anonymous_9)
FNDA:1,(anonymous_10)
FNDA:1,(anonymous_11)
FNDA:12,(anonymous_12)
FNDA:1,(anonymous_13)
FNDA:12,(anonymous_14)
FNDA:1,(anonymous_15)
FNDA:1,(anonymous_16)
FNDA:27,(anonymous_17)
FNDA:3,(anonymous_18)
FNDA:1,(anonymous_19)
DA:1,1
DA:2,1
DA:3,1
DA:7,1
DA:8,1
DA:9,1
DA:10,1
DA:11,1
DA:17,1
DA:18,1
DA:19,1
DA:21,1
DA:22,22
DA:23,22
DA:24,22
DA:25,22
DA:26,22
DA:27,22
DA:29,36
DA:30,36
DA:31,36
DA:33,22
DA:34,12
DA:35,12
DA:36,12
DA:41,22
DA:43,18
DA:45,18
DA:47,18
DA:48,0
DA:49,0
DA:53,18
DA:58,22
DA:59,1
DA:60,0
DA:63,22
DA:64,1
DA:65,0
DA:68,22
DA:70,22
DA:71,12
DA:72,1
DA:75,12
DA:76,12
DA:79,22
DA:80,1
DA:83,22
DA:89,22
DA:91,22
DA:92,1
DA:95,21
DA:102,27
DA:103,27
DA:124,3
DA:129,1
DA:160,1
LF:56
LH:52
BRDA:35,0,0,12
BRDA:35,0,1,0
BRDA:43,1,0,0
BRDA:43,1,1,18
BRDA:45,2,0,13
BRDA:45,2,1,5
BRDA:48,3,0,0
BRDA:48,3,1,0
BRDA:48,4,0,0
BRDA:48,4,1,0
BRDA:53,5,0,9
BRDA:53,5,1,9
BRDA:59,6,0,1
BRDA:59,6,1,0
BRDA:64,7,0,1
BRDA:64,7,1,0
BRDA:91,8,0,1
BRDA:91,8,1,21
BRDA:106,9,0,13
BRDA:106,9,1,14
BRDA:122,10,0,21
BRDA:122,10,1,1
BRDA:134,11,0,2
BRDA:134,11,1,19
BRDA:139,12,0,2
BRDA:139,12,1,19
BRF:26
BRH:18
end_of_record
TN:
SF:src/pages/MyProfile/MyProfile.tsx
FN:27,(anonymous_1)
FN:33,(anonymous_2)
FN:35,(anonymous_3)
FN:54,(anonymous_4)
FN:58,(anonymous_5)
FN:62,(anonymous_6)
FN:99,(anonymous_7)
FN:112,(anonymous_8)
FN:130,(anonymous_9)
FN:131,(anonymous_10)
FN:132,(anonymous_11)
FN:146,(anonymous_12)
FN:147,(anonymous_13)
FNF:13
FNH:13
FNDA:51,(anonymous_1)
FNDA:66,(anonymous_2)
FNDA:14,(anonymous_3)
FNDA:15,(anonymous_4)
FNDA:15,(anonymous_5)
FNDA:15,(anonymous_6)
FNDA:3,(anonymous_7)
FNDA:3,(anonymous_8)
FNDA:1,(anonymous_9)
FNDA:1,(anonymous_10)
FNDA:1,(anonymous_11)
FNDA:1,(anonymous_12)
FNDA:1,(anonymous_13)
DA:1,1
DA:2,1
DA:3,1
DA:5,1
DA:6,1
DA:7,1
DA:8,1
DA:9,1
DA:11,1
DA:27,1
DA:28,51
DA:29,51
DA:30,51
DA:31,51
DA:33,66
DA:35,51
DA:36,14
DA:51,14
DA:54,51
DA:55,15
DA:58,51
DA:59,15
DA:62,51
DA:63,15
DA:64,14
DA:65,1
DA:67,13
DA:68,13
DA:69,12
DA:70,12
DA:71,12
DA:73,1
DA:78,51
DA:79,15
DA:81,36
DA:99,3
DA:112,3
DA:130,1
DA:132,1
DA:146,1
DA:148,1
DA:149,1
DA:156,1
LF:43
LH:43
BRDA:38,0,0,14
BRDA:38,0,1,1
BRDA:39,1,0,14
BRDA:39,1,1,1
BRDA:41,2,0,14
BRDA:41,2,1,1
BRDA:44,3,0,14
BRDA:44,3,1,1
BRDA:45,4,0,14
BRDA:45,4,1,1
BRDA:46,5,0,14
BRDA:46,5,1,1
BRDA:55,6,0,14
BRDA:55,6,1,1
BRDA:63,7,0,1
BRDA:63,7,1,14
BRDA:64,8,0,1
BRDA:64,8,1,13
BRDA:78,9,0,15
BRDA:78,9,1,36
BRDA:119,10,0,15
BRDA:119,10,1,21
BRDA:132,11,0,1
BRDA:132,11,1,0
BRF:24
BRH:23
end_of_record
TN:
SF:src/pages/PageNotFound/PageNotFound.tsx
FN:6,(anonymous_1)
FNF:1
FNH:1
FNDA:13,(anonymous_1)
DA:2,1
DA:3,1
DA:4,1
DA:6,1
DA:7,13
DA:21,1
LF:6
LH:6
BRF:0
BRH:0
end_of_record
TN:
SF:src/pages/SearchPosts/SearchPosts.tsx
FN:36,(anonymous_1)
FN:38,(anonymous_2)
FN:55,(anonymous_3)
FN:58,(anonymous_4)
FN:60,(anonymous_5)
FN:65,(anonymous_6)
FN:70,(anonymous_7)
FN:78,(anonymous_8)
FN:86,(anonymous_9)
FN:87,(anonymous_10)
FN:92,(anonymous_11)
FN:96,(anonymous_12)
FN:100,(anonymous_13)
FN:104,(anonymous_14)
FN:113,(anonymous_15)
FN:129,(anonymous_16)
FN:133,(anonymous_17)
FN:138,(anonymous_18)
FN:146,(anonymous_19)
FN:153,(anonymous_20)
FN:158,(anonymous_21)
FN:165,(anonymous_22)
FN:191,(anonymous_23)
FN:215,(anonymous_24)
FN:226,(anonymous_25)
FN:236,(anonymous_26)
FN:252,(anonymous_27)
FNF:27
FNH:25
FNDA:126,(anonymous_1)
FNDA:158,(anonymous_2)
FNDA:158,(anonymous_3)
FNDA:158,(anonymous_4)
FNDA:8,(anonymous_5)
FNDA:1,(anonymous_6)
FNDA:3,(anonymous_7)
FNDA:3,(anonymous_8)
FNDA:32,(anonymous_9)
FNDA:32,(anonymous_10)
FNDA:32,(anonymous_11)
FNDA:0,(anonymous_12)
FNDA:32,(anonymous_13)
FNDA:32,(anonymous_14)
FNDA:20,(anonymous_15)
FNDA:32,(anonymous_16)
FNDA:2,(anonymous_17)
FNDA:2,(anonymous_18)
FNDA:2,(anonymous_19)
FNDA:136,(anonymous_20)
FNDA:1,(anonymous_21)
FNDA:0,(anonymous_22)
FNDA:20,(anonymous_23)
FNDA:183,(anonymous_24)
FNDA:12,(anonymous_25)
FNDA:183,(anonymous_26)
FNDA:8,(anonymous_27)
DA:1,1
DA:2,1
DA:16,1
DA:17,1
DA:18,1
DA:22,1
DA:23,1
DA:24,1
DA:25,1
DA:31,1
DA:32,1
DA:33,1
DA:34,1
DA:36,1
DA:37,126
DA:38,158
DA:39,126
DA:41,126
DA:42,126
DA:43,126
DA:44,126
DA:45,126
DA:46,126
DA:47,126
DA:49,126
DA:50,126
DA:53,126
DA:55,158
DA:56,126
DA:58,158
DA:60,126
DA:61,8
DA:62,8
DA:65,126
DA:66,1
DA:67,1
DA:70,126
DA:71,3
DA:72,2
DA:74,1
DA:78,126
DA:79,3
DA:80,2
DA:82,1
DA:86,126
DA:87,32
DA:88,32
DA:92,126
DA:93,32
DA:94,32
DA:96,0
DA:100,126
DA:101,32
DA:104,126
DA:105,32
DA:106,32
DA:107,31
DA:109,1
DA:113,126
DA:114,20
DA:115,1
DA:116,1
DA:119,19
DA:120,19
DA:121,15
DA:122,15
DA:124,4
DA:128,126
DA:129,32
DA:133,126
DA:134,2
DA:135,2
DA:136,1
DA:138,1
DA:139,2
DA:141,1
DA:142,1
DA:146,126
DA:147,2
DA:148,2
DA:149,2
DA:152,126
DA:154,136
DA:156,136
DA:158,136
DA:159,1
DA:165,1
DA:169,136
DA:174,126
DA:175,2
DA:178,124
DA:192,20
DA:193,20
DA:194,20
DA:216,183
DA:227,12
DA:237,183
DA:238,183
DA:252,8
DA:282,1
LF:100
LH:99
BRDA:71,0,0,2
BRDA:71,0,1,1
BRDA:79,1,0,2
BRDA:79,1,1,1
BRDA:88,2,0,32
BRDA:88,2,1,0
BRDA:93,3,0,32
BRDA:93,3,1,0
BRDA:114,4,0,1
BRDA:114,4,1,19
BRDA:135,5,0,1
BRDA:135,5,1,1
BRDA:135,6,0,2
BRDA:135,6,1,2
BRDA:154,7,0,0
BRDA:154,7,1,136
BRDA:156,8,0,107
BRDA:156,8,1,29
BRDA:159,9,0,1
BRDA:159,9,1,0
BRDA:160,10,0,1
BRDA:160,10,1,1
BRDA:160,10,2,1
BRDA:160,10,3,1
BRDA:169,11,0,68
BRDA:169,11,1,68
BRDA:174,12,0,2
BRDA:174,12,1,124
BRDA:224,13,0,2
BRDA:224,13,1,122
BRDA:224,14,0,124
BRDA:224,14,1,2
BRDA:232,15,0,31
BRDA:232,15,1,91
BRDA:245,16,0,91
BRDA:245,16,1,92
BRDA:267,17,0,8
BRDA:267,17,1,116
BRDA:272,18,0,8
BRDA:272,18,1,116
BRF:40
BRH:36
end_of_record
TN:
SF:src/pages/SearchUsers/SearchUsers.tsx
FN:26,(anonymous_1)
FN:31,(anonymous_2)
FN:33,(anonymous_3)
FN:37,(anonymous_4)
FN:48,(anonymous_5)
FN:65,(anonymous_6)
FN:65,(anonymous_7)
FN:91,(anonymous_8)
FN:111,(anonymous_9)
FNF:9
FNH:9
FNDA:129,(anonymous_1)
FNDA:154,(anonymous_2)
FNDA:25,(anonymous_3)
FNDA:25,(anonymous_4)
FNDA:52,(anonymous_5)
FNDA:40,(anonymous_6)
FNDA:52,(anonymous_7)
FNDA:52,(anonymous_8)
FNDA:204,(anonymous_9)
DA:1,1
DA:2,1
DA:3,1
DA:4,1
DA:12,1
DA:13,1
DA:14,1
DA:15,1
DA:17,1
DA:26,1
DA:27,129
DA:28,129
DA:29,129
DA:31,154
DA:33,129
DA:34,25
DA:37,129
DA:38,25
DA:39,25
DA:40,23
DA:41,23
DA:43,1
DA:47,129
DA:49,52
DA:50,52
DA:51,4
DA:52,4
DA:54,48
DA:55,44
DA:58,4
DA:64,129
DA:65,52
DA:69,129
DA:70,1
DA:73,128
DA:92,52
DA:93,52
DA:94,52
DA:112,204
DA:135,1
LF:40
LH:40
BRDA:50,0,0,4
BRDA:50,0,1,48
BRDA:69,1,0,1
BRDA:69,1,1,128
BRDA:107,2,0,52
BRDA:107,2,1,76
BRF:6
BRH:6
end_of_record
TN:
SF:src/pages/UserProfile/UserProfile.tsx
FN:33,(anonymous_1)
FN:40,(anonymous_2)
FN:42,(anonymous_3)
FN:63,(anonymous_4)
FN:87,(anonymous_5)
FNF:5
FNH:5
FNDA:14,(anonymous_1)
FNDA:22,(anonymous_2)
FNDA:8,(anonymous_3)
FNDA:8,(anonymous_4)
FNDA:1,(anonymous_5)
DA:1,1
DA:2,1
DA:3,1
DA:4,1
DA:11,1
DA:12,1
DA:13,1
DA:14,1
DA:16,1
DA:33,1
DA:34,14
DA:35,14
DA:36,14
DA:37,14
DA:38,14
DA:40,22
DA:42,14
DA:43,8
DA:44,8
DA:45,8
DA:46,6
DA:48,6
DA:50,6
DA:51,1
DA:52,1
DA:53,1
DA:55,5
DA:58,1
DA:63,14
DA:64,8
DA:67,14
DA:68,8
DA:83,6
DA:87,1
DA:121,1
LF:35
LH:35
BRDA:43,0,0,8
BRDA:43,0,1,0
BRDA:50,1,0,1
BRDA:50,1,1,5
BRDA:51,2,0,1
BRDA:51,2,1,0
BRDA:67,3,0,8
BRDA:67,3,1,6
BRDA:109,4,0,1
BRDA:109,4,1,5
BRF:10
BRH:8
end_of_record
TN:
SF:src/pages/WebLayout/WebLayout.tsx
FN:6,(anonymous_1)
FNF:1
FNH:1
FNDA:12,(anonymous_1)
DA:1,1
DA:2,1
DA:3,1
DA:4,1
DA:6,1
DA:7,12
DA:8,12
DA:9,12
DA:11,12
DA:12,12
DA:14,12
DA:33,1
LF:12
LH:12
BRDA:11,0,0,2
BRDA:11,0,1,10
BRDA:11,1,0,2
BRDA:11,1,1,8
BRF:4
BRH:4
end_of_record
TN:
SF:src/redux/ActionTypes/postsActionTypes.ts
FNF:0
FNH:0
DA:1,10
DA:2,10
DA:3,10
LF:3
LH:3
BRF:0
BRH:0
end_of_record
TN:
SF:src/redux/ActionTypes/userActionTypes.ts
FNF:0
FNH:0
DA:1,13
DA:2,13
DA:3,13
DA:4,13
DA:5,13
DA:6,13
DA:7,13
DA:8,13
DA:9,13
LF:9
LH:9
BRF:0
BRH:0
end_of_record
TN:
SF:src/redux/Actions/errorAction.ts
FN:3,(anonymous_0)
FNF:1
FNH:1
FNDA:3,(anonymous_0)
DA:1,10
DA:3,10
LF:2
LH:2
BRF:0
BRH:0
end_of_record
TN:
SF:src/redux/Actions/postsActions.ts
FN:47,(anonymous_0)
FN:48,(anonymous_1)
FN:57,(anonymous_2)
FNF:3
FNH:3
FNDA:2,(anonymous_0)
FNDA:2,(anonymous_1)
FNDA:1,(anonymous_2)
DA:2,2
DA:7,2
DA:46,2
DA:47,2
DA:48,2
DA:49,2
DA:51,2
DA:52,2
DA:53,2
DA:54,1
DA:56,1
DA:58,1
DA:59,1
DA:60,1
DA:68,1
DA:74,1
LF:16
LH:16
BRDA:47,0,0,0
BRDA:47,1,0,0
BRDA:76,2,0,1
BRDA:76,2,1,0
BRF:4
BRH:1
end_of_record
TN:
SF:src/redux/Actions/userActions.ts
FN:73,(anonymous_0)
FN:83,(anonymous_1)
FN:87,(anonymous_2)
FN:92,(anonymous_3)
FN:97,(anonymous_4)
FN:102,(anonymous_5)
FN:107,(anonymous_6)
FN:112,(anonymous_7)
FN:124,(anonymous_8)
FNF:9
FNH:9
FNDA:3,(anonymous_0)
FNDA:1,(anonymous_1)
FNDA:1,(anonymous_2)
FNDA:1,(anonymous_3)
FNDA:1,(anonymous_4)
FNDA:1,(anonymous_5)
FNDA:1,(anonymous_6)
FNDA:7,(anonymous_7)
FNDA:5,(anonymous_8)
DA:1,6
DA:73,6
DA:78,3
DA:83,6
DA:87,6
DA:92,6
DA:97,6
DA:102,6
DA:107,6
DA:112,6
DA:119,7
DA:124,6
DA:125,5
LF:13
LH:13
BRF:0
BRH:0
end_of_record
TN:
SF:src/redux/Reducers/errorReducer.ts
FN:7,errorReducer
FNF:1
FNH:1
FNDA:41,errorReducer
DA:1,7
DA:3,7
DA:7,7
DA:8,41
DA:10,3
DA:12,38
LF:6
LH:6
BRDA:7,0,0,26
BRDA:8,1,0,3
BRDA:8,1,1,38
BRF:3
BRH:3
end_of_record
TN:
SF:src/redux/Reducers/postsReducers.ts
FN:20,(anonymous_0)
FNF:1
FNH:1
FNDA:42,(anonymous_0)
DA:2,7
DA:14,7
DA:20,7
DA:24,42
DA:26,1
DA:29,1
DA:40,1
DA:43,39
LF:8
LH:8
BRDA:21,0,0,26
BRDA:24,1,0,1
BRDA:24,1,1,1
BRDA:24,1,2,1
BRDA:24,1,3,39
BRDA:33,2,0,1
BRDA:33,2,1,0
BRDA:33,3,0,1
BRDA:33,3,1,1
BRF:9
BRH:8
end_of_record
TN:
SF:src/redux/Reducers/userReducer.ts
FN:74,(anonymous_0)
FN:95,(anonymous_1)
FN:110,(anonymous_2)
FN:134,(anonymous_3)
FN:149,(anonymous_4)
FNF:5
FNH:5
FNDA:50,(anonymous_0)
FNDA:1,(anonymous_1)
FNDA:2,(anonymous_2)
FNDA:1,(anonymous_3)
FNDA:2,(anonymous_4)
DA:2,7
DA:54,7
DA:74,7
DA:78,50
DA:80,1
DA:89,1
DA:92,2
DA:93,2
DA:94,2
DA:95,1
DA:96,1
DA:99,1
DA:101,2
DA:107,0
DA:110,1
DA:111,2
DA:113,1
DA:120,1
DA:131,2
DA:132,2
DA:133,2
DA:134,1
DA:135,1
DA:138,1
DA:140,2
DA:146,0
DA:149,1
DA:150,2
DA:152,1
DA:158,1
DA:171,1
DA:177,39
LF:32
LH:30
BRDA:75,0,0,26
BRDA:78,1,0,1
BRDA:78,1,1,1
BRDA:78,1,2,2
BRDA:78,1,3,1
BRDA:78,1,4,1
BRDA:78,1,5,2
BRDA:78,1,6,1
BRDA:78,1,7,1
BRDA:78,1,8,1
BRDA:78,1,9,39
BRDA:92,2,0,2
BRDA:92,2,1,0
BRDA:94,3,0,1
BRDA:94,3,1,1
BRDA:131,4,0,2
BRDA:131,4,1,0
BRDA:133,5,0,1
BRDA:133,5,1,1
BRF:19
BRH:17
end_of_record
TN:
SF:src/redux/Store/store.ts
FNF:0
FNH:0
DA:1,6
DA:2,6
DA:3,6
DA:4,6
DA:5,6
DA:6,6
DA:7,6
DA:9,6
DA:10,6
DA:12,6
DA:18,6
DA:24,6
DA:26,6
DA:28,6
LF:14
LH:14
BRF:0
BRH:0
end_of_record
TN:
SF:src/services/apiCalls.ts
FN:3,(anonymous_1)
FN:7,(anonymous_2)
FN:11,(anonymous_3)
FN:15,(anonymous_4)
FN:19,(anonymous_5)
FN:23,(anonymous_6)
FN:27,(anonymous_7)
FN:31,(anonymous_8)
FN:35,(anonymous_9)
FNF:9
FNH:9
FNDA:1,(anonymous_1)
FNDA:1,(anonymous_2)
FNDA:1,(anonymous_3)
FNDA:1,(anonymous_4)
FNDA:1,(anonymous_5)
FNDA:1,(anonymous_6)
FNDA:1,(anonymous_7)
FNDA:1,(anonymous_8)
FNDA:1,(anonymous_9)
DA:1,5
DA:3,5
DA:4,1
DA:7,5
DA:8,1
DA:11,5
DA:12,1
DA:15,5
DA:16,1
DA:19,5
DA:20,1
DA:23,5
DA:24,1
DA:27,5
DA:28,1
DA:31,5
DA:32,1
DA:35,5
DA:36,1
LF:19
LH:19
BRDA:15,0,0,1
BRDA:15,1,0,1
BRF:2
BRH:2
end_of_record
TN:
SF:src/services/axiosInterceptor.ts
FN:10,(anonymous_1)
FN:11,(anonymous_2)
FNF:2
FNH:2
FNDA:10,(anonymous_1)
FNDA:1,(anonymous_2)
DA:1,6
DA:2,6
DA:3,6
DA:5,6
DA:9,6
DA:10,10
DA:12,1
DA:13,1
DA:17,6
LF:9
LH:9
BRF:0
BRH:0
end_of_record
